1 2 3 4 5 7 8 9 10 11 12 13 14 16 17 18 19 21 22 23 24 25 26 27 28 29 30 
1 2 3 4 5 6 7 8 9 11 14 16 17 19 20 21 22 23 24 25 26 27 28 
2 4 5 7 9 10 12 13 14 15 16 17 19 20 21 22 23 24 26 29 30 
1 2 3 4 5 6 7 8 9 10 11 12 13 14 15 16 17 18 19 20 21 22 23 24 25 26 27 28 29 30 
1 2 3 4 5 6 7 8 9 10 11 12 14 15 16 17 18 19 20 22 23 24 25 26 27 28 29 30 
1 2 4 5 6 7 8 9 10 11 13 15 16 17 18 19 20 21 22 23 24 25 26 27 28 29 30 
1 2 4 7 8 9 11 12 13 14 15 17 18 19 21 23 24 25 26 27 28 29 30 
1 2 3 4 6 7 8 10 11 12 13 14 15 17 18 19 20 21 22 23 24 25 26 27 28 29 30 
1 2 3 5 6 7 8 9 10 11 12 13 14 15 17 18 19 20 21 22 23 24 26 27 29 30 
1 2 4 5 8 10 12 13 14 15 17 22 23 24 25 26 27 28 30 
1 2 3 4 5 6 7 8 9 10 11 12 13 14 15 16 17 18 19 22 23 24 25 26 27 28 29 30 
1 2 4 5 6 7 9 10 12 13 14 15 16 17 18 19 20 21 23 24 25 26 27 28 29 
1 2 3 4 5 6 8 9 10 11 12 13 14 15 16 17 18 19 20 21 22 23 24 27 28 29 30 
1 3 5 6 7 8 9 10 11 12 13 14 15 16 17 18 19 20 21 22 23 24 25 26 27 28 29 30 
1 2 4 5 6 7 9 10 11 12 13 14 15 16 17 18 19 20 21 22 25 26 27 28 29 30 
1 2 3 4 5 6 8 9 10 11 12 13 14 15 16 17 18 19 20 21 22 23 24 25 26 27 28 29 30 
1 2 3 4 5 6 8 9 10 11 12 13 14 15 16 17 18 19 21 22 23 24 25 26 27 28 29 30 
1 2 3 4 5 6 7 8 9 10 11 12 13 14 15 16 17 18 19 20 21 22 23 24 25 26 27 28 29 30 
1 2 3 4 5 6 7 8 9 10 12 13 14 15 18 19 20 21 22 23 24 25 26 27 28 29 30 
2 3 4 5 7 8 9 10 11 12 13 14 15 16 17 18 19 20 22 23 24 26 27 28 29 30 
1 2 3 4 5 6 7 9 10 11 12 13 14 15 16 17 18 19 20 21 22 23 24 25 26 27 28 29 
2 3 4 5 6 7 10 12 13 14 15 17 18 19 20 22 24 25 27 28 29 30 
1 2 3 6 7 8 10 11 13 14 16 17 18 19 22 23 24 25 28 29 30 
1 2 3 4 5 6 7 8 9 10 11 12 13 14 16 17 18 19 20 21 23 24 25 26 27 28 29 30 
1 2 4 5 6 7 8 9 10 11 12 13 14 16 17 18 19 20 21 22 24 25 26 28 29 30 
2 3 4 5 6 8 9 10 11 12 14 16 18 19 20 21 22 23 25 26 27 28 29 
1 3 4 5 6 7 11 13 14 15 16 17 18 19 21 24 25 26 27 28 30 
1 2 3 4 5 6 7 8 9 10 11 12 13 14 15 16 17 18 19 20 21 22 23 24 25 26 27 28 29 30 
1 2 3 5 6 7 8 9 11 12 13 15 16 17 18 19 20 21 22 23 24 26 27 28 29 
1 2 3 4 5 6 7 8 9 10 11 12 13 14 15 16 17 18 20 21 22 23 24 25 26 27 28 29 30 
1 2 3 4 5 6 7 8 9 10 11 12 13 14 15 16 17 18 19 20 22 23 24 25 26 27 28 29 30 
1 2 3 4 5 6 7 8 9 10 11 12 14 15 16 17 18 19 20 21 22 23 24 25 26 27 28 29 
2 3 5 6 8 9 10 11 12 13 14 15 16 17 19 20 21 23 24 25 27 28 29 30 
1 2 4 5 6 7 8 9 10 11 12 13 15 16 17 18 19 20 21 22 23 25 26 28 29 30 
1 2 3 4 6 7 8 9 10 11 12 13 14 15 16 18 19 20 21 22 24 25 26 27 28 29 30 
1 2 4 5 6 7 8 9 10 12 14 15 16 17 18 21 23 24 25 27 28 29 
1 4 6 7 9 10 13 14 16 17 20 21 22 23 24 25 26 28 29 30 
1 2 3 4 5 6 7 11 13 14 15 16 17 18 19 23 25 28 30 
1 2 4 5 7 8 9 11 12 13 14 15 16 17 18 19 20 21 22 23 24 25 26 28 29 30 
1 2 3 4 5 6 7 8 9 10 11 13 14 15 16 17 18 19 20 21 22 23 24 25 26 27 28 29 
1 2 3 4 5 6 7 8 9 10 11 12 13 14 15 16 17 18 19 20 21 22 25 26 27 28 29 30 
1 2 3 4 5 6 7 8 9 11 12 13 14 15 16 17 18 19 20 21 22 23 24 25 26 27 28 29 30 
1 2 3 4 5 6 7 8 9 10 11 12 13 14 15 16 17 18 19 20 21 23 24 25 26 27 28 29 30 
1 3 4 5 6 7 8 9 11 12 13 15 16 17 18 19 20 21 22 23 24 25 26 27 28 29 30 
1 2 5 6 7 8 9 10 12 13 14 15 16 17 19 20 21 22 23 24 30 
1 2 3 5 6 7 8 9 10 11 12 13 14 15 16 17 18 19 20 21 22 23 24 25 26 27 28 29 30 
1 2 3 4 5 6 7 10 11 12 14 15 17 18 19 20 21 22 23 24 25 28 29 30 
1 3 4 6 7 8 9 10 11 12 14 15 16 17 18 19 21 22 23 25 26 27 29 
1 2 3 4 5 6 7 8 9 10 11 13 16 17 18 19 21 22 23 24 25 26 27 29 30 
1 2 3 4 6 7 8 9 10 11 12 14 16 17 18 19 20 21 22 23 24 25 26 27 29 30 
1 2 4 5 6 7 8 9 11 12 13 14 15 16 17 18 19 20 21 24 25 27 28 29 30 
1 2 3 4 5 6 7 8 10 11 12 13 15 16 17 18 19 20 21 22 23 24 25 26 28 29 30 
1 2 3 4 5 6 7 8 10 11 12 13 14 15 16 17 18 19 22 23 24 25 26 28 30 
1 2 3 4 5 6 7 8 9 10 11 12 13 14 15 16 17 18 19 20 21 22 23 25 26 27 28 29 30 
1 2 3 4 5 6 7 8 9 10 11 12 13 14 15 16 18 19 20 21 22 23 24 25 28 29 30 
2 3 5 6 7 9 10 11 12 13 14 15 16 17 18 19 20 21 22 23 24 25 26 27 28 29 30 
2 4 5 6 7 8 9 10 11 12 15 16 17 18 19 20 22 23 24 25 26 28 
1 2 3 4 5 6 7 8 9 10 11 12 13 14 15 16 17 18 19 20 21 22 23 24 25 26 27 28 29 30 
1 3 4 5 6 7 8 9 10 11 13 14 15 16 17 18 19 21 22 23 24 25 26 27 28 29 30 
1 3 4 5 6 7 9 10 11 14 15 16 17 18 19 22 23 24 26 27 28 29 30 
1 2 4 5 7 8 9 10 13 14 15 16 17 19 20 21 22 23 24 25 27 28 29 30 
1 3 4 5 6 7 8 9 10 11 12 13 14 15 16 18 19 20 21 22 23 24 25 26 27 28 30 
1 2 3 4 5 6 7 8 9 10 11 12 13 15 16 17 18 19 20 21 22 24 25 26 27 28 30 
2 3 4 5 6 7 8 9 10 11 14 16 17 19 20 21 22 23 24 26 27 28 30 
1 2 3 5 6 7 8 10 11 13 15 16 17 18 20 22 24 26 28 29 30 
1 2 3 4 5 6 7 8 10 11 12 13 14 16 17 18 19 20 21 22 23 24 25 27 28 29 30 
1 2 4 5 6 9 10 11 12 13 14 15 16 17 18 19 20 21 22 23 24 25 26 27 28 
1 3 4 5 6 7 8 9 10 11 12 13 14 15 16 18 19 20 21 22 23 24 25 26 27 28 29 30 
1 3 4 5 6 8 9 10 11 12 14 15 16 17 18 19 20 21 23 24 25 26 27 28 29 
2 3 4 5 6 8 9 10 11 12 13 14 15 16 17 19 20 21 22 24 26 27 28 30 
1 3 4 5 6 7 8 9 10 11 12 13 14 15 16 17 19 22 23 25 27 28 29 30 
1 2 3 5 6 7 8 9 10 11 12 13 14 15 16 17 18 20 21 22 23 24 25 26 27 28 29 30 
2 3 4 5 6 7 8 10 11 12 13 14 15 16 17 18 19 20 21 22 24 26 27 28 29 30 
1 2 3 5 6 8 9 12 13 14 15 16 17 18 19 20 21 22 23 24 25 26 27 28 29 30 
1 2 3 4 5 6 7 8 9 10 11 12 13 14 15 17 18 20 21 22 23 24 25 27 28 30 
2 4 5 6 7 8 9 10 11 12 13 14 15 16 18 19 20 21 22 23 24 25 26 27 28 29 30 
1 2 3 4 5 6 8 9 10 11 14 15 16 17 18 20 21 22 23 25 26 27 29 
2 3 4 5 7 8 9 12 13 15 16 18 19 20 21 22 23 24 25 26 27 28 29 
1 3 4 5 6 7 8 10 11 12 13 14 15 16 18 19 20 21 22 23 24 25 26 27 28 30 
1 2 3 4 6 7 8 9 10 12 13 16 17 19 20 21 23 24 25 27 28 29 
1 4 5 7 9 10 14 15 16 18 19 20 23 24 25 26 27 28 29 
1 2 3 4 5 6 7 8 9 10 11 12 13 15 16 17 18 19 20 21 22 23 25 26 27 28 29 30 
1 2 4 5 6 7 8 9 10 11 12 13 14 16 17 18 19 20 21 22 25 26 27 30 
1 3 4 5 6 7 9 10 11 15 17 18 20 21 24 25 26 28 29 30 
1 2 3 4 5 6 7 8 9 10 11 12 13 14 15 16 17 19 20 21 22 24 25 26 27 28 29 30 
6 7 8 9 12 13 14 16 17 18 20 21 22 23 24 25 26 28 
1 3 5 6 7 8 9 10 11 12 13 16 19 21 22 23 24 27 29 30 
1 2 3 4 5 6 7 8 9 10 11 12 13 14 15 17 18 19 20 23 24 25 26 27 28 29 30 
1 2 3 4 5 6 7 8 9 10 11 12 13 14 15 16 17 18 19 20 22 23 24 25 26 27 28 29 30 
2 3 5 6 9 10 11 12 13 15 16 17 18 19 20 21 22 23 25 26 27 28 29 30 
1 2 3 5 6 7 8 9 10 11 13 14 16 19 20 21 22 23 24 25 27 28 29 30 
1 2 4 5 6 7 8 9 10 12 13 14 15 16 17 18 19 20 21 22 24 25 26 28 29 
1 2 3 4 5 6 7 9 10 11 12 13 14 15 16 18 19 20 21 22 23 25 26 27 28 29 30 
1 2 3 4 5 6 7 9 10 11 12 13 14 15 16 18 19 20 21 23 24 25 26 29 30 
1 2 6 7 8 9 10 11 12 14 15 16 17 18 20 21 24 25 26 27 28 29 
1 2 3 4 5 6 7 8 10 11 12 13 14 15 16 17 18 19 20 21 23 24 25 26 27 28 
1 3 4 5 6 7 8 9 10 11 14 15 17 18 20 21 22 23 25 26 27 28 29 30 
1 5 6 7 8 9 10 11 12 13 14 15 16 17 18 19 20 21 22 23 24 25 26 27 29 
1 2 3 4 5 6 7 8 9 10 11 12 13 15 16 18 19 20 22 23 24 25 26 27 28 29 30 
1 2 3 4 5 6 7 8 9 10 11 12 13 14 16 17 18 19 20 21 22 23 24 25 26 27 28 29 30 
1 2 3 4 5 6 7 8 9 10 11 13 14 15 16 17 18 21 22 23 24 25 26 27 28 29 30 
1 2 3 4 5 6 7 9 10 11 12 13 14 15 17 18 19 20 21 22 23 24 26 27 28 29 30 
1 2 3 4 6 7 8 9 10 11 12 13 14 15 16 17 18 19 20 21 22 23 24 25 26 27 28 29 30 
1 4 5 6 7 8 9 10 11 12 14 15 16 17 18 20 21 22 23 24 25 26 27 28 30 
1 2 3 5 6 7 8 9 10 11 12 13 14 15 16 17 18 19 20 21 22 23 24 25 26 27 28 29 30 
1 2 3 4 5 6 7 8 9 11 12 13 14 16 17 19 20 21 22 23 24 25 28 29 
2 4 5 6 7 9 10 11 12 13 14 15 17 18 19 20 21 22 23 24 25 26 28 29 30 
1 2 3 4 5 6 7 8 9 10 12 13 14 15 16 17 18 19 20 21 22 23 24 25 26 27 28 29 30 
1 3 4 5 6 7 8 9 10 11 12 16 17 21 22 23 25 26 28 29 30 
1 2 3 4 5 6 7 8 9 10 11 12 13 14 16 17 18 19 20 21 22 23 24 25 26 27 28 29 
1 2 3 4 5 7 8 9 10 12 14 15 16 17 18 19 20 21 22 23 24 25 26 27 28 29 
1 2 3 4 5 6 7 8 9 10 11 12 13 14 15 16 17 18 19 20 21 22 23 24 25 26 27 29 30 
2 3 4 5 6 7 8 9 10 11 12 13 15 17 18 19 20 21 23 24 25 29 30 
2 4 5 6 7 8 11 12 13 14 15 17 18 19 21 22 23 24 25 26 27 28 
1 2 4 5 6 7 8 9 10 12 14 16 17 18 20 21 22 23 24 25 26 28 29 30 
1 2 3 4 5 6 7 8 9 10 11 12 13 14 15 16 17 18 19 20 21 23 24 25 26 27 28 29 30 
1 2 3 4 6 8 9 10 11 12 13 14 16 17 18 19 20 21 22 23 24 25 26 27 28 29 30 
1 2 3 4 5 6 7 8 9 10 11 12 13 14 15 16 17 19 20 21 22 24 25 26 28 29 30 
1 3 5 6 7 8 9 10 11 12 13 15 16 17 18 19 20 21 22 23 25 27 28 29 
1 2 3 4 5 6 7 8 9 10 11 12 13 14 15 16 17 18 19 20 21 22 23 24 25 26 27 28 29 30 
1 4 6 8 9 10 11 12 13 14 15 17 18 19 20 21 22 24 25 26 28 29 30 
1 3 4 5 7 8 9 10 12 13 14 15 16 17 20 22 23 24 25 26 27 28 30 
1 3 4 5 6 7 8 9 11 13 14 15 16 18 19 20 21 23 24 25 26 27 29 30 
1 2 3 4 5 7 8 9 10 11 12 14 16 17 18 19 20 21 24 25 26 27 28 30 
1 2 3 4 5 6 8 9 10 11 13 14 15 16 17 18 19 20 21 22 23 24 26 27 29 30 
1 2 3 4 5 6 7 8 9 11 12 14 15 16 18 20 21 22 23 24 25 30 
1 2 3 4 5 7 8 9 10 11 12 13 14 15 16 17 18 19 21 22 23 24 26 27 28 29 
1 2 3 4 5 6 7 8 9 10 11 12 13 14 15 16 17 19 20 21 22 23 24 26 27 28 29 30 
1 2 3 4 6 7 8 9 10 12 13 14 15 16 17 19 20 21 22 23 24 25 26 27 29 30 
1 2 4 5 6 7 9 10 11 12 13 15 16 17 18 19 21 22 23 24 25 26 27 28 29 30 
1 2 3 4 5 6 8 9 10 11 14 15 16 17 18 19 20 21 22 23 24 25 26 27 28 29 30 
1 2 3 4 5 6 7 8 9 10 11 12 14 15 16 18 19 20 21 22 23 24 26 27 28 29 30 
1 2 3 4 5 7 8 9 10 11 12 13 15 16 17 18 19 20 21 23 24 25 26 27 28 29 30 
1 2 3 4 6 7 8 14 15 16 17 19 20 21 22 23 25 27 28 29 30 
2 3 4 6 7 8 9 10 11 12 14 15 16 17 18 19 20 21 22 23 24 25 26 27 28 30 
1 3 4 5 7 9 12 13 14 15 18 19 20 21 22 23 24 26 27 28 29 
1 2 3 4 5 6 7 8 9 10 11 13 14 15 16 17 18 19 20 21 22 23 24 25 26 28 29 30 
1 2 3 4 5 6 8 9 10 11 12 13 14 16 17 18 19 20 21 22 23 24 25 26 27 28 29 30 
1 2 4 5 6 7 8 9 11 12 13 15 16 17 18 19 21 22 23 24 25 28 29 30 
1 2 3 5 6 8 9 10 11 12 13 14 16 17 18 19 20 21 22 23 24 25 26 28 29 30 
1 3 5 6 7 8 9 10 12 13 15 17 18 19 20 21 23 24 25 26 27 28 29 30 
1 2 3 4 5 6 7 8 9 10 11 12 13 14 15 16 17 18 20 21 22 23 25 26 28 29 30 
1 2 3 4 10 15 16 17 18 19 21 24 25 26 27 28 30 
1 2 3 5 6 7 8 9 11 12 13 14 15 17 19 22 23 24 25 28 29 30 
1 2 5 6 7 9 10 11 13 14 15 16 19 22 23 24 25 28 29 
1 2 3 4 6 7 10 12 13 15 18 21 23 24 25 26 27 28 29 30 
6 8 10 12 14 15 18 19 20 23 25 26 27 28 29 
1 2 3 4 5 6 7 8 9 10 11 12 13 14 15 16 17 18 19 20 21 22 23 24 25 26 27 28 29 30 
1 2 3 4 5 6 7 8 9 10 11 12 13 14 15 16 17 18 19 21 22 23 24 25 26 27 28 29 30 
1 2 3 4 5 7 8 9 10 11 12 13 15 17 18 20 21 22 23 24 26 27 29 30 
1 2 5 6 7 9 10 11 12 13 14 15 16 17 18 19 20 21 22 23 24 25 26 27 28 29 30 
1 2 3 4 5 6 7 8 9 10 11 13 14 15 16 18 19 20 21 22 23 24 26 27 28 29 30 
1 2 3 5 6 7 8 9 10 11 12 13 14 15 16 17 18 19 21 22 23 24 25 26 27 28 29 30 
1 3 4 5 6 7 8 9 10 12 13 14 15 16 17 18 19 20 21 22 23 24 25 27 28 29 30 
1 2 3 4 5 6 7 9 10 11 12 13 14 15 16 17 18 19 20 22 23 25 26 27 28 29 30 
1 2 3 4 5 6 7 8 9 10 11 12 13 14 15 16 17 18 21 23 24 25 26 27 28 29 
1 2 3 4 5 6 7 9 10 12 13 15 16 17 18 19 20 21 22 23 25 26 27 28 29 30 
1 2 3 4 5 6 7 8 9 10 11 12 13 14 15 16 17 18 19 20 21 22 23 24 25 27 28 29 30 
1 3 4 6 7 8 9 11 12 13 14 15 16 17 18 19 20 21 22 23 24 25 26 27 28 29 30 
1 2 3 5 6 8 9 10 11 12 13 15 16 17 18 19 20 22 24 26 28 29 30 
1 2 3 4 6 8 9 13 14 16 17 19 20 22 25 26 27 28 29 30 
2 3 4 5 6 7 8 9 10 11 12 13 14 15 16 17 18 19 20 21 22 23 24 25 26 27 28 30 
1 2 3 5 6 7 8 9 10 11 12 13 14 15 16 17 18 19 20 21 23 24 25 26 27 28 29 30 
1 2 3 4 5 6 7 8 9 10 12 13 14 15 16 17 18 19 21 24 25 26 27 28 
1 4 6 7 8 9 10 11 13 14 15 16 17 18 19 20 21 22 23 24 25 26 27 29 30 
1 3 4 5 6 7 8 9 10 12 14 15 16 17 18 19 20 21 22 23 24 25 26 27 28 29 30 
1 2 3 4 5 6 7 8 9 10 12 13 14 15 16 17 18 19 20 21 22 23 24 26 27 28 30 
1 2 4 8 10 11 12 13 14 15 16 17 18 19 20 21 22 23 24 25 26 27 28 
1 2 3 4 5 6 7 8 9 10 11 12 15 16 17 18 20 21 22 23 24 25 26 27 28 29 30 
1 2 3 4 6 7 9 10 13 14 15 18 21 23 24 26 27 28 29 30 
1 2 3 4 6 7 8 9 10 11 12 13 14 15 16 17 18 20 22 23 24 25 26 27 28 29 30 
2 4 5 8 9 10 11 13 14 15 16 18 21 22 23 24 25 26 27 28 29 30 
1 2 3 5 6 7 9 11 12 13 14 15 16 17 19 20 21 22 23 24 25 26 27 28 29 30 
1 2 3 4 6 7 8 9 10 11 12 13 14 15 16 17 18 19 20 21 22 23 24 25 27 28 29 30 
1 3 4 5 6 7 8 10 11 12 13 14 15 16 17 19 20 21 23 24 26 27 28 29 30 
1 2 3 5 6 7 9 10 11 12 13 14 16 17 18 20 21 22 23 24 25 26 27 28 29 30 
1 3 4 6 7 8 9 10 11 12 13 14 15 16 17 19 21 22 23 24 25 26 27 28 29 30 
1 2 3 4 5 6 7 8 9 10 11 12 13 14 15 16 17 18 19 20 21 23 24 25 26 27 28 29 
1 2 3 4 5 6 8 10 11 12 15 16 17 18 19 20 23 24 25 26 27 28 29 30 
1 2 3 4 5 6 9 10 11 12 13 14 15 16 17 19 20 21 22 23 24 25 26 27 28 29 30 
1 2 3 4 5 6 7 9 10 11 13 14 15 16 18 19 20 21 22 23 24 25 26 27 28 29 30 
1 2 3 4 5 7 8 9 10 11 12 13 14 15 16 17 18 19 20 21 22 23 24 25 27 28 29 30 
1 2 4 8 10 13 14 15 19 20 21 22 28 30 
2 6 7 10 12 13 14 15 16 17 19 21 22 23 24 25 26 27 28 29 30 
1 2 3 4 5 6 7 8 9 11 12 14 15 16 17 18 20 21 22 23 24 25 26 27 30 
1 2 3 4 5 6 7 8 9 10 11 12 13 15 17 18 19 20 21 22 23 24 25 26 27 28 29 30 
1 3 4 6 7 8 9 10 11 12 13 14 15 16 17 18 19 20 21 22 23 24 25 26 28 29 30 
1 2 3 4 5 6 7 8 9 10 11 12 13 14 15 16 17 18 19 20 21 22 24 25 26 28 29 30 
1 2 4 5 6 7 8 9 10 11 12 14 15 16 17 18 19 20 21 22 23 24 25 26 27 28 29 30 
1 2 3 5 6 7 8 10 11 12 13 14 15 16 17 19 20 21 22 24 25 26 27 28 29 30 
2 3 4 5 6 7 8 9 10 12 13 14 15 16 17 18 19 20 21 22 23 24 25 26 27 28 29 
1 2 5 6 7 10 11 12 13 14 15 16 18 20 21 22 23 24 25 26 27 28 29 30 
2 3 5 6 7 8 9 12 13 14 15 16 18 19 20 22 23 24 25 26 27 28 29 
1 2 3 4 5 6 7 9 10 12 13 14 15 16 17 19 20 21 22 23 24 27 28 29 
1 2 3 4 6 7 8 9 10 11 12 13 14 15 16 17 18 19 20 22 24 25 26 27 28 29 30 
1 2 3 5 6 7 9 11 12 13 14 15 17 18 19 20 21 23 24 25 26 27 28 29 30 
1 2 3 4 5 6 7 8 9 10 11 12 14 16 18 19 20 21 22 23 24 25 26 27 28 29 30 
1 2 5 6 8 11 12 13 14 15 16 17 18 19 21 22 23 24 25 26 27 28 29 30 
16 9 11 27 12 30 
3 4 5 7 8 9 10 11 12 15 19 22 23 26 28 
3 4 5 6 7 8 11 12 15 17 19 25 27 28 
5 22 25 26 11 12 30 
17 19 21 5 6 23 9 26 29 14 15 
16 6 8 24 11 
17 1 4 21 22 24 29 13 30 15 
1 4 5 7 10 12 13 15 16 17 18 19 21 22 23 24 25 27 29 30 
1 2 3 4 5 6 7 8 9 10 11 12 13 14 15 17 18 19 20 22 23 24 25 26 27 28 29 30 
1 3 4 5 7 8 9 10 11 12 13 14 15 16 17 18 19 21 22 23 24 25 26 27 29 30 
1 2 3 4 5 6 7 8 9 10 11 12 13 14 15 16 17 18 19 20 21 22 23 24 25 26 27 28 29 30 
1 2 3 4 6 8 9 10 11 12 15 16 17 18 20 21 22 23 24 25 26 30 
2 3 4 5 6 9 10 12 13 14 15 16 17 18 19 20 21 22 23 24 25 26 27 28 29 30 
1 2 3 4 5 7 8 9 10 11 12 13 14 15 17 18 19 21 22 23 24 25 26 27 28 29 30 
1 2 4 5 6 9 10 11 12 13 14 15 16 17 18 19 20 21 22 23 24 25 26 27 30 
1 2 3 4 5 6 7 8 9 10 11 12 13 14 15 16 17 18 19 20 21 22 23 24 25 26 28 29 30 
2 3 4 5 6 7 8 9 10 11 12 14 15 16 17 18 19 20 21 22 24 25 26 28 29 30 
2 3 5 7 10 13 15 19 21 22 23 24 27 28 29 
1 2 3 5 7 8 12 13 14 16 17 18 19 20 23 24 25 26 27 28 29 30 
1 2 3 4 7 9 11 14 15 16 17 18 20 21 22 23 24 26 27 
3 4 5 6 10 11 12 13 14 16 18 19 20 21 22 23 24 25 27 30 
1 2 3 4 5 6 8 9 10 11 12 13 14 15 18 19 20 21 22 23 24 25 26 27 28 30 
1 2 3 4 6 7 8 9 10 11 12 13 14 15 16 17 19 20 22 23 24 26 27 28 29 
2 3 4 5 6 7 8 9 10 11 13 14 15 16 17 18 19 20 21 22 23 24 25 26 27 28 29 30 
1 2 3 4 7 8 12 13 14 16 18 19 20 21 24 27 30 
1 2 3 4 5 6 9 11 12 13 14 15 16 17 18 21 22 23 24 26 27 28 30 
1 2 3 4 6 7 8 9 10 11 12 13 14 15 16 17 18 19 20 21 22 23 24 25 27 28 30 
1 2 3 4 5 6 7 8 9 10 11 12 13 14 16 17 18 19 20 21 22 23 24 25 26 27 29 30 
1 2 3 4 5 6 8 10 11 12 13 14 15 16 19 20 21 22 23 24 25 26 27 
1 2 3 6 7 8 10 11 12 13 14 15 16 17 18 19 20 21 22 23 24 25 26 27 28 29 30 
1 2 4 5 6 7 10 11 12 14 15 16 17 19 20 21 22 24 26 28 29 30 
1 2 3 4 5 6 8 9 10 11 12 13 14 15 16 17 18 19 20 21 22 23 24 26 27 28 29 
1 2 3 4 7 8 9 10 11 12 13 14 15 16 18 19 20 21 22 23 24 25 26 27 28 30 
1 3 4 5 6 7 8 9 10 11 12 13 14 15 16 17 18 20 21 22 23 24 25 27 28 30 
1 2 3 4 5 6 7 8 9 10 11 12 13 14 15 16 17 18 19 20 21 22 23 24 26 28 29 30 
1 2 3 4 5 6 7 8 9 10 11 12 13 14 15 16 17 18 19 20 21 22 23 24 25 26 27 28 29 30 
5 7 24 25 10 11 12 
1 2 3 4 5 7 8 9 10 11 12 13 14 15 16 18 19 20 21 22 23 24 25 26 27 28 29 30 
1 2 3 4 5 6 7 8 9 10 11 12 13 14 15 16 17 18 19 20 21 23 24 25 26 27 28 29 30 
1 2 3 4 6 8 9 11 12 13 14 15 16 17 18 19 20 21 22 23 24 25 26 27 28 30 
2 3 4 5 6 7 8 10 11 12 13 14 15 16 17 18 19 20 21 22 23 24 25 26 27 28 29 30 
1 2 3 4 5 6 7 10 11 12 13 14 15 16 17 18 19 20 21 22 23 24 25 26 27 28 29 30 
1 2 3 4 5 6 7 8 9 10 11 12 13 15 16 17 18 19 20 21 22 23 24 25 26 28 30 
2 3 4 7 8 9 10 11 12 13 14 15 16 17 18 19 20 21 22 23 24 25 26 27 28 29 30 
1 2 4 5 6 7 9 10 11 12 13 14 15 16 17 18 19 20 22 23 25 26 27 29 30 
1 2 3 4 5 6 7 8 9 10 11 12 13 14 15 16 18 19 20 21 22 23 24 25 26 27 28 29 30 
1 2 3 4 5 7 8 10 11 12 13 14 15 16 17 18 19 20 21 22 24 25 26 27 28 29 30 
1 2 3 4 5 6 7 8 10 11 12 13 14 15 16 17 18 19 20 21 22 23 24 25 27 28 29 30 
1 2 3 4 7 8 9 10 11 12 13 14 15 16 17 18 19 20 21 22 23 24 25 26 27 28 29 30 
1 2 3 4 5 6 7 8 11 12 13 14 16 17 19 20 21 22 23 24 25 26 27 28 29 
1 2 3 4 6 7 8 9 10 11 12 14 15 17 18 19 20 21 22 23 25 26 27 28 29 30 
1 3 4 6 7 8 9 10 11 12 13 14 16 17 18 19 20 23 24 25 26 28 29 30 
1 3 5 7 9 13 14 16 18 19 20 21 22 23 24 25 26 27 28 29 30 
1 2 3 4 5 6 7 8 9 10 12 13 14 15 16 17 18 19 20 21 22 23 24 26 27 28 29 30 
1 18 20 22 6 7 8 25 26 11 14 15 
1 3 4 5 7 8 9 11 13 14 18 20 21 22 24 25 26 27 28 30 
1 2 3 4 5 9 10 12 13 14 15 16 17 18 19 20 21 22 23 25 27 28 29 30 
1 2 3 4 5 6 7 8 9 11 13 14 15 16 17 18 20 21 22 23 24 25 26 27 29 30 
1 2 3 5 6 7 8 9 10 11 12 13 14 15 18 19 20 21 22 24 25 26 27 29 30 
1 2 4 5 9 10 11 12 15 17 19 22 23 24 26 27 28 30 
5 7 9 10 11 12 13 14 15 17 18 21 24 28 
1 2 3 4 5 8 9 10 11 12 13 15 16 17 18 19 20 21 22 23 24 25 26 27 28 29 30 
1 2 4 5 6 7 8 10 12 15 17 18 19 20 21 22 23 25 26 27 28 29 30 
1 2 5 7 8 9 11 12 13 14 15 16 17 18 19 21 22 23 26 28 29 
2 3 4 5 6 7 8 9 10 11 12 13 14 15 16 17 18 19 20 21 22 24 26 27 28 30 
1 2 3 4 5 6 7 8 9 10 11 12 13 14 15 16 18 19 20 21 22 23 24 25 26 27 28 29 30 
1 2 3 4 5 6 7 8 10 12 13 14 15 16 17 18 19 20 21 22 23 24 25 26 27 29 30 
1 2 3 4 5 6 7 9 11 13 14 15 16 17 18 20 21 22 24 25 26 27 28 29 30 
1 3 4 5 7 9 11 14 16 19 22 25 26 27 29 
1 2 3 4 5 6 7 8 9 10 11 12 13 14 15 16 17 18 19 20 22 23 24 25 26 27 28 29 30 
1 2 3 4 5 6 7 8 9 10 11 12 13 14 15 16 17 18 19 22 23 25 26 27 28 30 
1 2 4 5 7 8 9 10 11 12 14 15 16 17 18 19 20 21 22 25 26 27 28 29 
1 2 4 5 7 8 10 13 14 15 17 19 23 27 29 30 
4 5 8 10 11 14 17 19 21 22 23 27 28 30 
16 2 4 20 21 6 23 24 27 12 13 
17 7 9 15 
1 2 3 5 6 8 9 10 11 12 13 15 16 17 18 19 20 21 25 26 27 28 29 
1 2 3 6 9 10 11 13 14 16 18 20 21 23 24 25 26 28 30 
20 5 22 7 24 8 11 13 
17 3 20 4 21 7 9 25 27 14 30 
1 2 4 6 7 8 11 12 14 15 17 18 19 23 24 26 27 28 29 
1 2 3 4 5 7 8 9 11 12 14 15 16 17 18 19 21 22 23 24 25 26 27 28 29 30 
1 2 3 4 5 6 7 8 10 11 12 13 14 16 19 20 22 23 24 25 26 27 28 30 
3 4 5 6 7 8 9 10 11 14 15 16 17 18 19 20 21 22 23 24 25 27 28 29 
1 2 3 5 6 7 8 9 10 11 12 13 14 15 16 17 18 19 21 22 23 24 25 26 27 28 29 30 
2 3 4 5 7 8 9 10 11 14 16 17 18 19 20 22 23 26 27 28 29 30 
1 2 3 4 5 6 7 8 9 10 11 12 13 14 16 18 19 20 21 22 23 24 25 26 27 28 29 30 
1 2 3 4 5 6 7 8 9 10 11 12 13 14 15 16 17 18 19 20 21 22 23 24 25 27 28 29 30 
1 2 3 5 6 7 8 9 10 11 12 13 15 16 17 18 19 20 22 23 24 25 26 27 28 29 30 
1 2 4 8 11 15 18 20 21 24 26 27 28 30 
19 26 
17 2 3 20 5 10 
17 19 23 24 26 28 12 30 
1 17 2 20 6 24 25 28 29 30 
2 3 4 6 7 9 11 16 20 21 23 28 29 
16 18 2 5 
1 2 3 4 5 6 7 8 9 10 11 12 13 14 16 17 18 19 20 21 22 23 24 25 26 27 28 29 30 
1 2 3 4 5 7 8 9 10 11 12 14 15 16 17 19 20 21 23 24 25 27 28 29 30 
1 2 3 4 5 6 7 8 9 10 11 12 13 14 15 16 17 18 19 20 22 24 25 26 27 28 29 
1 2 3 4 5 6 8 9 10 11 13 14 16 17 18 19 20 22 23 24 25 26 27 28 29 30 
1 2 3 4 5 6 7 8 9 10 11 12 13 14 15 16 17 18 19 20 21 22 23 24 25 26 27 28 29 30 
2 3 5 6 7 8 10 11 13 14 15 16 17 18 19 20 21 22 24 25 26 27 28 29 30 
1 2 3 4 6 7 8 9 10 11 12 14 15 16 17 18 19 20 21 22 23 24 25 26 27 28 29 30 
1 2 3 4 5 6 7 8 9 10 11 12 13 14 15 16 17 18 19 20 22 23 24 25 26 27 29 30 
1 4 5 6 8 9 10 11 12 13 14 15 16 18 20 21 22 25 26 28 29 
3 4 5 6 7 8 9 11 12 13 14 15 17 18 19 20 21 22 23 24 25 26 27 28 29 
1 2 4 5 8 9 10 12 13 14 15 16 17 18 19 20 21 24 25 27 28 29 30 
1 4 5 6 7 8 9 10 11 12 14 15 16 17 18 20 21 22 24 25 26 27 29 
1 2 3 4 5 6 7 8 9 10 11 12 14 15 16 17 18 19 20 21 22 23 24 25 26 27 28 29 
1 2 4 5 6 7 8 9 10 11 13 14 15 16 17 18 19 20 21 22 23 24 26 27 28 29 30 
1 2 3 6 7 8 9 10 11 12 13 14 15 16 17 18 19 20 21 22 24 25 26 28 29 30 
2 3 4 5 6 8 9 10 11 12 14 15 16 17 20 21 22 23 24 25 26 27 28 29 30 
1 3 4 5 6 7 8 10 11 12 13 14 15 16 17 18 19 20 21 22 23 24 25 26 27 28 29 
4 5 21 22 26 12 
2 3 4 5 6 7 8 9 12 14 15 16 20 21 22 23 24 28 30 
1 2 3 4 5 7 9 12 13 15 18 21 22 23 24 25 28 30 
2 3 21 7 25 28 29 
1 3 5 6 7 9 10 12 13 15 17 19 20 21 22 28 
1 3 4 7 24 26 10 11 28 13 15 
1 3 4 5 6 7 8 9 10 12 15 16 17 19 22 23 24 25 27 28 29 
22 9 10 12 13 
1 3 4 5 6 7 8 10 11 12 13 14 15 17 18 20 21 23 25 26 29 30 
2 3 6 9 10 11 12 13 16 18 20 22 23 25 26 27 28 30 
1 2 3 4 5 6 7 9 10 11 12 13 14 15 16 17 19 20 22 23 24 25 26 27 28 29 30 
1 3 4 5 6 7 8 9 11 12 16 18 20 21 22 23 25 27 28 29 
1 2 3 4 5 6 7 8 9 10 11 12 13 14 15 16 17 18 19 20 21 22 23 24 25 26 27 28 29 
1 2 3 4 5 7 8 9 10 11 12 13 14 15 16 17 18 19 20 21 22 23 24 25 26 27 28 29 30 
2 3 4 5 7 8 9 10 11 13 14 15 16 17 18 19 20 21 22 23 24 25 26 27 28 29 30 
1 2 3 5 6 8 10 11 12 14 15 16 17 18 19 20 21 23 24 25 26 27 28 29 
1 2 3 4 5 6 8 9 11 12 13 14 15 18 19 20 22 23 24 25 26 27 28 29 
1 2 3 4 5 7 8 9 10 11 12 13 14 15 17 18 19 20 21 22 23 24 25 26 27 28 29 30 
1 2 4 5 6 7 9 10 11 12 14 15 16 17 18 19 20 22 23 24 25 26 27 28 30 
1 2 3 4 5 6 7 8 11 12 13 14 15 16 17 21 23 24 25 26 28 30 
3 4 5 6 7 9 10 11 13 14 15 17 18 19 20 21 23 25 26 27 28 29 30 
2 4 5 6 7 8 9 10 12 13 16 17 18 19 21 22 23 24 27 28 29 30 
1 2 3 4 6 7 8 9 10 11 12 13 15 16 17 18 19 20 22 25 26 27 28 29 30 
1 2 3 4 5 6 7 8 9 10 11 12 13 14 15 16 17 19 20 21 22 23 24 25 26 27 29 30 
1 2 3 4 5 6 7 8 9 11 12 13 14 15 16 17 18 19 20 21 22 23 24 26 27 28 29 30 
2 3 4 5 6 7 9 11 13 14 15 16 17 18 19 21 22 24 26 27 28 29 
2 4 6 8 9 10 12 13 14 15 16 17 18 20 22 24 25 26 27 28 29 30 
1 2 4 5 8 9 11 12 13 15 16 18 19 20 22 23 25 27 28 29 
1 2 3 4 5 6 7 8 9 10 11 12 13 14 15 17 18 19 20 21 22 23 24 25 26 27 28 29 30 
1 2 3 4 5 6 7 8 9 10 11 13 14 15 17 18 19 20 22 23 24 25 26 27 28 29 30 
2 3 4 5 6 7 8 9 11 12 14 15 16 17 18 19 20 21 22 23 25 26 27 28 29 30 
1 2 3 4 5 6 7 8 9 10 11 12 13 14 15 16 17 19 20 21 22 23 24 25 26 27 28 29 30 
1 2 3 4 5 6 7 8 9 10 11 12 13 14 15 16 17 18 19 20 21 22 23 24 25 26 27 28 29 30 
1 2 4 5 7 8 9 10 12 13 14 15 16 18 19 20 21 22 23 24 25 26 27 28 29 30 
1 2 4 5 6 7 8 9 10 11 12 13 15 16 17 18 19 20 21 22 23 24 25 27 28 29 30 
1 2 3 4 5 6 7 8 10 11 12 13 14 15 16 18 19 20 21 23 24 25 27 29 
1 3 4 5 6 9 11 13 14 15 16 18 19 20 21 22 25 26 27 28 29 30 
1 2 4 5 8 9 10 11 12 13 15 16 17 18 19 21 23 24 25 26 27 28 30 
1 2 3 4 5 6 7 8 9 10 11 12 14 15 16 17 19 20 21 22 23 24 25 26 27 28 29 30 
2 3 4 5 6 7 8 9 10 11 12 13 14 18 19 20 21 22 23 25 26 27 28 29 30 
16 17 19 4 5 21 23 25 9 12 13 30 
19 3 5 22 8 25 12 29 
18 25 
1 4 6 25 26 10 29 
1 5 6 7 9 11 14 19 22 23 24 28 29 
5 25 11 14 
2 19 3 10 28 30 15 
1 2 3 4 21 22 23 9 26 11 13 30 
9 
17 19 6 8 25 26 11 12 
1 18 25 10 
19 3 5 9 28 30 14 15 
18 7 23 9 11 30 
17 2 21 7 26 29 14 15 
2 19 7 27 14 15 
7 
2 5 26 
16 18 20 5 7 8 10 27 28 30 15 
5 
17 18 3 19 4 21 5 23 
16 6 
3 20 8 28 12 
17 
2 5 9 10 12 14 19 20 22 23 24 25 26 29 30 
16 17 3 6 24 14 
1 3 8 11 12 13 16 20 21 24 25 26 27 28 30 
18 2 3 21 24 26 11 27 12 28 13 30 
2 4 5 6 7 8 9 10 11 12 14 15 16 17 18 19 22 23 24 25 28 
1 4 5 6 8 9 10 12 13 14 15 16 18 19 20 21 22 25 26 30 
1 3 4 5 6 7 8 9 11 12 13 14 18 19 20 21 22 23 24 25 26 27 28 
1 2 3 4 5 6 8 9 10 11 12 14 15 16 17 18 19 21 22 23 24 25 26 27 29 
9 28 12 13 
17 25 9 10 27 
18 19 21 24 11 14 
17 19 3 5 7 27 12 13 29 15 
16 17 18 21 23 8 24 25 26 12 28 29 
17 3 19 22 8 9 25 26 11 12 
17 1 3 21 25 11 27 29 30 
19 4 8 
1 2 3 4 5 7 8 9 10 11 12 13 14 15 16 18 19 20 21 22 23 24 25 26 27 28 29 30 
1 2 3 4 5 6 7 8 9 10 11 12 13 14 15 17 18 19 20 21 22 23 24 25 26 27 28 29 
2 3 4 5 7 8 9 11 12 14 15 16 18 19 21 22 23 24 25 26 27 28 29 30 
2 3 7 8 9 10 12 13 15 17 18 19 20 21 22 23 24 25 26 27 28 29 30 
1 2 4 6 7 8 9 10 11 12 13 14 15 18 19 20 21 22 23 24 26 27 28 30 
1 2 3 4 5 6 7 8 9 10 11 12 14 15 17 19 20 21 23 24 25 26 28 29 30 
1 2 3 4 6 8 9 10 11 12 13 15 17 18 19 20 21 22 23 24 25 26 28 30 
1 2 3 4 5 6 7 8 9 10 11 13 14 15 16 17 18 19 21 22 23 24 25 26 27 28 29 
16 3 20 21 5 25 28 30 
2 19 4 21 5 22 7 9 25 12 29 
6 7 8 10 12 14 17 20 22 23 24 25 27 
1 2 3 4 6 7 9 11 13 14 20 21 26 28 30 
2 3 5 6 8 12 13 16 18 19 20 24 30 
19 5 23 8 24 27 15 
20 24 11 27 13 15 
3 24 25 10 11 14 
1 2 3 4 5 6 7 8 9 12 13 14 15 16 17 18 19 20 21 22 23 24 25 26 27 28 29 30 
2 3 4 5 7 8 9 10 11 12 13 14 15 16 17 18 20 21 22 24 25 26 27 28 29 
1 2 3 4 6 7 8 9 10 11 12 13 14 17 19 20 22 23 24 26 27 28 29 30 
1 2 3 4 5 6 7 8 9 10 12 13 14 15 16 17 18 19 20 21 22 23 24 25 26 27 28 30 
1 2 4 5 6 7 8 9 11 12 13 14 15 16 17 18 19 20 21 23 24 27 28 29 30 
1 3 4 5 7 8 10 11 12 13 14 15 16 17 18 19 20 21 23 24 25 26 27 29 30 
1 2 3 5 6 7 8 9 11 12 13 14 15 17 18 19 20 21 22 23 24 25 26 27 28 29 30 
2 3 4 6 7 8 9 10 11 12 13 14 15 18 19 20 21 22 24 25 26 27 28 29 30 
24 
2 3 5 8 10 11 15 16 19 20 21 23 24 25 27 
4 20 9 26 10 28 13 15 
17 5 21 22 7 9 29 13 14 15 
5 
1 18 5 22 28 12 
24 25 9 14 15 
1 23 9 11 13 29 
2 3 20 21 8 25 10 28 12 29 14 15 
16 17 19 20 21 22 7 25 10 11 28 29 
2 20 9 26 27 28 13 
1 4 5 6 9 12 14 15 17 19 24 27 29 30 
19 5 
16 3 20 5 21 24 26 15 
2 5 6 7 9 13 14 18 19 21 24 26 28 30 
5 7 24 9 25 
1 2 3 8 11 12 13 14 17 21 22 23 25 
1 3 4 5 6 7 8 11 12 13 14 15 16 17 18 19 21 23 25 26 27 30 
2 3 4 5 6 7 8 9 10 11 12 13 15 16 17 18 19 21 22 23 24 25 26 27 28 29 30 
1 2 3 4 5 6 8 9 10 11 12 13 14 15 16 17 18 19 20 21 22 23 24 25 26 27 28 29 30 
1 3 5 6 7 8 9 11 12 14 15 16 17 18 19 20 21 24 25 26 27 28 29 30 
1 2 3 5 6 8 9 10 11 12 13 14 15 16 17 18 19 21 22 23 24 25 26 27 28 29 30 
1 5 6 7 9 11 12 13 14 15 16 17 19 21 23 24 25 26 27 28 30 
1 2 3 4 5 6 7 8 9 11 12 13 14 15 16 17 18 19 20 21 22 23 24 25 26 27 28 29 
2 3 4 6 8 9 11 12 13 15 16 18 19 20 21 22 23 25 26 28 29 30 
2 3 4 5 7 8 9 10 12 13 14 16 17 18 19 21 22 23 24 25 26 27 28 29 30 
1 2 3 4 5 6 7 8 9 10 12 13 14 15 16 17 18 19 20 21 22 23 24 25 26 27 29 30 
1 3 4 5 6 7 8 10 12 13 14 15 16 17 18 19 20 22 23 24 25 28 29 30 
1 2 3 4 6 7 8 9 10 11 12 13 16 17 18 19 20 21 22 23 24 25 26 27 28 29 30 
2 3 4 5 6 7 8 9 10 11 12 13 14 15 16 17 18 19 21 22 23 24 25 26 27 28 29 30 
18 19 21 5 6 23 7 8 25 13 14 
17 18 8 10 11 28 14 
2 18 3 6 27 30 15 
16 5 9 27 28 29 14 30 15 
2 5 6 9 10 11 12 16 17 21 23 27 28 
5 6 7 10 11 13 16 17 18 21 26 28 29 
19 4 21 22 23 24 8 25 12 
1 2 4 5 6 11 12 13 17 18 20 26 27 28 30 
17 1 19 20 21 5 23 8 9 12 28 13 
16 18 20 5 22 7 8 11 29 30 
19 25 10 29 
17 1 2 4 21 5 24 26 13 
2 4 23 8 29 15 
16 23 25 26 29 
1 18 26 11 14 
16 17 1 2 23 9 27 11 28 12 29 
19 20 4 22 23 7 12 29 14 30 
3 4 5 6 24 10 28 13 14 15 
1 2 3 4 5 6 7 8 9 10 12 13 14 15 16 18 19 20 21 22 23 24 25 27 28 29 30 
4 7 8 9 11 12 13 17 19 20 22 23 24 27 28 30 
3 6 7 10 11 12 13 14 17 18 20 22 23 24 25 27 29 30 
2 3 5 7 9 13 15 16 19 20 21 22 24 26 29 30 
16 4 20 6 22 9 26 13 15 
16 17 2 20 7 24 8 25 27 12 
1 4 5 6 10 11 12 14 15 16 18 19 20 22 23 24 26 27 28 30 
1 17 5 21 9 27 12 29 13 14 
1 3 4 6 7 8 9 13 14 18 20 23 24 25 26 29 30 
1 2 4 5 6 7 9 11 14 16 17 18 19 23 24 25 27 
2 3 4 5 6 7 8 9 10 11 12 14 16 19 20 21 24 25 26 27 28 
1 2 3 5 6 8 9 10 11 12 13 14 16 17 18 19 20 21 22 24 25 27 28 29 30 
16 22 8 29 14 
1 2 3 4 5 6 8 9 10 12 13 15 16 18 20 21 22 23 24 25 26 27 29 30 
4 5 8 9 10 13 14 17 20 21 22 23 24 25 28 29 30 
1 3 8 9 11 12 13 14 15 17 18 19 21 23 27 29 30 
9 10 30 
16 17 2 20 5 25 10 
18 19 22 23 7 10 27 13 14 
3 4 6 8 9 10 11 15 16 18 21 22 24 25 26 29 30 
16 9 25 28 13 30 
10 
24 8 29 30 14 
17 2 18 19 22 8 26 28 13 29 14 15 
1 3 5 7 8 10 11 15 17 18 19 22 26 27 29 
1 17 2 21 24 26 12 28 14 15 
3 5 6 7 8 9 10 11 12 13 14 17 18 19 20 21 22 23 24 26 27 29 30 
1 3 4 5 6 7 8 10 11 12 15 16 17 18 19 21 22 23 26 27 29 30 
1 2 3 4 5 6 7 8 9 10 12 13 14 15 16 17 18 19 20 21 22 23 24 26 27 28 29 30 
1 2 3 5 6 7 8 9 10 11 12 14 15 17 18 19 20 21 22 23 24 27 28 29 30 
1 2 3 5 7 8 11 14 16 17 18 19 20 21 22 28 29 30 
1 2 3 4 6 9 10 14 15 16 18 26 29 
16 17 18 7 8 27 12 14 
1 2 3 7 8 9 10 12 16 17 18 19 20 21 22 23 25 28 30 
2 3 4 5 7 8 10 12 13 17 19 20 23 25 30 
21 23 7 25 15 
18 3 20 22 7 24 25 
2 5 6 23 7 9 26 27 29 30 15 
5 9 10 11 12 14 17 18 19 23 26 27 29 
19 6 28 
4 21 8 12 29 30 15 
1 9 10 11 15 17 18 19 21 25 27 29 30 
1 4 9 11 13 15 18 19 20 24 25 26 30 
17 1 18 3 7 8 27 28 29 13 
3 9 27 28 12 14 30 
18 21 11 
18 4 21 22 23 
3 4 12 14 15 16 17 18 19 25 28 29 30 
3 4 5 6 7 8 10 12 15 22 23 24 28 
6 7 9 10 11 16 17 18 19 21 24 25 27 29 
1 3 4 5 6 8 11 12 16 19 20 21 22 23 26 29 30 
2 4 6 8 9 10 11 15 17 18 19 20 22 23 26 
18 20 24 
21 6 9 28 14 
2 3 5 10 12 14 20 21 22 24 28 29 30 
2 24 
16 2 5 22 6 23 10 29 13 30 14 
22 25 29 
2 6 9 25 27 28 30 14 
16 1 19 22 7 26 28 14 
4 20 21 6 24 25 11 28 
21 14 
2 4 5 
1 4 7 8 10 11 12 13 16 19 22 25 27 
6 26 12 13 
3 6 7 8 11 13 17 20 21 22 25 26 29 30 
20 5 21 25 9 26 10 14 
1 2 4 5 6 7 11 15 20 21 25 27 30 
5 22 25 26 13 30 14 
2 3 5 6 8 9 11 12 15 17 21 23 24 26 28 
2 4 5 8 10 12 13 15 18 19 23 25 26 27 28 
3 22 27 28 14 15 
16 17 5 6 23 8 12 29 30 15 
1 4 7 8 9 11 12 13 17 21 23 24 27 28 
18 3 19 21 6 10 26 12 28 15 
2 3 9 10 14 15 16 17 18 23 24 25 26 28 
16 19 4 23 24 25 9 11 12 
29 
17 18 4 6 22 24 14 
3 12 14 
17 21 6 22 9 28 30 
18 4 20 8 25 10 
17 3 20 6 24 9 25 
16 2 10 28 
1 3 5 6 7 9 13 17 18 22 24 28 30 
3 4 5 6 10 12 15 20 21 22 23 25 26 30 
17 2 7 8 9 26 11 12 30 
3 5 6 9 12 16 17 22 23 25 27 28 30 
22 23 7 24 26 15 
19 22 26 14 
10 
1 2 23 8 24 10 27 
16 22 8 24 11 12 29 13 14 
23 28 12 14 30 
1 2 4 9 12 14 17 20 21 22 24 26 30 
1 5 23 7 9 11 14 15 
1 3 4 5 8 9 13 14 15 20 24 26 28 30 
16 3 9 
16 1 2 18 4 20 23 25 10 30 14 
2 3 19 20 21 5 7 24 25 9 11 12 
17 18 3 4 20 8 25 10 27 28 
1 2 6 7 9 11 12 13 14 16 19 20 21 25 29 
1 2 3 4 5 6 8 9 10 11 12 13 14 15 16 17 18 19 20 22 23 24 26 27 28 29 30 
20 4 8 15 
1 18 20 21 22 7 26 27 12 28 13 30 
16 4 21 6 27 12 15 
1 2 7 8 11 13 15 16 19 20 27 29 30 
2 20 21 7 11 
1 2 3 4 5 8 10 11 13 14 15 16 17 18 19 20 21 22 23 25 26 27 28 29 30 
18 6 26 
1 4 5 6 7 10 11 12 13 14 15 16 17 18 19 20 21 22 24 25 26 27 28 
2 3 8 9 11 12 13 14 15 16 17 18 19 20 21 22 25 26 28 30 
1 2 4 5 12 14 16 17 18 21 25 26 28 
1 2 3 5 6 11 12 13 14 15 16 17 18 20 21 23 24 25 27 28 30 
17 19 22 23 7 24 10 27 11 12 28 30 
1 2 4 5 7 9 10 11 12 14 15 16 17 19 20 23 24 25 28 29 30 
1 2 5 7 9 11 12 13 18 22 23 24 27 28 29 
1 2 4 5 6 8 11 13 14 16 18 19 21 22 23 24 25 26 27 30 
2 3 4 8 9 10 11 13 14 15 16 17 18 19 20 22 23 24 25 26 28 29 
1 2 3 4 5 6 7 8 9 10 13 14 15 17 18 19 21 22 23 25 26 27 28 29 30 
2 3 4 6 7 8 9 10 11 12 13 14 15 16 17 20 21 23 24 26 27 28 29 
1 2 3 5 7 11 12 13 14 16 17 18 19 22 25 28 30 
1 3 4 6 7 9 10 13 15 18 19 20 22 24 29 
1 4 5 6 7 8 9 10 11 13 15 16 17 18 19 20 21 22 23 25 27 30 
1 2 3 4 5 6 7 10 12 14 16 18 19 20 21 22 24 26 28 29 
1 3 4 5 6 7 8 10 12 14 16 17 18 19 21 24 27 28 29 30 
16 22 24 25 26 11 28 14 30 15 
20 6 22 23 24 30 
16 18 26 10 11 12 
19 23 8 26 11 27 13 14 
16 20 5 22 7 24 9 11 28 13 15 
1 2 8 11 13 14 15 16 19 21 24 25 26 28 
1 2 3 5 7 9 10 11 12 14 17 18 19 20 22 23 24 29 30 
16 1 18 19 3 23 8 12 13 
16 1 2 21 10 13 
2 19 5 21 6 22 7 8 25 10 12 13 
18 3 20 24 26 12 
16 1 20 5 22 7 24 
1 4 6 7 11 15 16 17 22 23 24 27 29 
22 
16 4 9 
1 2 4 5 9 12 16 17 18 20 22 23 24 27 30 
1 2 3 4 6 10 11 12 14 15 18 19 21 22 23 24 26 30 
1 2 4 5 6 7 8 9 11 12 14 16 17 18 20 21 22 24 25 26 28 29 30 
1 2 4 5 6 7 8 9 11 12 14 15 18 19 22 23 24 26 27 28 29 30 
3 4 6 7 11 13 14 15 16 18 19 21 22 24 25 27 28 30 
1 3 4 6 8 9 11 12 13 15 16 17 18 22 23 24 27 29 
1 2 3 4 6 7 8 9 10 11 12 14 15 16 17 18 19 21 22 23 24 25 26 27 28 29 
1 2 4 6 7 9 10 11 12 13 14 16 17 20 21 22 23 24 25 26 27 29 30 
4 5 7 8 9 10 11 12 14 15 16 17 19 20 21 22 23 24 25 26 27 28 29 
1 2 4 7 9 10 11 12 15 18 19 20 21 22 23 27 30 
3 4 5 6 9 11 12 13 14 15 16 17 18 19 20 21 22 23 24 25 26 27 29 30 
2 3 5 6 7 9 12 13 14 15 17 18 19 21 22 23 26 28 29 30 
1 2 3 4 6 8 10 11 12 13 17 19 21 22 23 24 25 26 27 28 29 30 
1 4 8 10 12 13 15 18 23 24 25 28 29 
4 5 7 9 10 11 13 14 15 16 17 18 19 20 21 24 27 29 
3 6 7 8 9 10 11 12 13 14 18 19 20 22 24 25 26 29 30 
1 2 3 6 7 11 12 13 15 16 17 18 19 22 23 24 25 26 
1 2 3 4 5 6 7 10 11 13 14 15 17 18 20 21 22 23 24 25 26 29 30 
1 3 5 7 8 9 10 11 12 13 14 15 18 19 20 21 22 23 24 25 26 27 28 29 
2 3 4 5 6 7 11 12 13 14 15 19 22 23 25 26 27 28 29 
2 4 5 6 7 8 9 10 11 12 13 14 16 17 18 19 20 21 24 25 27 28 29 30 
1 2 4 5 6 7 8 9 10 11 12 13 14 19 20 22 24 27 28 
1 2 3 6 8 9 11 12 14 16 17 18 19 21 22 26 27 28 30 
1 2 3 4 5 6 7 8 10 11 13 14 16 17 19 20 21 23 24 26 29 
4 5 6 7 8 9 10 11 12 13 17 19 20 21 23 25 26 28 30 
1 2 3 4 5 6 7 9 10 11 12 13 15 16 18 19 20 21 22 25 27 28 29 30 
2 3 4 6 7 10 11 12 14 17 19 20 21 22 24 25 28 29 30 
1 2 3 4 7 9 10 11 13 14 15 16 17 19 20 22 23 25 27 29 30 
1 2 3 4 8 9 10 11 12 13 16 17 18 20 21 23 24 26 27 28 29 30 
1 2 3 5 6 7 9 11 13 14 15 16 17 19 20 21 22 23 24 25 26 27 28 29 30 
1 2 3 4 5 6 7 9 11 14 15 16 17 18 19 20 21 23 24 25 26 27 28 29 
3 5 6 7 8 12 13 14 15 16 17 18 19 20 22 23 24 25 27 28 29 30 
7 13 
1 5 6 10 14 15 16 17 18 21 23 24 26 27 
19 23 25 26 28 
5 6 9 10 11 14 15 16 18 24 27 28 30 
1 2 3 4 6 7 8 11 12 13 14 15 16 17 18 20 22 23 24 25 26 27 28 29 30 
1 2 3 4 5 6 7 8 9 10 11 12 14 15 16 17 18 19 20 21 22 23 24 25 26 28 29 30 
1 2 4 5 6 8 9 10 12 14 16 17 18 19 21 22 23 24 25 26 27 28 29 30 
1 2 3 4 5 6 7 8 9 10 11 12 14 15 16 17 18 19 20 21 22 23 24 25 26 27 28 29 30 
3 4 5 6 8 9 10 11 12 13 14 15 16 17 18 19 20 21 22 23 24 25 26 27 28 29 30 
1 2 3 4 7 8 9 10 12 13 14 15 16 19 22 24 25 26 29 30 
1 2 3 4 5 6 7 8 10 11 12 13 14 17 18 20 21 22 23 24 25 27 29 30 
2 3 4 5 6 7 8 9 10 12 13 14 16 17 18 19 21 22 24 26 27 29 
1 2 3 5 6 7 8 9 10 11 12 13 15 17 18 19 20 21 22 23 24 25 27 28 29 
5 7 10 11 13 14 15 17 18 19 21 22 23 24 25 26 27 28 30 
1 3 4 5 7 9 11 13 14 15 16 17 18 19 21 22 23 24 25 26 27 28 29 
1 3 4 5 7 8 9 13 14 15 16 17 18 21 28 30 
2 6 23 15 
3 7 8 11 15 16 18 19 23 25 26 27 28 29 30 
2 3 4 7 10 13 15 16 17 22 23 26 27 29 
17 20 4 30 
5 24 
19 20 22 13 
3 21 22 9 26 12 13 29 30 
19 25 26 29 
2 8 9 10 11 12 13 14 15 16 18 20 23 24 25 27 28 29 30 
1 2 3 4 6 7 9 13 19 20 23 24 26 27 29 
2 3 5 22 7 23 9 11 13 29 14 15 
3 5 6 7 8 11 12 14 16 17 18 21 23 26 27 30 
18 21 22 7 8 25 9 10 11 27 12 15 
1 5 7 8 10 13 17 20 22 25 26 28 29 
17 2 19 6 9 26 11 28 29 14 
7 24 9 29 
17 2 19 3 5 7 8 25 9 29 
3 4 5 7 10 12 14 18 19 20 21 24 26 29 
19 6 24 8 25 28 30 
16 4 6 25 9 28 29 14 
2 3 8 10 11 12 18 20 22 23 25 26 29 
2 6 8 12 15 16 17 20 22 23 25 27 29 
18 4 5 23 24 25 15 
3 4 7 8 10 13 16 18 19 22 27 28 29 
2 3 20 22 24 12 
3 5 8 9 12 17 19 21 22 24 25 26 27 28 30 
1 18 3 20 7 23 24 25 9 10 26 
4 5 7 8 9 12 17 19 21 22 24 25 26 27 
2 3 7 8 9 11 12 15 17 20 21 23 26 28 29 
17 2 6 23 26 
1 2 7 8 9 10 12 17 18 19 21 23 24 27 
1 
1 2 3 4 6 8 10 12 13 16 17 18 19 20 22 24 25 27 29 30 
17 18 2 3 21 6 24 25 26 12 13 15 
1 2 3 4 5 7 8 11 12 14 17 18 19 21 22 23 26 27 29 30 
2 3 4 5 6 7 8 11 12 13 14 15 16 19 20 21 24 27 28 29 
16 4 5 26 27 29 
1 2 5 6 7 11 12 16 19 20 21 22 23 28 29 
16 2 22 7 25 30 
2 20 23 8 11 27 
3 7 8 25 27 
16 1 2 19 3 4 21 11 13 
17 19 20 4 6 23 8 9 26 13 30 
2 3 6 24 25 13 29 
2 3 5 21 22 23 8 9 25 11 12 15 
1 2 3 4 5 6 7 8 9 11 14 15 16 17 19 23 24 26 27 29 30 
2 6 7 9 10 14 15 16 17 18 19 20 21 23 24 28 30 
2 3 4 5 6 7 8 9 10 12 14 15 16 17 18 19 20 22 23 24 25 26 28 30 
2 4 5 6 7 9 10 11 12 13 15 17 19 22 23 25 26 27 29 30 
1 2 4 5 7 8 9 10 11 12 13 14 15 16 17 18 19 20 21 22 23 24 25 26 27 28 29 30 
1 3 4 5 6 8 13 14 18 21 22 29 30 
1 6 7 13 15 16 18 19 20 21 22 25 26 29 
1 5 6 7 8 10 11 12 13 14 16 18 19 20 21 26 27 28 29 30 
2 3 4 6 8 9 11 13 15 16 17 18 20 21 23 24 25 29 
1 3 4 5 6 9 11 15 18 19 20 22 23 25 26 27 29 
17 20 7 8 9 10 27 13 14 
1 3 4 5 6 7 8 13 14 16 17 18 19 20 21 22 24 25 26 27 30 
1 3 4 7 9 10 11 14 16 17 18 19 20 21 22 23 24 25 26 27 30 
6 23 9 25 10 11 29 
1 2 6 7 8 9 10 13 14 15 17 21 22 23 24 25 29 30 
2 20 21 22 9 27 11 13 15 
18 19 4 5 6 22 23 8 9 13 14 15 
16 1 2 19 25 27 11 14 15 
1 5 23 26 27 
16 19 20 5 8 14 30 
2 3 22 7 9 10 
17 10 14 
17 18 19 28 14 
4 8 13 
1 2 27 14 15 
1 3 6 22 7 25 26 29 
19 3 20 21 23 7 9 26 27 12 
18 20 5 6 22 7 9 26 12 
16 8 25 15 
16 4 5 7 23 8 25 26 11 14 
18 19 10 28 
16 17 21 24 28 12 29 30 15 
16 18 2 3 23 7 24 12 30 
23 
16 3 4 6 22 23 27 14 
3 5 6 7 8 9 10 14 15 17 19 23 24 29 
2 3 5 7 8 9 10 12 15 17 21 24 27 29 
1 19 25 27 12 29 30 15 
16 
1 2 3 5 6 7 8 9 10 11 12 13 14 15 16 17 18 19 20 21 22 23 24 25 26 27 28 29 
1 2 3 4 5 6 7 8 9 10 11 12 13 14 15 16 17 18 19 20 21 22 23 24 25 27 28 29 30 
1 2 4 6 11 16 17 19 20 21 24 27 28 
1 2 3 4 5 6 7 8 9 10 11 12 13 14 15 16 18 19 20 22 23 24 25 26 27 28 29 30 
2 3 4 5 7 8 10 12 13 14 15 16 18 19 22 23 24 26 27 28 29 
1 2 3 4 6 7 8 9 10 11 12 13 14 15 16 17 18 19 20 21 22 23 24 25 26 27 28 29 30 
1 2 3 4 5 6 7 9 10 11 12 13 14 15 16 17 19 21 23 25 26 27 28 29 30 
1 2 3 4 5 6 7 8 9 10 11 12 13 14 15 16 17 18 19 20 21 22 23 24 25 26 27 28 29 30 
17 5 6 22 28 13 15 
16 20 6 26 30 15 
17 2 5 22 6 23 25 26 27 30 14 15 
17 21 6 23 8 25 10 26 11 28 12 30 
2 4 6 8 10 12 14 16 18 21 23 25 26 28 29 
1 2 3 6 7 8 12 17 20 21 23 25 26 28 29 
16 2 19 22 23 24 10 27 13 
2 4 5 7 8 9 10 12 14 18 21 25 26 30 
17 20 22 11 29 
1 4 8 10 12 13 15 16 17 20 24 27 30 
1 2 3 20 21 5 8 24 11 28 14 
2 5 6 8 9 27 
1 3 4 5 8 9 13 16 21 23 24 25 26 28 29 
2 14 
8 
1 9 13 30 
1 18 6 23 8 9 26 27 28 29 30 15 
18 5 
17 1 3 4 5 22 8 24 25 26 30 
22 25 
17 2 18 19 20 6 23 7 10 12 13 14 
27 14 
16 17 1 19 4 21 23 8 26 27 29 15 
16 19 3 4 21 7 10 29 30 15 
2 4 7 8 9 12 13 14 15 18 21 23 25 27 30 
1 2 3 4 5 6 9 10 14 19 23 24 25 26 27 28 
2 4 7 11 13 14 16 17 18 19 20 21 23 24 25 27 28 29 30 
1 3 4 6 8 9 14 15 16 17 18 19 21 23 25 27 28 30 
1 18 19 3 21 7 24 9 28 29 15 
2 18 19 6 9 10 29 
1 4 6 8 9 10 11 12 14 17 18 19 20 22 23 24 26 29 30 
1 2 4 6 9 10 14 16 17 18 19 20 22 23 24 25 30 
1 3 4 5 6 8 9 12 13 15 16 17 19 21 22 24 25 27 28 
16 1 2 18 19 5 22 23 24 25 12 14 
2 5 6 7 8 9 10 15 16 21 22 24 26 27 28 30 
2 6 10 11 12 13 14 15 16 21 23 24 25 27 28 29 
1 4 5 6 8 10 11 12 13 14 19 22 25 28 29 
2 18 3 20 22 7 23 24 
19 13 
1 2 3 4 5 7 10 13 16 18 22 24 25 27 
16 17 2 19 4 6 25 10 12 30 15 
2 25 29 30 14 15 
23 27 29 14 15 
3 5 7 10 11 13 17 18 21 22 25 28 30 
1 2 4 8 14 15 16 17 18 21 23 24 25 26 
18 20 21 22 7 11 12 
12 13 
1 4 6 10 11 12 13 15 23 24 25 28 29 30 
16 1 19 4 23 8 24 9 27 13 15 
16 18 25 26 
17 3 6 
5 
1 2 4 25 9 26 11 30 
4 8 12 
3 7 9 10 12 13 16 18 19 21 23 28 29 
16 19 26 27 
7 8 24 12 
3 5 25 28 29 15 
1 17 2 18 20 5 22 8 9 11 
16 21 22 7 25 11 13 
2 3 8 9 12 14 15 18 19 21 22 23 26 28 30 
17 18 21 26 12 14 
18 3 19 26 28 
17 18 22 23 24 26 12 
1 3 4 5 7 8 9 10 11 14 15 16 18 19 20 21 22 23 25 26 27 28 29 30 
1 2 3 5 6 7 8 9 11 12 13 14 15 16 17 18 19 20 21 22 23 24 25 26 27 28 29 30 
1 3 5 7 8 9 10 13 14 16 17 18 20 21 22 23 24 26 27 28 29 30 
1 3 4 5 6 7 8 9 10 11 12 13 14 15 17 19 20 22 23 24 25 26 28 30 
1 3 4 5 6 7 8 9 10 11 12 13 14 15 16 17 18 19 20 21 22 23 25 26 29 
1 2 3 4 6 9 10 11 12 13 14 15 16 18 20 21 22 23 24 26 27 29 30 
1 2 3 4 5 6 8 9 10 11 12 13 14 15 16 17 18 19 20 21 23 25 26 27 28 29 30 
1 2 3 4 5 7 9 10 12 13 14 15 16 17 18 19 21 24 25 26 27 28 29 
2 4 6 7 8 9 10 11 12 13 14 15 16 17 18 20 22 23 24 25 26 27 29 30 
1 2 3 4 5 6 8 9 11 12 15 16 17 19 20 21 22 23 24 25 26 27 28 29 
2 3 4 6 7 8 9 11 18 21 26 27 28 
1 2 3 4 5 6 7 8 9 10 11 12 13 14 15 20 21 22 23 24 25 26 27 30 
1 2 4 5 6 7 9 12 13 15 16 17 18 19 20 21 23 25 27 28 29 30 
17 21 22 7 24 25 10 26 27 13 15 
1 2 3 4 5 6 8 9 10 11 12 13 15 17 18 20 21 22 23 24 25 26 27 28 29 30 
2 3 4 5 7 8 9 10 12 13 14 15 16 17 18 20 23 25 26 27 28 30 
1 2 3 4 5 7 8 11 12 13 14 15 16 17 18 19 20 21 22 23 24 26 27 28 29 30 
2 3 4 6 7 10 11 13 15 16 17 18 19 20 23 24 28 29 
1 2 4 5 6 7 8 9 10 11 12 13 14 15 16 18 22 23 25 26 27 28 30 
2 3 5 6 7 8 9 11 12 13 14 15 16 17 19 21 23 24 25 26 27 28 30 
17 2 20 4 6 25 26 27 11 13 
1 2 4 5 6 7 8 10 12 14 15 16 17 18 19 21 22 23 25 26 27 28 30 
1 2 4 5 6 7 8 10 12 13 14 15 16 17 20 21 22 23 24 28 29 30 
1 2 3 4 5 6 7 8 9 11 12 13 14 15 16 17 19 20 21 22 23 24 26 29 30 
3 5 6 25 
17 2 19 20 4 22 8 25 27 11 28 
16 17 1 4 21 7 24 28 29 
3 4 5 8 9 10 11 15 16 19 20 24 26 28 30 
3 4 7 8 10 11 14 16 18 21 23 24 26 27 
16 4 5 8 9 25 10 26 28 15 
17 1 9 
16 18 8 11 27 30 
4 20 5 7 10 
1 2 4 6 9 10 14 16 22 24 25 26 27 30 
2 7 29 
18 20 21 7 8 10 27 12 28 30 
2 3 4 7 8 9 10 14 16 17 24 29 30 
1 2 3 8 15 16 17 20 23 24 25 27 29 
4 5 7 8 10 13 14 17 18 19 20 21 22 30 
2 3 8 9 25 
2 3 4 5 7 9 11 12 13 14 15 16 17 18 19 20 21 22 23 24 27 28 29 30 
1 2 3 4 6 8 9 12 13 14 15 16 17 18 19 20 23 26 27 28 29 
1 2 3 4 5 7 8 9 10 12 16 17 19 21 22 23 27 
1 2 3 4 5 6 9 11 12 13 14 15 16 17 20 21 22 23 25 26 27 28 30 
1 2 3 4 5 7 8 9 10 11 12 13 14 15 16 17 18 19 20 21 22 23 24 25 26 27 28 29 30 
1 2 3 5 7 8 9 11 12 14 15 16 17 18 19 20 21 22 23 24 25 26 28 29 30 
1 2 4 5 6 7 8 9 10 11 12 13 14 15 16 17 18 19 20 21 23 25 26 27 28 30 
1 2 3 4 5 6 7 8 9 11 12 13 14 16 17 21 22 23 25 26 27 30 
1 2 5 6 7 8 9 10 11 12 13 14 15 16 17 19 20 21 22 23 24 25 27 28 29 30 
1 2 3 4 5 6 7 9 10 11 12 13 14 15 16 17 19 20 21 23 24 25 27 28 29 
2 3 4 6 7 9 11 13 14 16 17 19 21 24 25 26 27 28 
1 2 3 4 5 6 7 10 12 15 17 19 21 22 23 25 27 28 29 30 
3 4 5 6 7 8 9 10 11 12 13 14 16 17 18 19 20 21 22 23 24 25 27 28 29 30 
1 2 3 4 5 7 8 9 10 11 12 13 14 16 18 19 20 21 22 23 24 25 26 27 29 30 
1 2 3 4 5 6 7 8 9 10 11 12 13 14 16 17 19 21 22 23 24 25 26 27 28 29 30 
1 2 3 4 5 6 7 8 9 10 11 12 13 14 16 17 18 19 20 21 22 23 25 27 28 29 30 
1 2 3 6 7 8 9 10 11 13 14 18 20 21 23 25 26 29 
3 4 5 7 11 13 15 16 18 19 22 23 25 27 28 29 
1 2 4 5 6 7 8 10 11 14 15 16 17 18 19 20 21 22 23 24 26 27 28 29 30 
1 2 4 5 6 7 8 9 11 12 13 14 16 17 19 20 21 22 23 25 26 28 29 30 
1 2 3 5 6 7 8 9 10 12 13 14 15 16 17 18 19 20 21 22 23 24 25 26 28 29 30 
1 3 4 5 6 7 10 12 13 16 17 18 19 20 22 23 29 
1 2 3 6 7 9 10 11 12 13 14 15 16 20 21 22 23 24 25 26 27 28 29 30 
5 6 8 9 10 12 13 14 16 17 18 19 20 21 23 25 26 28 29 30 
1 2 3 4 5 6 7 8 9 10 12 14 15 16 17 19 22 23 24 25 26 27 28 29 30 
2 3 4 5 7 9 11 12 13 14 15 16 18 21 22 24 27 28 30 
1 2 3 6 7 9 10 11 12 13 14 16 17 19 20 21 22 24 25 26 27 29 30 
1 2 6 7 8 9 10 11 13 15 19 20 23 25 27 
1 3 4 5 6 7 8 10 11 12 13 15 16 17 18 19 20 21 22 23 24 27 28 29 30 
1 2 3 4 5 6 7 8 10 11 12 14 15 16 17 18 19 20 21 22 23 24 25 26 27 28 29 30 
1 2 3 4 5 6 7 8 9 11 12 13 14 15 16 17 18 19 20 21 22 23 24 26 27 28 30 
1 2 6 7 8 10 11 14 16 17 18 19 20 21 22 23 24 26 27 28 29 
1 2 3 4 5 9 12 14 17 18 19 21 22 23 27 28 
1 2 3 4 5 6 7 8 10 11 12 14 16 18 21 22 23 24 26 27 28 29 30 
1 3 4 6 7 9 10 11 12 13 14 16 21 22 23 24 27 28 30 
1 2 3 4 7 9 11 12 13 14 16 17 19 20 21 23 24 25 26 27 29 30 
1 2 4 5 6 8 9 10 12 14 15 16 17 19 20 21 22 23 25 27 28 29 30 
1 2 3 4 6 7 8 11 12 13 14 15 16 17 18 19 20 21 22 23 24 26 27 29 30 
1 2 3 5 6 7 9 10 11 12 14 15 16 17 19 20 21 22 23 24 25 26 27 28 29 30 
1 2 3 4 5 6 7 8 9 10 11 12 13 14 15 16 17 19 20 21 22 23 24 26 27 28 29 30 
1 2 3 4 5 6 7 8 10 11 13 14 15 16 17 18 19 20 21 24 25 26 27 29 30 
1 2 3 4 5 6 7 8 9 10 11 12 14 15 16 17 18 19 20 21 22 23 25 26 28 29 30 
1 4 5 6 10 11 12 13 14 15 16 17 19 20 23 24 25 27 29 
2 3 4 5 6 7 8 9 10 11 12 13 15 16 19 20 22 23 24 25 26 
3 5 6 7 9 10 11 12 13 14 15 16 17 18 20 21 22 23 24 27 28 29 
1 2 3 4 8 9 10 11 12 13 14 15 18 19 20 21 22 23 24 25 26 27 28 29 30 
1 3 6 7 8 9 10 13 15 16 17 19 22 27 29 30 
1 2 4 5 6 7 8 9 10 11 12 13 15 16 17 19 20 21 22 23 24 25 26 27 28 29 
1 2 3 4 5 6 9 10 11 12 13 14 16 19 20 21 22 23 24 25 26 27 29 30 
1 2 3 4 5 6 7 9 10 11 12 13 14 15 16 17 18 19 20 21 22 23 24 25 26 27 28 29 30 
1 2 3 5 6 10 11 13 14 15 16 17 18 21 22 23 24 26 28 29 30 
1 2 3 4 5 6 7 8 9 10 11 12 13 14 16 17 18 19 20 21 23 24 25 26 27 28 29 30 
1 3 4 6 7 8 9 12 13 14 16 17 19 20 23 24 25 26 28 29 30 
2 3 4 5 6 7 8 11 12 13 15 16 17 18 20 21 22 23 24 25 26 27 28 30 
1 2 3 4 5 6 7 8 9 11 13 14 15 16 17 20 22 23 24 25 26 27 28 29 30 
2 3 5 6 7 14 15 17 18 21 23 24 25 27 28 
2 4 6 7 9 11 13 16 18 19 20 21 23 24 25 
1 2 3 5 6 8 9 10 11 12 13 14 15 16 17 18 19 20 21 22 24 25 26 27 28 30 
2 3 4 5 7 8 9 10 11 12 13 14 15 16 17 18 19 20 21 22 24 25 26 27 28 29 30 
1 2 3 4 5 6 7 8 10 11 12 14 16 17 18 19 20 21 22 23 24 25 26 27 29 30 
3 4 5 6 8 9 11 13 14 16 17 18 19 20 21 22 23 24 25 27 29 30 
2 3 5 6 8 11 13 14 15 16 17 18 19 22 28 30 
1 2 3 5 7 8 10 11 12 13 14 16 17 19 20 21 22 23 24 25 26 27 
2 3 5 7 8 10 12 13 15 16 20 21 22 23 24 25 27 28 30 
2 4 6 8 10 11 12 13 14 16 19 20 21 22 24 25 26 28 29 
1 2 4 5 6 7 8 9 10 11 12 13 14 15 16 17 18 19 21 22 23 24 25 26 27 28 29 30 
1 2 3 5 6 7 8 9 12 13 14 16 17 18 19 20 21 22 23 24 27 28 29 30 
1 2 3 4 5 6 7 9 10 11 12 13 14 15 16 17 18 19 20 21 22 23 24 25 27 28 29 30 
1 4 5 6 7 9 10 11 13 14 15 16 18 19 21 22 24 25 26 28 29 
1 3 5 8 11 12 13 16 18 19 20 22 23 27 29 
1 2 3 5 6 8 9 11 13 14 15 17 20 21 22 24 25 26 30 
1 2 3 4 5 6 8 9 10 11 12 13 14 19 21 22 23 24 25 27 29 30 
16 1 17 2 19 4 8 9 13 
18 
1 2 19 20 4 5 8 27 28 30 15 
4 12 15 
3 20 6 13 
16 1 18 2 20 22 7 8 11 12 29 30 
1 2 5 6 8 9 11 13 21 22 23 24 26 28 
16 2 19 21 23 9 10 27 12 13 30 15 
18 13 
21 10 
16 17 2 19 20 4 23 24 8 9 14 
21 
20 24 28 
1 3 4 5 6 9 13 14 16 18 19 23 25 29 30 
16 17 18 2 19 23 24 9 27 28 12 15 
2 18 4 6 7 8 25 9 11 
2 8 25 11 
20 8 27 12 30 
4 23 8 25 13 14 
1 2 19 20 5 6 7 8 9 26 29 14 
21 23 14 15 
1 4 5 7 8 12 14 15 16 18 20 23 24 28 30 
2 5 24 10 27 
2 19 5 23 25 10 12 13 14 15 
1 3 5 9 10 11 13 14 18 20 23 25 30 
1 2 3 4 5 6 8 11 12 13 14 15 16 17 22 23 24 28 29 
16 17 18 19 21 5 23 24 11 13 29 
2 3 4 6 7 15 16 17 18 19 20 22 24 27 
7 24 26 10 12 29 30 15 
16 1 20 4 7 11 29 15 
1 6 7 9 10 11 16 17 22 23 27 29 30 
17 23 24 8 25 9 11 27 
1 2 3 4 5 6 7 8 9 10 11 12 13 14 15 16 17 18 20 21 22 23 24 25 26 27 28 29 30 
1 2 3 4 8 9 10 12 14 15 16 17 18 19 20 21 23 24 25 26 27 28 29 30 
1 3 4 6 7 8 10 12 13 14 16 17 18 19 20 24 25 26 27 28 29 30 
1 3 4 6 7 8 9 10 12 13 14 15 16 18 19 20 21 23 24 25 26 27 28 30 
1 2 3 4 5 6 7 8 9 10 11 12 14 15 16 17 18 19 20 21 22 23 25 26 27 28 29 30 
1 2 3 4 5 6 7 8 9 10 11 12 13 14 15 16 17 18 19 20 21 22 23 24 25 26 27 28 29 30 
1 2 3 4 5 7 8 9 10 11 12 13 14 15 16 19 20 21 22 24 25 26 28 30 
1 2 3 4 5 7 9 10 11 12 13 14 15 16 17 18 19 20 21 22 23 24 25 26 28 29 30 
16 2 20 5 6 24 9 10 26 28 29 
18 3 5 6 7 25 11 
2 19 3 4 5 6 22 23 10 12 
17 3 22 9 11 12 
1 2 4 6 8 12 15 20 23 25 26 27 28 29 30 
17 18 3 20 7 23 14 
18 2 4 6 7 23 25 10 13 30 14 15 
17 2 18 5 6 7 24 25 28 14 
4 7 8 9 12 14 15 17 18 20 26 28 30 
17 3 7 9 25 26 10 27 12 30 
1 9 10 13 14 15 16 18 19 20 23 25 26 28 29 
1 8 9 28 30 
1 18 3 4 20 21 10 29 15 
20 6 22 8 26 12 30 
2 19 
21 
3 20 29 
2 
2 7 25 10 12 13 
17 2 18 19 8 24 25 11 12 28 29 15 
2 4 5 8 10 12 13 16 17 18 20 21 24 27 
19 20 21 7 8 26 
29 
4 10 12 29 
1 5 7 15 16 17 18 20 22 26 27 29 30 
3 
17 1 4 6 23 8 11 28 29 14 
2 20 30 
1 12 30 
11 
16 1 17 2 18 20 6 26 29 13 
3 4 10 12 15 17 18 19 21 24 25 28 30 
1 6 10 12 13 14 16 17 20 21 25 28 29 30 
1 2 5 6 7 8 9 13 14 15 18 19 20 21 23 
2 3 6 7 8 9 10 12 17 23 24 25 29 30 
2 3 5 6 8 9 10 16 17 18 21 27 28 30 
1 25 12 14 30 
21 6 25 28 
16 19 8 15 
24 10 15 
6 28 
1 2 5 6 8 11 12 15 18 20 21 24 29 
1 2 3 4 5 6 7 9 10 11 12 13 14 15 16 17 18 19 20 21 22 23 24 25 26 27 28 29 30 
3 4 5 6 7 10 11 12 13 14 16 17 18 19 20 21 22 23 24 26 27 28 29 30 
1 2 3 4 5 6 8 9 10 11 12 13 14 15 16 17 18 19 20 21 22 23 24 25 26 27 28 29 30 
1 2 3 4 5 6 7 8 9 10 11 12 13 14 16 17 18 20 21 22 23 25 26 28 29 30 
1 2 3 6 7 8 9 10 11 12 14 15 16 17 19 20 21 22 23 24 25 26 27 28 29 30 
1 2 3 5 6 7 8 9 11 12 13 15 16 17 18 19 20 21 23 24 27 28 30 
17 4 21 7 23 8 24 28 
2 4 5 6 7 9 11 12 13 15 16 19 20 21 24 25 26 27 28 29 
1 2 3 7 8 9 10 11 12 15 16 18 20 21 25 26 29 
4 5 6 8 10 12 14 15 17 19 23 24 25 26 30 
3 25 27 13 
16 1 2 20 4 21 6 23 26 10 11 14 
1 7 9 10 13 15 19 21 24 26 28 29 30 
2 22 23 12 
1 3 20 22 27 12 28 
1 18 2 19 4 6 12 14 15 
2 4 5 8 10 11 12 14 16 17 18 21 22 23 25 26 27 28 29 
16 17 3 20 6 26 11 29 13 30 
1 2 5 7 10 11 12 14 15 17 19 23 24 25 26 27 28 29 
1 3 4 6 8 10 12 16 18 19 20 21 22 23 24 25 26 27 28 29 30 
16 4 5 23 10 26 28 29 13 
1 2 4 5 6 7 8 9 10 11 12 13 14 15 16 18 20 22 24 25 26 27 28 29 30 
2 3 4 5 7 10 11 12 15 18 23 24 25 27 30 
5 6 22 23 9 26 10 27 12 13 30 
1 2 3 4 5 9 10 12 13 14 17 18 20 22 23 24 26 28 
16 1 3 7 26 27 12 15 
21 29 
1 2 20 22 7 23 8 9 11 
1 2 3 4 6 9 10 12 14 15 17 18 19 20 21 23 24 26 27 28 29 30 
1 2 6 7 8 10 13 14 15 19 21 23 27 
1 2 3 4 5 7 8 9 10 12 13 14 16 17 18 19 20 22 23 24 26 27 28 29 30 
1 2 3 4 5 6 7 8 9 10 11 12 13 14 15 16 17 18 19 20 21 22 24 25 27 28 29 30 
1 2 4 5 7 9 10 11 12 13 14 15 16 17 18 19 20 21 22 23 24 25 26 27 28 29 30 
1 2 3 4 5 6 7 8 9 11 12 13 14 15 17 20 21 22 24 25 26 27 28 29 30 
1 2 5 6 7 8 9 10 11 12 13 14 15 16 17 18 19 20 22 23 24 25 26 27 29 
1 3 4 5 6 7 8 9 10 11 13 14 15 16 17 18 19 20 21 22 23 24 25 27 28 29 30 
1 2 3 6 7 8 9 10 11 12 13 14 15 17 18 19 20 21 22 24 26 27 30 
1 2 3 4 5 6 7 9 11 12 13 15 16 18 19 20 21 22 23 24 25 26 27 29 
1 2 3 4 6 7 9 10 11 12 13 14 16 18 19 20 21 22 23 24 25 26 27 28 29 30 
1 2 3 4 5 6 7 8 9 10 11 12 13 14 15 16 17 18 19 21 22 23 24 25 26 27 28 29 30 
1 2 3 4 5 6 7 8 9 10 11 12 13 14 15 16 17 18 19 20 21 22 23 24 25 26 27 29 30 
1 2 3 4 5 6 7 8 9 10 11 12 14 15 16 17 18 19 20 22 23 24 25 26 27 28 29 30 
1 3 4 6 7 8 9 10 11 12 13 14 15 16 17 19 20 21 22 23 24 25 26 28 29 
1 2 3 4 7 8 9 10 11 12 13 14 15 16 17 18 19 20 21 22 23 24 25 26 27 28 29 30 
1 3 4 6 7 8 9 10 11 12 13 15 16 17 18 19 21 22 23 24 25 26 27 28 29 
1 2 3 4 5 6 7 8 9 10 11 12 13 14 16 17 18 20 22 23 24 25 26 27 28 29 30 
2 3 4 5 6 7 8 9 10 11 12 13 14 15 17 20 21 22 23 24 25 28 30 
1 2 3 4 5 6 7 8 9 10 12 13 14 15 16 17 18 19 20 21 23 24 25 26 27 28 30 
1 2 3 4 5 6 7 8 9 10 11 12 13 14 15 16 17 18 19 20 21 22 23 24 25 26 27 28 29 30 
1 2 3 4 5 6 7 8 9 10 11 12 13 14 15 16 17 18 19 20 21 22 24 25 27 28 29 30 
3 4 5 6 7 8 9 10 12 13 15 18 19 20 21 22 23 24 26 27 29 30 
3 4 6 7 8 9 10 11 12 13 14 15 16 18 19 21 22 23 24 25 27 28 29 
1 2 3 5 6 7 8 9 11 12 13 14 15 16 18 20 21 23 24 25 26 27 28 29 30 
1 2 4 5 6 7 8 9 11 15 17 18 19 20 22 24 25 26 27 28 29 30 
1 2 3 4 5 6 7 8 9 10 11 12 13 14 15 16 17 18 19 20 22 23 24 25 27 28 29 30 
19 4 21 23 24 27 12 28 
17 19 4 
1 2 3 5 9 10 13 19 20 21 24 25 26 
1 2 3 6 8 9 10 17 19 20 22 23 26 29 
7 29 15 
18 3 4 23 8 13 
1 3 5 6 9 10 14 15 19 21 22 24 26 27 
3 24 26 15 
3 19 20 21 7 24 28 13 29 
16 17 1 3 21 10 12 13 30 
4 7 8 10 12 13 17 18 22 23 24 25 27 29 
3 4 5 26 29 
1 3 20 7 25 9 27 12 
13 15 
17 20 22 
20 6 25 12 
1 2 4 5 6 10 15 17 20 22 24 26 29 30 
10 
21 
21 28 15 
16 4 20 22 23 26 10 12 
30 
4 
5 6 12 
1 2 5 6 8 12 13 14 22 24 26 29 30 
1 3 7 8 9 11 13 15 16 18 22 24 25 
9 29 
16 2 3 21 6 7 24 25 26 27 15 
5 8 12 13 14 16 17 18 23 24 28 29 30 
3 7 8 9 11 12 15 16 17 19 20 25 26 29 
20 4 21 7 8 9 26 28 
21 6 28 12 29 
1 2 4 5 6 11 14 17 18 19 20 22 25 26 
19 9 27 
5 11 13 15 
3 4 7 10 12 13 14 15 16 19 20 23 24 25 
1 17 18 2 5 24 25 28 29 30 
16 20 11 29 
1 26 29 
4 7 12 13 14 15 18 21 22 23 24 26 27 28 
19 3 26 11 14 
1 2 6 7 8 12 13 14 16 17 19 21 30 
6 7 24 27 28 
10 12 
17 18 5 6 23 24 29 30 
3 5 6 8 25 9 10 11 28 
14 15 
1 3 4 5 6 25 13 14 15 
1 20 21 22 23 8 24 9 11 28 12 15 
16 17 12 13 
26 
16 19 21 5 23 7 9 27 12 29 
1 8 11 13 16 18 19 20 21 22 23 24 25 29 30 
1 19 20 7 9 25 27 28 12 14 15 
17 20 24 9 
1 2 5 6 7 9 10 11 12 13 14 15 16 17 18 19 21 22 23 25 27 29 30 
1 2 3 4 5 6 7 8 9 10 11 12 13 14 15 18 19 22 23 26 27 28 29 30 
2 3 4 5 6 7 8 9 10 11 12 13 14 15 16 17 18 19 20 21 22 23 24 25 26 27 28 29 30 
2 4 5 6 8 9 11 12 13 14 16 17 18 20 21 22 23 28 30 
1 2 3 4 6 7 8 9 10 11 12 13 14 15 16 17 18 19 20 21 22 23 24 25 26 27 28 29 30 
1 2 3 4 5 6 7 8 9 10 11 12 13 14 15 16 17 18 19 21 22 23 25 26 27 28 29 30 
2 3 4 5 7 8 9 11 12 13 14 15 16 17 18 19 20 21 22 24 25 26 27 28 30 
1 2 4 6 7 8 9 10 11 12 13 15 16 17 18 19 20 21 22 23 24 25 26 27 28 29 30 
1 2 3 4 5 6 7 8 10 11 15 18 19 20 21 22 23 24 25 26 27 28 29 30 
1 2 3 4 5 7 8 10 11 12 14 16 17 18 19 21 22 23 24 25 26 27 28 29 30 
1 2 3 4 5 6 7 8 9 10 11 12 13 14 15 16 17 18 19 23 24 25 26 27 28 29 30 
1 2 3 4 5 6 7 8 9 10 11 12 13 14 15 16 17 18 19 20 21 24 25 26 27 28 30 
1 2 3 4 6 7 8 9 10 11 12 14 16 17 18 23 24 25 26 27 
2 3 7 8 25 9 10 12 
1 19 21 7 10 11 28 12 29 14 15 
17 3 5 23 9 25 26 12 28 29 
3 4 7 12 15 18 19 20 21 24 26 27 29 
1 19 21 6 7 8 26 11 27 13 
16 3 22 7 24 26 11 12 14 15 
17 2 4 5 6 10 11 14 
16 18 5 22 8 25 28 13 29 
2 18 10 30 
16 15 
4 24 
1 2 3 4 5 7 9 15 17 18 25 28 29 
3 4 5 6 7 8 9 10 16 17 21 22 24 26 30 
2 19 6 22 23 26 11 
24 28 
17 3 20 21 6 7 25 10 27 11 
13 
1 2 4 10 11 13 15 16 19 23 24 27 30 
18 19 6 10 30 
6 7 9 26 10 13 29 
16 22 12 30 
11 14 15 
19 26 12 29 
19 20 6 23 25 9 10 11 28 15 
1 3 4 20 6 7 8 11 
1 2 7 10 11 14 16 17 19 20 22 23 24 26 29 
17 2 3 
16 5 7 24 8 26 27 30 15 
18 20 22 23 25 26 27 28 13 30 14 
11 
2 3 4 8 9 12 14 15 16 19 20 22 29 30 
1 2 4 5 10 12 13 15 21 22 28 29 30 
3 20 4 6 23 25 10 27 12 13 15 
3 4 6 23 24 9 29 30 
2 4 9 11 13 14 18 19 20 24 27 28 29 
2 20 5 8 26 29 14 
5 6 24 8 9 10 29 14 
19 4 21 22 24 10 27 14 
16 1 20 21 6 7 24 11 29 13 30 
5 6 10 26 13 15 
17 1 18 4 5 25 9 10 26 13 
2 4 5 25 10 27 11 29 13 
17 2 3 20 6 22 24 8 28 29 
16 17 23 26 12 28 30 15 
4 21 23 7 25 
5 6 24 25 9 28 
17 2 4 5 22 7 9 26 10 11 13 15 
1 17 18 22 14 
16 2 24 26 27 
4 5 6 7 9 10 11 13 14 18 20 23 24 28 
16 2 6 11 13 
17 3 20 5 8 24 25 26 15 
2 7 10 26 12 29 
21 7 23 
1 26 
17 1 22 6 23 7 11 
1 3 5 6 7 12 15 16 17 18 19 23 25 26 29 
1 4 5 7 10 14 15 18 19 20 21 26 27 
4 20 24 11 12 
16 30 
1 18 20 7 29 13 
20 
22 6 7 9 29 
2 11 
16 17 20 22 7 9 26 27 11 
2 3 5 6 11 13 14 16 19 21 23 26 27 29 30 
18 2 6 22 23 8 10 27 11 12 28 15 
3 7 9 10 12 13 17 18 20 22 23 24 29 
1 3 14 
8 
16 1 18 21 5 7 24 8 9 13 30 15 
16 2 18 19 23 7 26 10 
16 4 5 23 7 
18 
17 2 4 10 28 
17 20 8 28 13 
9 11 
18 2 4 5 6 10 27 28 29 30 14 
2 4 6 8 10 13 14 15 19 22 23 25 29 
1 17 3 5 9 26 12 13 
17 3 21 22 8 25 26 11 28 13 29 14 
18 5 22 9 26 10 13 15 
17 2 21 7 10 28 12 14 15 
19 22 24 
1 6 22 24 25 26 11 13 
19 20 21 5 23 25 11 28 30 15 
1 2 20 22 8 13 
19 20 5 23 24 27 
2 20 6 22 23 7 8 25 11 12 
17 3 20 21 5 23 7 25 12 13 15 
2 4 5 6 9 11 16 18 19 21 25 27 28 29 
1 10 27 
9 
19 14 30 
23 24 9 25 13 
1 3 20 5 7 23 24 
1 18 2 19 21 6 28 
21 7 
8 
17 3 9 27 28 
17 2 27 29 
23 
16 3 19 20 23 24 26 11 28 29 15 
16 2 19 4 24 26 11 29 
16 1 17 5 7 8 9 25 26 
20 30 
1 2 5 7 10 12 13 14 16 17 19 21 27 28 
2 
2 18 3 20 7 9 10 26 11 27 29 15 
16 3 4 22 14 
1 5 7 8 9 12 15 16 18 19 24 25 26 28 
16 17 21 7 23 24 9 28 
17 21 5 23 7 9 10 28 12 13 29 
1 17 20 22 25 9 26 13 29 14 15 
1 
17 4 8 10 12 
1 5 6 7 9 12 13 16 17 20 23 26 27 28 
3 5 8 9 10 12 14 22 24 25 26 27 28 
1 18 22 23 7 25 11 12 14 
17 22 6 23 9 26 11 27 28 13 15 
16 4 25 
16 1 3 22 25 9 26 27 28 29 15 
16 18 7 27 15 
18 3 4 5 22 23 10 27 28 12 14 30 
16 3 20 22 8 25 10 27 
1 20 5 21 24 25 26 10 11 28 13 30 
1 19 21 6 22 7 25 12 
17 1 2 19 3 8 
1 9 12 15 16 17 18 21 23 25 27 28 29 30 
5 26 27 11 
1 2 22 6 7 23 8 25 26 11 29 15 
17 19 24 9 12 28 
7 14 
2 5 11 13 15 17 19 20 22 23 24 27 30 
17 20 8 24 9 10 13 14 30 
19 24 11 27 14 
1 3 19 20 6 10 26 29 30 
16 18 19 5 6 8 9 11 28 13 30 
1 18 3 19 20 22 6 23 24 10 12 30 
3 4 5 8 10 13 16 17 19 22 23 25 28 30 
16 17 1 5 6 25 9 12 13 30 14 
17 3 19 4 22 11 15 
1 19 20 9 25 
2 5 7 8 9 12 13 15 16 18 23 24 25 30 
25 
16 20 23 10 12 
2 19 4 22 23 9 26 10 12 30 14 15 
16 1 18 20 4 23 8 9 12 13 14 15 
22 7 25 26 
23 24 26 28 12 14 
17 
21 22 6 23 10 26 27 13 29 30 
16 17 2 3 20 22 24 10 28 30 14 15 
18 4 20 5 7 10 26 28 
3 5 6 22 11 29 30 15 
20 21 26 14 
4 5 6 9 12 17 18 20 21 22 24 26 27 28 29 
6 23 12 
1 2 6 11 12 13 17 18 19 21 22 25 28 29 30 
18 23 8 30 14 15 
23 8 
1 2 6 10 11 14 17 18 21 22 24 25 29 30 
2 18 19 6 23 7 8 10 11 30 15 
1 2 6 9 11 12 14 19 20 23 25 26 29 30 
17 1 19 7 24 26 
16 17 2 24 8 9 11 12 
3 6 9 10 11 13 15 20 21 23 25 28 29 
16 6 7 23 8 25 12 28 14 
18 2 3 20 24 14 
20 5 7 23 26 12 
19 27 29 14 
16 6 8 29 
17 5 7 24 27 28 
2 13 
16 27 
2 3 4 8 9 12 13 15 19 21 22 27 30 
19 5 22 23 9 11 29 13 
1 4 21 23 24 9 
22 24 9 12 13 15 
22 8 10 
16 19 21 10 26 28 14 15 
17 18 3 19 4 23 8 27 15 
16 19 4 21 22 25 9 26 12 29 30 15 
1 2 4 5 6 7 10 12 13 18 19 25 28 29 
17 18 2 3 20 21 6 26 15 
17 2 4 6 24 25 9 10 11 27 14 30 
17 3 20 5 6 25 27 
1 2 3 6 7 9 11 12 13 17 19 20 26 30 
1 18 
2 3 4 5 9 11 12 14 15 19 20 21 26 29 
25 
16 20 21 5 7 23 10 27 12 
16 17 4 5 22 24 8 10 27 29 15 
2 3 4 6 10 12 14 16 23 25 26 27 29 
19 20 8 30 
16 18 3 4 23 8 11 27 13 
29 
1 2 21 6 7 12 29 
20 5 25 9 13 
16 1 2 19 20 5 6 11 29 30 
1 2 18 21 9 26 29 13 30 
16 3 20 5 22 23 8 10 12 14 
1 18 19 5 21 6 23 7 24 10 27 14 
2 20 5 22 23 7 24 11 12 28 30 
18 3 4 5 30 
3 5 7 12 13 15 16 17 19 23 24 27 30 
2 3 5 13 16 18 19 21 23 25 26 27 28 29 30 
16 19 4 5 7 29 15 
3 22 23 10 
18 12 
4 7 24 27 15 
16 2 22 9 26 11 12 29 30 
21 12 
1 2 5 7 9 14 15 17 20 21 24 25 27 29 
18 21 5 22 6 7 24 8 
16 18 3 21 6 22 24 9 27 13 30 14 
3 4 5 12 13 14 15 17 20 21 24 26 29 
18 3 4 10 12 28 13 14 
2 3 5 6 7 9 10 15 16 18 19 22 23 26 27 
18 6 27 28 
24 30 
1 3 4 9 10 12 15 19 20 21 22 23 24 27 29 
17 22 23 
1 4 5 8 9 15 16 17 18 20 21 22 23 28 
16 3 20 21 5 6 8 10 11 29 30 15 
1 4 7 8 9 10 16 17 18 19 22 27 29 30 
19 4 5 10 28 29 
1 18 23 7 25 9 14 
16 1 27 28 13 15 
1 17 2 18 5 22 8 24 12 13 
4 9 
20 7 8 9 15 
2 7 10 11 12 13 15 16 17 19 20 21 25 30 
16 17 19 5 23 8 25 13 
1 4 8 10 11 12 13 14 18 20 22 25 26 28 29 
2 4 7 8 9 16 19 20 24 25 26 27 29 30 
22 24 
1 4 6 8 9 10 11 13 19 20 21 25 27 28 
17 25 
12 
2 4 5 6 9 10 11 12 13 17 22 23 29 
3 4 6 7 9 13 14 15 16 17 21 26 27 28 30 
1 20 5 6 23 24 27 12 28 30 14 
3 4 23 8 25 26 28 13 30 
19 6 7 24 8 11 12 29 
16 18 2 6 7 8 26 29 15 
1 2 21 7 8 9 25 27 11 12 13 29 
16 1 4 20 5 23 24 10 26 12 15 
16 2 18 4 5 6 8 9 11 27 30 15 
9 30 15 
3 10 11 13 
16 17 18 19 3 4 20 24 27 11 30 
1 4 22 7 25 12 
16 1 18 2 3 6 7 11 30 15 
1 2 3 4 6 7 18 19 21 22 25 26 28 
1 2 4 5 6 7 8 12 19 20 21 23 25 26 30 
20 5 6 24 27 11 13 
8 9 12 16 18 22 23 24 25 26 27 28 29 
19 21 22 23 9 27 12 15 
6 24 9 29 
16 5 24 12 13 29 30 15 
16 17 1 21 27 15 
17 18 19 20 21 6 7 23 12 29 13 30 
27 14 
17 18 2 6 23 
16 19 21 5 7 26 12 15 
16 17 3 23 9 26 14 
2 6 9 10 12 14 15 16 17 18 21 24 26 27 29 
1 4 5 21 24 8 25 10 26 11 27 28 
24 27 
1 5 8 9 10 11 12 15 17 20 22 24 25 26 27 
1 3 4 6 22 23 28 14 30 
21 11 28 30 
22 26 12 
5 9 29 
1 19 5 6 23 8 25 9 28 30 
20 8 
16 1 4 22 6 24 9 10 11 30 14 
18 25 9 
20 21 5 10 26 28 12 30 
3 5 7 8 10 11 12 16 18 21 22 24 26 27 
16 17 1 5 7 24 30 14 
1 18 2 20 6 23 27 11 12 13 30 14 
16 18 2 19 8 24 29 30 15 
17 18 20 5 
19 3 4 
16 18 20 5 6 8 25 26 10 27 28 13 
18 9 26 13 
4 6 27 12 
1 19 5 7 9 25 28 29 
19 
17 18 8 9 25 26 
22 11 
1 18 23 26 29 13 14 30 
2 3 7 9 15 16 18 19 23 24 26 28 29 
3 5 7 11 13 16 17 18 21 24 27 28 30 
1 2 3 21 6 22 23 7 27 
1 2 3 7 23 24 9 11 28 15 
18 19 7 24 25 10 11 12 29 30 15 
2 21 6 12 13 15 
3 19 4 21 7 26 11 30 14 
17 18 20 5 7 8 10 11 12 13 29 
6 7 10 29 
27 
17 19 21 22 23 8 10 28 13 30 
8 
19 26 30 
1 2 19 4 6 23 24 9 10 11 30 
4 5 8 12 13 14 15 
23 7 24 25 26 11 12 14 
4 7 24 9 10 11 27 28 
1 2 3 4 7 9 13 14 17 19 21 22 23 26 29 
16 1 18 4 23 8 27 
16 21 24 25 29 30 15 
18 5 23 12 30 
3 4 5 22 8 9 26 27 13 
17 3 7 
18 7 11 
9 13 30 14 
1 
16 2 21 10 15 
1 24 25 
17 20 6 23 8 9 28 12 13 14 15 
1 3 6 8 10 12 13 16 19 21 22 27 30 
30 
5 6 7 8 12 13 15 16 17 21 22 27 30 
19 9 10 
3 29 
2 4 6 7 8 9 12 13 15 20 21 22 23 30 
17 2 3 19 5 21 23 7 24 8 10 27 
16 1 2 3 5 21 24 8 11 28 13 
3 23 
3 8 9 11 12 16 18 21 23 24 25 26 27 28 30 
22 23 25 27 12 15 
1 28 
1 2 4 6 10 12 15 19 20 22 23 25 28 30 
17 21 7 11 27 13 
18 21 5 24 25 10 14 
24 11 
6 
5 
1 19 20 5 9 12 13 30 15 
18 
16 3 19 12 
17 19 3 22 8 25 27 11 13 15 
1 2 3 4 20 5 7 8 24 10 29 30 
1 17 18 19 3 21 5 7 25 26 11 
5 9 28 
2 27 
3 10 
2 3 5 7 8 12 13 16 20 23 26 27 30 
2 24 26 27 30 
18 2 4 21 5 22 7 9 13 30 
19 20 21 22 23 10 12 28 
2 3 4 6 8 11 14 18 20 21 22 23 24 27 30 
5 27 29 
17 21 23 
2 4 5 6 7 8 12 15 16 17 19 21 26 28 29 
18 20 5 24 8 25 10 27 28 13 14 
18 25 14 15 
16 2 3 22 7 26 10 28 13 15 
18 15 
2 18 25 
17 2 19 7 8 25 10 11 12 13 30 
18 19 4 20 23 9 
2 11 
10 27 
18 
17 1 2 24 10 28 
17 20 7 8 24 25 12 
16 17 3 20 6 8 10 11 12 13 14 
2 3 4 5 6 7 9 10 11 13 17 22 26 30 
1 4 7 8 25 9 13 30 15 
27 
18 24 29 
1 2 8 13 
19 4 9 12 
17 3 29 
16 17 1 5 6 29 14 
1 18 2 25 
18 27 30 
1 4 
2 20 6 22 8 25 26 28 12 29 15 
16 17 3 21 22 
17 2 4 20 21 22 6 9 13 29 
2 6 7 8 9 10 14 15 16 18 20 21 25 26 
17 1 2 20 6 25 26 10 28 15 
17 1 2 3 4 22 7 23 9 10 13 15 
8 25 
18 10 26 27 28 13 14 15 
1 5 6 7 8 10 11 12 13 15 19 22 23 24 30 
22 24 8 26 11 27 29 14 
1 20 5 23 24 8 13 
16 1 17 2 19 21 5 22 7 25 15 
10 30 
4 23 24 9 26 27 
1 3 5 23 7 8 25 26 14 30 
11 
4 21 6 7 12 29 15 
1 2 3 4 5 6 8 9 11 17 21 23 24 29 
17 18 19 20 8 29 
1 19 4 26 12 
17 3 25 9 11 12 
18 6 22 10 30 
2 7 9 30 
2 4 5 8 10 11 16 17 20 21 22 24 25 27 
2 19 3 9 25 13 
1 17 2 3 21 23 24 25 9 10 12 15 
17 2 22 24 10 28 14 30 
16 3 20 21 7 27 29 15 
3 4 10 12 13 14 15 17 18 19 21 24 27 29 
1 17 5 22 6 25 28 30 
1 2 3 7 9 10 11 12 13 15 19 22 25 26 
5 8 27 
12 28 
2 3 6 7 8 10 11 12 15 16 18 22 23 24 30 
4 6 7 8 9 10 13 15 19 20 22 23 27 29 30 
3 21 7 23 8 24 11 14 
21 22 6 9 28 
16 19 21 5 22 12 13 29 
1 2 3 5 6 7 8 9 17 20 22 25 26 29 30 
2 21 5 14 
18 22 25 27 13 29 15 
16 2 19 4 22 9 10 28 13 
3 4 20 11 29 15 
2 3 5 6 12 14 16 17 18 20 21 23 24 26 30 
4 5 6 8 10 11 12 17 19 23 26 27 28 29 
16 8 26 12 
1 5 8 10 11 14 16 20 24 25 27 28 30 
1 19 20 7 13 30 
8 11 12 14 15 16 17 19 20 22 24 26 27 30 
17 4 5 22 23 7 10 13 14 15 
16 22 7 23 8 24 9 11 12 30 15 
16 2 19 3 8 29 15 
16 18 2 20 22 7 25 10 12 28 14 15 
21 6 13 
16 1 18 4 5 6 24 8 9 13 
25 
18 3 20 21 6 22 8 10 28 30 
2 4 5 6 7 10 11 13 18 19 20 21 23 25 28 
1 18 19 24 12 14 
2 4 7 23 28 
1 2 3 4 8 9 10 11 16 17 18 20 22 27 
17 1 18 19 5 21 23 10 11 29 30 
2 24 10 13 30 
17 19 5 23 24 25 11 13 29 30 15 
1 2 3 4 8 10 13 14 16 18 21 24 28 30 
18 20 22 25 11 27 29 
2 18 28 30 15 
3 4 24 27 12 29 
1 9 10 14 15 17 19 20 21 23 25 28 30 
1 2 4 22 7 8 24 11 13 30 14 
1 3 20 24 25 27 14 
16 23 9 26 28 14 
16 2 20 8 24 26 27 13 14 
17 18 23 9 29 
16 18 19 20 22 23 8 24 28 
3 4 6 30 
16 4 22 13 
16 19 3 20 21 12 29 30 
1 3 5 7 9 11 12 14 17 19 20 21 23 24 25 26 28 30 
1 2 3 4 5 6 7 8 9 10 12 13 14 15 17 18 19 21 22 23 24 25 26 27 28 29 30 
1 3 4 5 6 8 9 10 11 12 13 14 15 16 17 18 20 21 22 23 24 26 27 28 29 30 
1 3 4 5 6 7 8 9 10 11 12 13 14 15 16 17 18 19 20 21 22 23 25 26 27 28 29 
1 3 4 7 8 10 12 14 15 16 17 18 19 20 21 22 23 25 26 27 28 
1 2 3 5 6 7 8 9 10 11 13 14 15 16 17 18 19 20 21 23 25 26 27 28 29 30 
1 2 3 4 5 6 8 9 10 11 12 13 14 15 16 18 20 22 23 24 25 26 27 28 29 30 
1 2 3 6 7 8 11 12 13 14 15 16 18 19 21 22 23 24 25 26 27 29 30 
1 20 21 7 
13 
18 22 24 25 12 
7 25 9 29 
5 6 22 23 7 24 26 28 12 13 29 14 
1 20 4 8 9 10 13 
1 18 4 6 7 23 25 10 27 11 12 13 
16 18 2 4 20 21 5 6 8 25 11 
1 2 4 5 6 7 8 9 10 11 12 13 14 15 16 17 18 19 20 22 23 24 25 26 28 30 
1 3 4 6 7 9 10 12 13 14 16 17 18 19 20 21 22 23 24 25 26 28 29 30 
1 2 4 5 6 7 8 9 10 11 12 13 14 15 19 20 21 22 23 25 26 28 29 30 
1 2 3 4 5 7 8 9 10 11 13 14 15 17 18 19 20 21 22 24 25 26 27 28 29 30 
2 3 4 5 6 7 8 10 11 12 13 14 15 16 17 18 19 20 21 22 25 26 27 30 
2 3 4 5 6 7 8 10 11 12 14 15 16 17 18 19 20 21 22 24 25 26 27 28 29 
17 19 20 25 9 26 27 
18 6 23 26 12 28 14 
4 6 7 9 11 12 13 17 18 22 26 27 28 30 
3 5 8 9 10 11 13 15 21 22 24 25 27 28 
16 5 22 8 25 11 28 15 
16 17 20 6 7 8 26 27 12 29 
17 1 18 3 5 21 7 10 11 28 12 13 
1 2 3 5 7 11 12 14 16 18 25 26 28 
19 4 5 24 28 
11 
1 2 3 4 8 9 10 13 15 22 25 26 30 
18 19 4 6 12 
1 3 5 6 12 14 15 17 18 25 27 28 29 30 
25 
17 22 7 8 24 9 25 10 27 28 30 15 
16 1 18 5 22 7 24 10 28 29 14 
3 
12 30 
1 2 4 22 24 26 11 13 30 
17 3 20 4 6 8 12 13 29 30 
16 1 18 21 27 11 28 13 
16 1 17 20 4 24 9 10 
16 2 21 5 7 27 12 13 30 15 
16 2 18 3 22 7 23 8 9 10 26 13 
28 
17 2 3 23 8 10 12 29 30 
18 22 26 27 30 
1 18 19 21 5 26 27 12 29 30 
1 2 3 22 9 27 13 
16 1 18 21 5 
24 
16 2 3 20 4 23 25 10 27 11 12 28 
4 12 
3 23 11 28 30 
16 10 27 12 
29 30 
2 19 5 23 24 25 28 
16 1 4 20 5 21 6 22 10 27 11 29 
2 22 25 9 26 11 14 15 
3 19 6 7 11 27 28 
1 2 4 7 8 9 14 16 17 18 19 22 24 28 
18 2 4 21 23 7 11 15 
16 17 3 19 14 
8 
21 7 25 12 29 13 
1 3 4 21 9 29 14 
2 9 10 12 13 14 15 16 19 20 22 26 27 28 29 
1 18 
1 4 5 7 10 11 12 14 16 20 21 23 24 26 30 
2 19 4 11 15 
3 22 9 14 
2 6 7 25 11 15 
17 3 21 23 24 9 26 28 13 29 14 15 
16 17 18 21 9 27 12 13 29 14 
17 2 23 7 24 26 
19 4 8 24 25 10 13 30 15 
1 6 22 7 13 30 
7 11 
2 4 7 10 14 17 18 20 23 24 25 29 30 
21 5 8 25 27 
6 22 23 25 9 27 11 28 15 
1 3 7 8 9 10 13 15 16 18 20 23 24 30 
16 18 2 4 5 23 24 27 13 29 30 
17 
3 24 13 30 
3 20 22 23 8 27 14 15 
17 2 3 21 23 7 26 29 14 15 
2 7 11 14 15 17 19 21 25 26 28 29 30 
2 4 25 12 
3 20 21 8 11 28 12 
19 21 6 25 11 
16 2 4 5 7 24 28 29 
29 
16 17 20 28 30 
1 12 
16 2 12 
16 1 19 23 9 13 
1 2 4 12 15 
2 8 9 13 20 21 22 24 25 26 27 28 29 
17 19 8 12 15 
4 24 25 27 12 
1 2 3 4 5 10 14 16 17 20 23 26 27 28 
3 5 6 10 13 14 18 19 21 22 24 25 26 
16 1 23 
17 3 24 30 
16 3 20 7 23 10 27 29 30 
20 21 27 30 
9 
22 9 30 
16 1 17 5 7 10 27 28 12 15 
2 3 5 25 9 26 11 28 12 29 14 
16 17 1 21 22 8 25 9 28 13 15 
1 3 24 27 29 
1 2 20 23 8 24 26 28 12 29 13 15 
16 3 21 23 24 10 26 12 28 
18 2 5 21 11 30 
17 19 20 4 21 22 23 9 14 15 
1 2 22 10 27 28 13 
1 5 23 24 25 28 13 
24 11 29 15 
16 2 19 20 21 7 24 10 11 28 13 15 
1 18 21 24 8 27 29 14 30 
2 3 10 11 12 14 19 21 22 25 26 27 28 29 30 
17 2 19 21 8 10 27 13 
4 6 9 10 12 13 16 18 20 22 23 25 26 28 29 
4 8 9 13 14 15 16 17 19 21 25 28 29 
1 6 7 9 11 14 15 16 18 20 21 24 27 30 
1 18 5 6 27 12 29 30 
17 2 8 29 
1 3 5 6 7 12 15 18 19 22 23 26 28 29 
17 3 4 24 15 
2 3 6 10 12 17 18 19 20 23 25 27 28 30 
2 3 6 8 12 13 14 15 16 20 22 24 26 29 
2 3 4 5 8 9 11 12 13 14 15 17 21 
1 19 20 5 24 9 26 12 
17 19 23 12 14 
2 4 6 22 26 12 28 29 30 15 
18 3 4 20 21 6 22 7 25 11 12 30 
1 3 19 21 22 23 24 9 10 11 15 
17 2 19 12 13 29 14 
17 1 5 22 6 7 8 10 13 14 
2 5 6 8 26 10 27 14 15 
17 1 2 20 22 7 30 
1 3 4 6 7 8 10 11 16 17 18 21 23 26 
26 
1 18 3 20 4 23 24 9 26 27 28 30 
5 27 12 
16 17 3 20 24 9 25 26 27 11 
1 2 3 7 8 9 12 16 19 20 21 23 24 25 
16 1 19 4 10 
1 2 3 5 6 7 11 13 14 17 19 21 25 28 30 
5 7 9 26 11 29 
16 19 21 5 22 23 25 29 15 
1 18 2 3 4 6 23 28 14 30 15 
4 5 7 9 14 15 17 18 19 21 22 23 26 
17 2 3 19 20 21 7 9 10 11 28 13 
2 5 6 7 11 14 16 18 19 20 25 26 27 
3 5 8 9 25 26 13 30 
6 15 
16 1 2 3 19 6 7 9 27 
16 2 18 3 19 20 21 25 10 30 15 
1 30 
1 3 4 6 7 8 9 10 19 25 26 27 28 29 
9 11 15 16 19 20 21 22 23 26 27 28 29 
16 1 8 10 14 
24 15 
6 
18 5 6 24 9 25 26 11 13 30 15 
2 3 6 26 27 28 29 
17 3 20 4 22 11 
16 1 18 7 24 11 27 14 30 
19 27 29 
2 20 24 8 25 12 15 
2 19 20 22 23 9 26 13 29 
19 3 20 4 8 9 30 
18 2 19 3 21 6 7 11 27 13 14 15 
2 3 5 6 7 9 11 13 14 15 17 23 25 27 
21 24 9 25 28 
17 3 19 4 6 9 13 
23 10 27 12 30 15 
4 7 10 11 14 17 19 20 21 22 23 24 27 28 29 
23 24 26 
16 18 21 22 15 
3 25 10 
16 17 2 19 7 23 24 28 12 13 15 
1 3 4 5 6 9 17 18 20 22 23 24 27 28 29 
17 18 20 5 21 22 7 10 13 
1 8 10 14 15 16 19 20 21 22 24 25 29 30 
20 24 10 27 12 29 
22 24 12 28 14 30 
22 23 10 
3 20 7 9 26 11 27 12 13 
16 1 19 21 6 7 9 10 11 13 14 
19 22 6 9 26 11 30 15 
16 18 3 5 6 7 9 25 12 13 30 
28 
17 2 4 12 30 15 
3 4 8 10 11 13 17 19 20 25 26 28 30 
2 4 9 12 13 14 15 16 18 21 23 27 28 
5 6 8 12 14 18 20 21 22 24 25 26 27 28 30 
2 3 6 8 26 11 12 14 
16 1 2 20 5 22 23 8 25 10 28 29 
17 2 26 10 12 28 13 29 30 
3 5 6 7 8 9 16 17 19 20 21 24 25 29 30 
1 3 4 5 6 7 8 10 12 15 16 18 20 27 
16 1 5 21 6 23 9 10 11 27 13 30 
17 4 5 23 24 8 25 9 10 11 12 13 
17 5 22 
1 2 3 5 7 8 12 13 15 22 24 28 29 30 
2 5 7 9 11 12 13 17 18 19 22 23 25 26 29 
8 9 26 28 29 30 
3 4 21 6 22 8 27 12 29 30 14 15 
29 
1 2 5 10 12 13 15 19 20 21 23 26 27 29 30 
17 18 3 19 6 7 9 10 27 30 15 
3 7 10 11 15 17 18 19 20 22 24 27 29 30 
1 19 21 6 24 9 25 26 12 29 14 
1 18 2 4 21 8 25 26 27 29 
21 23 12 
1 21 24 9 25 10 27 12 29 14 
1 5 10 11 12 16 17 25 26 27 28 29 30 
29 15 
3 7 8 25 26 11 27 13 14 
1 2 9 14 16 17 19 21 23 24 25 26 27 28 
25 
1 18 20 5 12 
1 22 23 24 27 
2 4 6 9 12 13 16 17 18 21 24 27 29 
20 4 21 10 29 30 
21 22 6 23 9 25 10 26 11 12 14 
16 2 4 20 8 11 29 13 30 14 15 
26 
1 20 4 14 30 
17 18 3 4 21 7 26 12 28 13 14 
1 7 8 9 11 13 14 15 16 17 18 19 21 24 27 
16 17 5 21 8 26 10 27 12 
16 24 12 30 
18 22 7 8 10 12 28 30 
16 1 2 3 24 10 
20 4 7 25 26 10 27 13 
16 17 19 6 23 24 9 27 11 29 13 14 
1 17 23 8 11 14 
1 2 4 5 8 9 12 18 19 21 23 26 28 
17 2 3 4 5 23 25 9 10 11 
2 5 7 8 9 10 11 16 20 22 23 26 28 
2 4 5 6 9 10 11 12 13 14 15 16 17 18 19 22 24 25 26 27 28 29 30 
1 2 3 4 5 6 7 8 9 10 11 12 13 15 16 17 18 20 21 22 23 25 26 27 28 29 
1 2 3 4 5 8 9 10 11 12 13 14 15 16 17 18 19 20 21 22 24 25 26 27 28 29 30 
1 2 4 5 6 7 8 9 11 12 13 14 15 16 17 18 19 20 21 22 23 24 25 26 27 28 29 30 
1 2 3 4 5 6 7 8 9 10 11 12 13 14 15 16 17 19 20 22 23 24 25 27 28 29 
1 2 4 5 6 7 8 10 11 12 13 14 15 16 17 18 19 20 21 22 23 24 25 26 27 28 29 30 
2 3 4 6 7 8 11 12 13 15 16 17 18 20 21 22 23 25 26 27 29 30 
1 2 3 5 6 9 10 11 12 13 14 15 16 18 19 20 21 22 23 25 26 27 28 30 
1 2 3 4 5 6 7 8 9 10 11 12 13 14 15 16 17 18 19 20 21 22 23 24 26 27 
1 3 4 7 8 10 11 12 13 14 16 18 19 22 23 25 26 27 28 29 
1 2 3 4 5 7 8 10 11 12 13 16 17 19 20 21 22 23 24 25 27 29 30 
1 2 6 7 9 10 11 15 16 17 18 19 20 21 22 23 24 27 28 29 30 
2 4 5 11 12 14 17 18 19 20 22 26 28 29 
3 5 8 12 14 15 17 18 22 23 24 27 30 
1 3 6 7 8 9 12 14 15 16 17 19 21 25 29 
1 3 4 10 12 13 14 15 16 19 20 21 22 25 27 29 30 
1 3 6 23 28 13 14 
2 18 3 21 24 8 25 26 27 28 29 15 
17 5 
17 
1 2 20 22 6 23 10 27 11 30 
1 2 7 10 11 16 18 22 23 25 27 28 29 
1 5 23 28 
16 17 21 7 30 
2 6 7 8 9 10 11 12 13 16 21 23 28 
20 9 12 13 29 
23 12 
1 3 4 5 6 9 10 12 14 15 17 19 20 21 30 
1 18 20 25 9 14 
1 19 3 21 6 23 25 27 11 28 29 
17 1 18 14 
1 17 18 19 20 6 23 25 14 
21 10 11 
16 18 19 5 10 27 13 15 
2 3 4 21 9 
4 20 10 30 
3 4 6 8 10 14 16 18 19 21 22 24 27 28 
12 
1 18 20 21 8 11 
3 6 
17 3 4 20 5 25 27 28 
16 20 5 23 25 9 12 28 
18 2 4 21 22 7 25 10 28 14 
1 3 6 8 9 10 12 13 14 16 17 23 24 28 
3 4 5 6 7 8 11 12 13 14 17 19 24 25 29 
22 27 
20 10 
4 21 22 23 24 8 12 30 15 
1 4 10 11 16 17 18 19 23 25 26 28 30 
3 5 7 25 11 27 14 
3 22 7 28 29 
2 19 7 23 13 15 
5 23 26 12 14 30 15 
19 7 
16 21 7 25 27 12 
16 1 2 21 23 26 27 29 
19 4 20 21 24 15 
23 
4 
5 7 
17 18 3 4 21 6 8 12 14 
2 3 5 8 10 17 18 20 21 23 24 25 26 28 29 
1 3 7 10 13 15 16 20 21 23 24 25 26 
7 25 26 
17 1 18 2 3 20 21 9 10 29 14 
1 17 2 4 5 7 24 9 13 14 15 
22 9 25 
18 3 19 20 21 5 6 26 27 13 30 
16 17 3 19 23 8 24 25 11 30 15 
17 3 24 10 12 14 
1 7 8 10 11 14 17 18 21 24 26 29 30 
16 6 23 9 25 11 
22 
1 5 7 8 9 10 11 12 15 20 22 23 30 
19 3 20 5 6 7 24 9 11 12 14 15 
2 4 6 7 9 15 17 18 19 20 22 24 29 
8 
4 5 6 7 8 11 19 20 25 27 28 29 30 
20 5 21 22 9 26 14 
1 2 5 8 9 11 13 14 16 19 24 28 30 
17 19 8 24 25 26 10 11 13 
18 5 23 25 10 27 28 
3 6 8 9 10 11 12 13 14 18 19 21 22 26 30 
22 
1 2 4 6 7 8 15 17 19 24 26 27 28 30 
3 5 6 8 28 29 
18 2 20 21 22 8 9 11 28 14 
24 10 30 15 
8 26 12 
19 21 11 15 
16 1 18 3 4 23 7 24 25 28 14 15 
1 21 5 22 7 27 11 12 28 30 
19 
18 2 19 23 7 10 26 11 28 12 
18 30 15 
4 5 7 10 14 17 18 21 23 25 26 27 30 
17 9 25 10 
1 3 4 5 8 18 19 22 23 24 25 26 27 29 30 
3 5 8 9 11 14 15 16 20 22 23 24 26 27 28 
23 29 
16 19 22 27 30 
1 18 5 6 7 24 25 27 11 28 29 
18 3 19 20 21 6 24 11 29 13 14 15 
18 20 22 7 25 28 13 14 15 
20 4 7 25 9 10 27 28 14 
4 5 6 9 10 11 12 15 16 17 18 25 28 29 
16 1 2 4 22 6 23 26 29 
6 23 25 10 13 
3 4 7 23 24 9 10 28 13 
22 12 
1 18 20 6 22 24 8 9 28 13 29 14 
17 21 7 24 
2 3 4 9 10 12 14 19 20 22 26 29 30 
18 20 22 6 23 8 26 27 30 14 
3 21 5 10 11 12 29 14 
1 2 3 8 11 13 16 20 21 22 23 27 28 29 30 
18 2 3 22 8 10 27 28 29 
1 3 4 5 8 9 10 12 13 14 15 16 17 18 19 21 22 25 26 27 28 29 30 
1 2 4 5 6 7 8 9 10 11 12 15 16 17 18 19 21 22 23 24 26 28 29 
1 2 3 6 8 9 11 12 17 19 20 21 23 24 25 26 27 28 29 30 
1 2 3 5 6 7 8 9 10 11 12 13 14 15 16 18 19 20 21 22 23 24 25 27 29 30 
1 2 3 5 7 8 9 10 12 13 16 17 18 19 20 22 23 26 27 30 
1 2 3 4 5 6 7 8 11 12 13 14 15 16 17 18 19 20 21 22 23 24 25 26 27 28 29 30 
1 2 4 5 6 7 8 9 10 11 12 15 17 18 21 22 24 25 26 27 28 29 30 
3 5 6 7 8 9 10 12 13 16 19 20 23 27 
4 5 8 9 10 11 13 15 16 17 18 27 28 30 
18 20 24 28 12 
6 
3 7 11 12 14 18 21 22 25 26 28 29 30 
22 
20 29 
20 5 24 11 
18 19 5 23 7 8 11 27 28 12 14 15 
16 18 3 19 22 7 24 25 10 11 14 
1 3 4 10 11 13 16 17 19 20 22 23 26 28 
2 5 7 9 10 13 14 15 18 20 21 22 23 28 
14 
2 6 13 
17 3 20 6 9 14 30 
20 5 6 23 7 11 
16 17 18 4 6 9 28 29 
20 
1 21 22 23 7 25 10 11 27 28 13 15 
16 17 2 20 21 6 23 24 10 13 15 
16 1 5 21 24 8 9 10 12 28 30 15 
20 7 24 8 12 28 13 
3 4 6 8 26 12 30 15 
1 9 13 
1 3 8 9 10 13 14 16 18 19 21 23 30 
17 5 9 
2 3 24 8 9 10 26 11 27 12 13 
21 5 6 23 8 27 11 28 
16 1 18 4 20 5 21 6 25 27 13 
18 3 4 8 25 26 10 13 
16 1 19 6 23 8 24 10 11 28 15 
17 1 10 27 30 15 
7 8 13 14 17 20 22 23 24 25 28 29 30 
27 
1 3 20 4 21 22 25 28 
1 2 3 21 6 10 29 30 
19 10 13 
2 4 21 23 10 
9 11 15 17 18 19 21 22 23 27 28 29 30 
26 
22 6 10 27 13 14 
1 2 5 7 9 11 13 14 15 17 18 19 21 29 30 
19 
3 4 22 7 11 30 
1 18 20 25 26 28 12 14 
