1 2 3 4 6 7 8 9 10 11 12 13 14 15 17 18 20 21 22 23 24 25 27 28 30 
1 3 4 5 6 7 8 9 11 12 13 14 15 16 17 18 19 20 21 22 23 25 28 29 
1 2 3 4 5 6 7 8 9 11 13 14 15 16 17 18 19 20 21 23 24 25 26 27 28 29 30 
1 2 3 4 5 6 7 8 9 10 11 12 13 14 15 16 17 18 19 20 21 23 24 25 27 28 29 30 
1 2 4 5 6 7 8 9 10 11 12 13 14 15 16 17 18 19 20 22 23 25 27 28 30 
1 2 5 6 7 8 9 10 12 14 15 16 17 18 19 20 21 22 23 24 25 26 27 28 29 30 
2 3 4 5 7 8 9 10 11 13 14 16 17 18 19 20 21 22 24 25 26 27 28 29 30 
1 2 3 6 7 8 10 12 13 14 15 16 17 18 19 21 23 24 26 28 29 30 
1 2 3 4 5 6 7 8 9 10 11 12 13 14 15 16 17 18 19 20 21 23 24 26 27 28 
1 2 3 4 5 6 7 8 10 11 12 13 14 15 16 17 19 20 21 22 23 24 25 26 27 28 29 30 
1 3 4 5 6 7 8 9 10 11 12 13 14 15 16 18 19 20 21 23 24 25 27 29 30 
1 2 3 4 5 6 7 8 9 10 11 12 13 14 15 16 17 18 19 20 21 22 23 25 26 27 28 29 30 
1 2 3 5 6 7 8 10 11 13 15 16 17 19 20 22 24 25 26 27 28 29 30 
1 2 3 4 6 7 8 10 11 12 13 14 15 16 17 18 19 20 21 22 23 24 25 27 28 29 30 
1 2 3 4 5 6 7 8 9 10 11 12 13 15 16 17 18 19 20 21 22 23 24 25 26 27 28 29 30 
2 3 4 5 6 7 8 9 10 11 12 13 15 16 17 18 19 20 22 23 24 25 27 28 29 30 
1 2 3 4 5 6 7 8 9 10 11 12 13 14 15 16 17 18 19 20 21 22 23 24 25 26 27 28 29 30 
1 2 3 4 5 6 7 8 9 10 11 12 13 14 15 17 18 19 20 21 22 23 24 25 26 27 28 29 30 
1 2 3 4 6 7 8 9 10 11 12 13 14 15 16 19 20 21 22 23 24 25 26 28 29 30 
1 2 3 5 6 8 9 10 11 12 13 14 16 18 19 20 21 22 23 25 26 27 28 29 30 
1 2 3 4 5 6 7 8 9 10 11 12 13 16 17 18 20 21 22 23 24 26 27 28 29 30 
1 6 7 9 10 12 16 17 19 21 24 26 27 28 29 
2 4 6 7 8 9 10 12 13 14 15 16 17 18 19 20 22 23 24 26 27 28 29 30 
1 2 3 4 5 6 7 8 9 10 11 12 14 15 16 17 18 19 20 21 22 23 24 25 27 28 29 30 
1 3 4 5 6 7 9 10 12 13 14 15 17 18 19 20 21 22 23 24 25 26 28 29 
1 3 4 5 7 8 9 10 11 12 14 17 18 19 20 21 22 24 25 26 27 29 30 
2 3 4 5 6 7 10 11 13 14 15 16 17 18 20 21 22 23 24 25 26 27 28 29 30 
1 2 3 5 6 7 8 9 10 11 13 14 15 16 17 18 19 20 21 22 23 24 25 26 27 28 30 
1 2 3 4 7 8 11 13 14 15 16 17 18 19 20 22 23 24 25 26 27 28 29 30 
2 3 4 5 6 9 11 12 13 14 15 16 19 20 21 23 25 26 27 28 29 30 
1 2 3 5 6 7 8 13 14 15 17 21 22 25 27 28 29 30 
1 2 3 7 8 12 13 14 15 18 19 20 21 22 23 26 27 29 
1 2 3 4 5 6 7 8 9 10 11 12 13 14 18 19 20 21 22 23 24 25 26 27 28 29 30 
1 2 3 4 5 6 8 9 11 13 14 15 16 17 18 19 20 21 22 23 24 25 26 27 28 29 30 
1 2 3 4 5 6 7 9 10 11 12 13 14 16 18 19 20 21 23 24 25 26 28 29 
1 3 4 5 6 7 8 9 10 11 12 13 14 15 17 18 19 20 21 22 23 24 25 26 27 28 29 30 
1 2 3 4 5 6 7 8 9 11 12 13 15 17 18 19 21 22 23 24 25 26 27 30 
1 3 4 5 6 8 9 12 14 15 16 17 18 19 21 22 23 24 25 26 29 30 
1 2 3 5 6 8 9 10 11 12 13 14 16 17 18 19 20 21 22 23 24 25 26 27 28 29 30 
1 2 3 4 5 6 7 8 9 10 12 13 14 15 17 18 20 21 22 23 24 25 26 27 28 
1 3 4 5 6 8 9 11 12 13 14 15 16 17 19 20 21 22 23 24 25 26 27 28 29 30 
1 2 3 4 5 6 7 8 9 10 11 12 14 15 16 17 18 19 20 21 24 25 26 27 28 29 30 
1 2 3 4 5 6 8 9 10 11 12 13 14 15 17 18 19 20 21 22 24 25 26 27 29 30 
1 2 3 5 6 8 9 10 11 12 13 17 18 19 20 21 22 23 24 25 26 28 29 30 
1 2 3 4 5 6 7 8 9 10 11 12 13 14 15 16 17 18 19 20 21 22 23 25 26 27 29 30 
1 2 3 4 5 7 8 9 10 11 12 13 14 15 16 17 18 22 23 24 27 28 30 
1 5 6 7 8 9 10 12 13 14 15 16 18 19 20 24 25 26 28 30 
1 2 7 9 10 11 12 13 14 15 17 18 21 23 24 25 26 27 28 29 30 
1 2 3 4 5 6 7 8 9 11 12 13 14 15 16 18 19 20 21 22 23 24 25 26 28 29 30 
3 4 6 7 9 10 11 12 13 14 15 16 17 18 19 20 21 22 24 25 26 28 29 30 
2 3 4 5 9 11 12 14 15 17 18 19 20 22 23 24 25 27 30 
1 2 3 4 5 6 7 9 10 11 12 13 14 15 16 17 18 19 20 21 22 23 24 25 26 27 28 29 30 
1 2 3 4 5 6 7 8 10 12 13 14 15 16 17 18 20 21 22 23 24 27 28 29 30 
1 3 4 5 6 8 9 11 13 14 15 16 17 18 19 20 22 23 25 26 27 28 29 30 
1 2 3 4 5 6 7 8 9 11 12 13 14 16 17 19 20 21 22 23 24 27 28 29 30 
1 2 3 5 7 8 9 10 11 13 14 15 16 17 18 19 20 21 22 23 24 25 26 27 28 30 
3 4 5 6 7 8 9 10 11 12 14 15 16 17 18 19 20 21 22 23 24 25 27 29 30 
1 2 3 4 5 6 7 9 10 11 12 14 15 16 17 18 19 20 21 22 23 24 25 26 28 29 30 
1 2 3 4 5 6 7 8 9 10 11 12 13 14 15 16 17 18 19 20 21 22 23 24 25 26 27 28 29 30 
1 2 5 6 7 8 9 10 11 12 13 14 15 16 17 18 19 20 21 22 23 24 25 26 28 29 30 
1 2 4 7 9 10 12 13 14 15 16 17 18 19 24 26 27 29 30 
1 2 3 4 5 6 7 8 11 12 13 14 15 17 18 19 20 26 27 28 29 30 
1 3 4 6 7 10 12 13 14 15 16 17 18 19 21 22 23 24 25 26 28 29 30 
1 2 3 4 5 6 7 8 9 10 11 12 13 14 15 16 17 18 19 20 21 22 23 24 25 26 27 28 29 30 
1 2 3 5 6 7 8 9 10 11 13 14 16 18 19 20 21 22 23 24 25 26 27 28 29 30 
1 2 3 4 5 6 7 8 9 10 11 12 13 14 15 16 17 18 19 20 21 22 23 24 25 26 27 28 29 30 
2 3 5 6 7 8 9 11 12 13 17 19 20 22 23 24 25 27 28 29 30 
1 2 3 4 10 11 12 13 14 17 18 19 23 24 25 26 27 28 
1 2 3 4 5 6 7 8 9 10 11 13 15 16 17 19 20 21 22 23 24 25 26 27 28 29 30 
1 2 3 4 5 6 7 8 9 10 11 12 13 14 15 16 17 18 19 20 21 22 23 24 25 26 27 28 30 
1 2 3 4 5 6 8 9 10 11 12 13 14 15 16 17 18 19 20 22 23 24 25 26 27 28 29 30 
1 4 5 7 8 9 10 12 13 14 16 17 20 21 22 23 24 25 26 27 28 29 30 
1 2 3 4 5 6 7 8 9 10 12 13 14 15 16 18 19 20 21 22 23 24 25 26 27 28 30 
1 2 3 4 5 6 7 8 9 11 12 13 14 16 17 18 19 20 21 22 23 24 25 26 27 28 29 30 
1 2 4 5 6 7 9 11 13 14 15 16 17 19 21 22 23 24 25 26 27 28 29 30 
1 3 4 5 6 7 8 9 10 11 12 13 14 15 16 17 18 20 21 22 23 24 25 26 27 28 30 
1 2 4 5 6 7 8 10 11 12 13 14 15 16 17 18 19 20 21 23 24 25 26 27 28 29 30 
1 2 3 4 5 6 7 8 9 10 11 12 13 14 15 16 17 18 19 20 21 22 23 24 25 26 27 28 29 
1 2 3 4 5 6 7 8 9 10 11 13 14 15 16 17 18 19 20 21 22 23 24 25 26 27 28 30 
2 3 4 5 6 7 8 9 10 11 13 14 15 16 17 18 19 20 21 22 23 24 25 26 27 29 30 
1 2 3 4 5 6 7 8 9 10 11 12 13 14 15 16 17 18 21 22 23 24 25 26 27 28 29 30 
2 3 4 5 6 7 8 9 10 11 13 14 15 16 17 18 19 20 21 22 23 24 25 26 27 28 29 30 
1 2 4 5 6 7 9 10 11 12 13 14 15 18 19 20 21 22 23 24 25 26 27 28 29 30 
1 2 3 5 6 7 8 9 11 12 13 14 15 16 17 18 21 22 23 24 26 27 28 29 30 
3 4 5 6 8 9 10 11 12 14 15 17 19 20 21 22 24 25 26 27 28 30 
1 2 4 6 7 8 9 10 12 13 14 15 16 17 18 19 20 21 22 25 26 27 29 30 
1 2 3 5 6 7 8 9 10 11 12 13 14 15 16 17 18 19 20 22 23 24 25 26 28 29 30 
1 2 3 4 5 6 7 8 9 10 11 12 13 14 15 17 18 21 22 23 24 26 27 28 29 30 
1 3 4 5 6 7 8 11 12 13 14 15 16 18 19 20 21 22 23 26 27 28 29 30 
1 4 7 8 9 15 16 17 20 22 23 24 28 29 30 
1 2 3 4 6 7 8 9 10 11 12 13 14 15 16 17 18 19 21 22 23 24 25 26 27 28 29 30 
1 2 3 4 5 6 7 8 9 10 11 12 13 14 16 17 18 20 21 22 23 24 26 27 28 29 30 
1 2 5 6 8 9 10 12 13 14 15 17 18 19 20 21 22 23 24 25 27 28 29 30 
1 2 3 4 6 7 8 9 10 11 12 13 14 15 16 17 18 20 21 22 24 25 26 27 28 30 
1 2 3 4 5 6 7 9 10 11 12 15 16 17 19 21 22 23 25 26 27 28 29 30 
1 2 4 5 6 7 9 10 13 14 15 16 17 18 20 21 22 23 24 25 26 27 28 29 30 
1 2 3 5 6 7 8 9 10 11 12 13 14 15 16 17 18 19 20 21 23 24 25 26 27 28 29 30 
1 2 3 4 6 7 8 9 10 11 14 17 19 20 21 23 24 25 26 27 28 29 30 
1 2 3 4 5 7 9 11 12 13 14 15 16 17 18 19 20 21 22 23 24 27 28 29 30 
1 3 4 5 6 7 8 9 11 13 14 15 16 17 18 19 20 22 23 24 25 26 27 28 29 30 
1 3 5 6 8 9 10 11 13 14 15 17 18 19 22 25 26 28 29 30 
1 2 3 4 6 7 8 9 10 11 12 13 14 15 16 17 18 19 20 21 22 23 25 26 27 28 29 30 
1 2 3 4 5 6 7 8 9 10 12 13 14 15 16 17 19 20 21 22 23 24 25 26 27 28 29 
16 17 2 18 3 24 29 15 
3 20 13 
1 17 2 4 21 7 8 26 27 15 
1 2 3 4 5 6 7 8 9 11 12 13 14 15 16 17 18 19 20 21 22 23 24 25 26 29 30 
1 2 3 4 5 6 8 9 10 11 13 14 15 16 17 18 20 21 22 23 24 25 26 27 28 29 30 
1 18 4 6 23 24 15 
20 5 22 7 8 25 10 29 30 14 15 
1 3 4 6 7 11 15 18 20 21 22 25 26 27 29 
19 4 8 24 27 12 30 
1 2 4 6 11 13 15 17 18 20 21 25 27 29 30 
5 10 
1 4 5 21 8 25 27 12 28 29 30 
23 
25 10 30 
1 2 3 9 12 15 17 18 23 24 25 26 27 
16 5 23 9 29 
1 2 18 23 11 
17 2 3 19 5 6 22 24 8 10 29 14 
1 18 21 6 22 23 24 26 15 
2 18 8 25 14 
2 3 24 8 25 10 
13 
17 3 4 29 30 
17 5 23 25 26 28 30 
1 19 27 
4 22 7 8 26 28 30 
18 2 20 6 22 8 12 29 14 
4 6 9 13 18 19 22 23 24 27 28 29 30 
1 22 27 
6 23 25 27 30 14 
1 2 3 4 6 7 9 10 11 12 13 14 15 17 18 19 21 23 25 27 29 30 
1 2 3 4 6 7 8 10 11 13 14 15 16 17 18 19 20 22 23 24 26 28 30 
1 2 3 4 5 6 7 8 9 10 12 13 14 15 16 17 18 19 20 21 22 24 25 26 27 28 29 30 
1 2 3 4 5 6 7 8 9 10 11 12 13 14 15 16 17 18 19 20 21 22 23 24 25 26 27 28 29 30 
2 3 6 9 10 11 12 13 14 15 19 20 22 23 25 26 27 28 29 
1 2 4 5 6 7 8 9 10 12 13 18 19 20 22 23 24 26 27 29 
2 3 4 5 6 7 8 9 10 11 12 13 14 15 16 18 19 20 21 22 23 24 25 26 27 28 29 30 
1 2 3 4 5 6 8 9 10 11 12 13 14 15 16 17 19 20 21 24 26 27 28 30 
1 2 4 5 6 7 8 9 10 11 12 14 15 16 17 18 19 20 21 24 25 26 27 28 30 
1 2 3 4 5 6 7 10 11 12 13 14 15 16 17 18 19 21 22 23 24 25 26 28 29 30 
1 2 5 6 7 8 9 10 11 12 13 14 15 16 18 19 20 22 23 24 25 26 27 28 29 30 
6 7 9 10 12 13 14 15 18 19 20 21 22 23 24 26 27 28 29 30 
1 2 3 5 8 9 10 11 13 14 16 17 18 19 20 22 23 26 28 29 30 
1 2 3 4 5 6 7 8 9 10 11 12 13 14 15 16 17 18 19 20 21 22 23 24 26 27 29 30 
1 2 3 4 5 6 7 8 9 11 13 14 15 16 17 18 19 20 21 22 23 24 25 26 27 28 29 30 
1 2 3 4 5 6 7 8 9 10 11 12 13 14 15 16 17 18 20 21 23 25 26 27 28 29 30 
1 3 4 5 7 8 9 10 11 12 13 14 16 17 18 19 20 21 22 23 24 25 26 27 28 30 
1 3 4 6 8 12 14 16 17 18 19 21 22 23 24 25 29 
1 3 4 5 6 7 9 10 11 13 14 15 16 17 18 19 20 21 22 23 24 25 26 27 28 29 30 
1 2 3 4 6 7 8 9 10 11 12 13 15 17 19 20 22 23 24 25 26 27 28 29 30 
16 17 19 20 22 23 
1 2 4 7 8 10 11 12 13 14 15 17 19 20 21 22 23 24 25 27 28 29 30 
1 17 19 22 23 8 27 28 29 15 
18 19 4 6 7 23 24 27 11 12 
16 1 18 19 5 21 7 26 27 28 13 15 
1 
12 30 14 
17 20 4 23 9 26 11 29 15 
4 5 6 7 11 13 15 16 22 24 28 29 30 
2 3 4 5 6 7 9 10 11 12 13 14 15 16 17 18 19 20 21 22 23 24 25 26 27 28 29 30 
2 3 5 6 7 8 9 10 11 12 14 15 16 17 22 23 24 25 26 27 28 29 30 
1 2 3 4 5 6 7 9 10 11 12 13 14 15 17 18 19 20 21 22 23 24 25 26 27 28 29 30 
1 2 3 4 5 6 7 8 9 10 11 12 13 15 16 17 18 19 20 21 22 23 24 25 27 28 29 30 
17 1 5 25 11 14 
1 2 4 6 7 8 9 10 11 12 13 14 15 17 18 19 22 23 24 27 28 29 30 
1 2 4 5 9 10 11 12 13 14 15 16 18 19 20 21 23 24 26 27 28 29 30 
1 2 3 4 5 6 7 8 9 10 11 12 13 14 16 17 18 19 20 21 22 23 24 25 26 27 28 29 30 
1 2 4 5 6 7 8 9 10 12 13 14 15 16 18 19 20 21 22 23 24 25 27 28 29 30 
1 3 4 5 6 7 8 9 11 12 13 14 16 17 18 19 20 21 22 24 25 26 27 29 30 
1 2 3 4 5 6 7 8 9 10 12 13 14 15 16 17 18 21 22 23 24 25 26 27 28 29 30 
2 3 4 5 6 7 8 9 10 11 12 13 14 15 17 18 19 20 21 23 24 26 28 29 30 
1 2 3 4 5 6 7 8 9 10 11 12 13 14 15 17 18 19 20 21 22 23 24 25 26 27 29 
1 3 4 5 6 8 9 11 12 13 14 15 16 17 19 20 21 22 23 24 25 26 28 29 30 
1 2 3 4 5 6 7 8 10 11 12 14 16 17 19 20 21 23 24 25 26 27 28 29 30 
1 2 3 4 5 7 9 10 11 12 13 14 16 17 18 19 20 21 23 24 25 26 28 30 
5 23 8 27 12 13 
16 3 19 25 28 
1 19 3 25 9 27 11 12 30 14 15 
17 3 27 12 
1 17 18 21 6 12 
16 17 19 3 4 20 7 25 9 27 12 28 
6 8 30 
16 3 21 7 24 26 28 29 
1 2 6 9 10 12 13 14 16 17 18 21 25 26 30 
16 19 20 21 22 23 8 10 29 
16 6 11 12 
1 25 9 28 29 
3 4 5 9 10 12 14 16 17 18 22 25 26 28 29 
2 4 6 7 8 11 12 14 15 16 17 21 24 25 27 
16 1 19 20 6 7 24 25 26 27 28 14 
18 21 24 12 
16 18 6 26 10 29 
2 3 5 10 11 12 13 17 18 20 22 23 24 28 29 
2 9 
11 
16 1 18 20 4 22 7 8 25 9 11 15 
1 4 5 9 11 12 13 14 15 17 20 21 23 24 28 
1 2 4 5 7 12 14 17 22 23 24 26 27 
2 18 21 5 22 7 23 9 26 11 12 29 
1 4 6 8 9 10 11 14 16 17 18 19 24 27 29 
18 22 
2 5 8 11 12 13 15 16 17 21 22 23 24 27 30 
17 1 3 20 5 23 8 24 25 9 30 14 
17 2 3 5 23 24 26 12 13 30 
19 3 4 6 7 27 11 28 13 14 
18 3 19 6 24 10 13 14 
10 
17 2 18 19 3 20 21 8 11 13 14 
25 
17 2 19 11 27 12 
16 19 5 6 24 25 10 11 30 
11 
16 1 3 23 8 9 10 27 13 29 30 
16 17 1 4 6 7 24 11 12 
29 
22 23 27 28 14 
1 18 4 21 6 7 8 24 26 27 11 29 
16 15 
17 4 5 7 8 9 25 10 27 12 30 15 
2 3 4 5 7 8 9 10 11 16 20 22 25 
5 6 9 29 
17 2 6 7 24 25 11 28 12 14 15 
4 24 26 28 14 
16 17 4 5 8 25 27 28 13 29 
16 2 4 20 5 8 11 12 29 13 
2 5 26 11 29 
3 5 6 7 9 11 13 16 18 20 24 25 27 28 30 
21 5 7 24 25 27 
18 3 4 5 10 12 
1 2 3 4 7 13 15 17 18 19 20 22 23 25 29 
18 19 3 4 21 22 7 24 27 29 
18 3 4 23 24 8 9 12 30 
17 3 22 7 8 29 14 
17 18 4 6 22 7 8 25 27 
18 3 5 22 23 8 24 10 27 11 
16 2 22 8 10 14 
8 27 
18 4 23 24 9 25 27 11 13 14 15 
15 
17 3 22 8 24 26 
18 2 20 21 22 23 24 26 11 12 29 30 
18 7 23 24 25 26 11 13 30 
18 3 6 8 14 
16 4 9 
17 2 7 8 24 26 27 12 30 14 15 
1 17 18 20 22 26 29 30 
17 
5 6 7 8 10 11 12 13 14 18 22 23 24 26 30 
4 10 27 12 
24 
18 20 4 5 22 7 24 9 11 29 
16 1 18 20 21 23 24 8 10 11 30 
28 30 
1 8 24 25 13 30 
1 2 8 14 16 19 20 21 23 25 27 29 30 
21 23 24 9 10 12 14 15 
5 9 10 12 
3 6 9 11 13 14 15 18 19 20 21 25 27 30 
3 20 21 22 24 9 10 28 
1 4 9 10 11 12 14 16 17 18 25 26 27 30 
5 22 23 25 
1 5 22 9 28 
16 1 17 2 3 4 21 5 9 11 14 
17 18 2 19 7 27 13 29 14 30 15 
16 17 2 19 20 5 11 
2 4 5 6 7 8 12 14 15 19 24 26 28 
22 14 
1 
1 2 3 4 9 10 11 13 15 16 19 25 29 
1 3 4 7 9 10 12 16 17 23 26 28 29 
16 17 19 3 4 21 23 9 10 11 12 28 
5 8 24 10 
2 20 21 23 24 26 11 29 
16 21 25 27 11 
1 2 4 5 7 8 9 10 12 13 16 17 28 30 
16 1 2 4 5 9 25 29 30 
1 7 9 10 11 12 13 16 18 20 23 27 28 29 30 
4 5 8 9 11 13 14 15 16 18 23 25 27 29 
22 10 15 
18 19 20 25 
12 
1 21 6 26 28 30 
3 5 22 25 12 28 29 14 
1 3 6 9 10 13 14 18 20 21 22 27 29 30 
1 18 19 3 25 11 13 30 
17 22 6 7 25 13 30 
8 
21 6 22 24 12 30 
29 
18 4 5 29 14 30 
2 4 8 9 11 13 16 17 20 22 25 26 29 30 
1 2 18 4 5 7 8 24 10 11 15 
1 23 
1 3 7 8 10 12 14 15 16 19 21 24 25 27 30 
2 22 24 10 29 
16 18 19 20 21 7 25 26 27 28 13 30 
2 21 22 6 9 
1 17 18 2 3 5 23 24 9 28 12 13 
3 19 4 8 26 11 28 
16 3 21 22 27 11 14 
4 5 9 26 28 13 29 
19 20 21 6 24 9 26 15 
17 19 21 6 7 25 30 15 
17 2 27 12 14 
1 3 6 7 9 12 13 18 21 23 25 27 28 30 
2 6 9 10 11 14 15 16 18 19 20 27 28 
1 6 8 12 14 15 16 19 21 22 24 25 28 30 
16 27 
4 6 8 12 15 16 19 21 24 25 27 28 30 
18 2 6 13 14 
27 14 
24 12 15 
1 3 6 8 12 14 15 16 22 23 26 27 29 30 
2 4 5 6 8 11 12 18 20 23 28 29 30 
17 1 18 6 7 24 25 27 11 14 
16 20 24 8 25 26 10 27 28 30 14 15 
16 2 7 12 30 
17 21 5 6 25 12 30 
1 21 9 28 29 
18 20 23 8 14 15 
17 18 8 9 10 26 
1 2 3 4 8 9 10 11 14 16 23 25 27 30 
17 1 2 3 19 20 5 24 11 29 15 
2 
17 18 4 6 23 24 25 9 26 12 28 13 
2 5 22 8 26 11 14 
16 1 3 20 9 13 
3 24 14 
17 
17 2 4 24 25 26 11 12 
2 4 7 24 25 10 26 12 29 13 
2 20 23 7 8 24 25 9 10 29 14 15 
1 2 19 4 21 10 11 28 13 14 30 15 
3 20 6 
17 19 3 21 10 29 13 30 14 
16 17 19 21 23 8 24 25 10 28 30 15 
16 1 18 21 6 22 10 28 
5 8 25 26 15 
19 6 27 13 
17 21 6 25 10 
3 
6 13 14 
20 7 10 
1 3 4 7 25 10 26 28 
7 9 11 30 
22 13 
17 
17 21 26 
2 3 4 6 10 12 29 30 
1 17 18 20 5 26 10 29 14 30 
16 1 18 19 21 7 9 10 11 12 28 15 
27 
1 2 6 7 8 10 12 13 15 17 19 20 23 26 29 
2 5 6 7 8 10 11 14 15 19 20 21 23 25 29 
5 24 
16 1 18 5 7 10 
16 20 6 8 10 26 12 29 
1 23 
1 18 4 22 11 27 13 
18 19 15 
16 20 6 24 10 28 29 30 14 
17 2 18 4 20 6 22 7 23 25 28 15 
2 3 20 5 22 23 10 11 28 12 13 
16 17 18 4 5 23 8 13 29 30 
1 17 19 21 6 25 27 13 29 30 
4 5 
7 26 
2 4 21 23 11 13 30 15 
16 19 4 5 8 10 27 13 29 14 30 15 
3 6 7 8 9 10 12 16 18 22 24 27 28 29 30 
16 17 1 5 23 27 29 
8 
22 
16 17 19 4 20 5 7 9 12 29 15 
16 6 10 
1 4 5 6 8 12 13 19 23 24 26 27 28 29 
1 5 7 8 9 14 15 17 18 23 24 27 28 
1 25 30 
5 21 23 9 25 10 13 30 
4 15 
18 4 27 
1 2 6 8 9 10 11 13 15 16 18 19 25 28 
2 3 4 8 10 11 14 15 16 17 18 19 20 23 27 
16 2 6 11 13 
18 20 22 26 27 
16 1 18 19 5 22 7 23 24 10 30 
2 4 9 26 27 14 
2 3 5 11 14 15 16 20 23 25 26 27 28 30 
17 6 22 24 9 26 27 11 13 29 14 
16 19 6 22 7 23 8 10 27 12 13 
17 18 21 5 22 6 7 8 27 13 15 
8 
17 1 2 3 7 24 9 10 27 11 12 28 
2 6 13 29 
18 2 3 4 21 24 8 10 11 29 30 15 
2 3 6 11 12 14 16 17 20 23 25 26 27 29 30 
22 28 
16 17 6 22 23 8 25 9 28 13 30 
9 
1 2 3 4 14 15 16 18 19 20 23 24 25 26 
24 
1 4 5 8 11 13 14 18 20 21 23 24 26 28 
1 2 3 5 9 10 12 15 22 24 25 26 29 30 
16 5 22 7 8 9 26 11 12 30 
1 18 19 21 5 7 25 11 
16 3 11 27 13 
16 1 2 24 8 25 10 27 12 14 15 
4 21 5 28 29 13 14 15 
19 20 5 6 8 11 28 12 13 15 
1 2 8 9 10 12 13 14 15 23 24 25 26 28 29 
16 17 18 19 4 22 24 9 10 26 12 
3 9 
2 5 25 10 15 
1 2 23 25 12 29 
1 5 11 14 15 17 18 19 21 22 24 25 26 28 30 
2 5 6 8 10 13 14 16 17 19 21 22 24 25 26 
17 18 19 3 20 6 22 7 24 28 14 
1 18 4 20 23 7 8 27 28 14 30 
3 5 10 11 12 14 15 16 21 23 24 25 26 27 30 
19 3 5 22 23 7 10 27 13 29 14 
18 3 4 22 24 14 
20 24 
18 10 27 29 
1 7 9 12 17 18 19 22 23 24 26 27 28 
19 7 24 8 10 26 11 12 13 29 
6 
18 21 6 8 9 26 27 13 30 15 
18 3 5 9 26 28 12 14 
3 7 9 11 14 16 17 20 23 24 25 26 28 29 
4 5 7 8 9 10 11 12 13 14 17 18 22 23 29 
17 4 6 23 8 27 29 13 
19 3 20 21 8 9 25 28 15 
17 2 20 7 8 24 9 25 11 13 
1 3 5 7 8 12 14 16 19 20 22 23 26 28 30 
1 2 19 5 22 23 24 25 10 13 30 15 
3 4 6 7 10 18 19 21 22 23 25 26 28 30 
17 19 23 24 14 
20 6 7 8 24 9 25 12 
1 17 19 22 25 10 26 27 29 13 30 14 
1 6 7 8 11 15 16 18 21 23 25 26 27 28 29 
18 2 25 15 
1 3 4 6 9 10 11 12 19 20 21 26 29 30 
16 2 19 3 4 5 22 6 24 9 11 15 
2 3 4 6 10 11 13 14 15 19 21 26 29 30 
1 18 20 21 6 23 27 28 12 13 14 
17 20 5 8 26 12 29 
17 3 20 5 6 22 23 11 29 
2 18 7 8 25 
2 22 23 25 26 10 11 28 13 14 
4 5 6 22 23 8 9 27 29 30 14 
16 1 2 20 7 23 11 29 
3 4 7 10 14 17 20 23 24 25 27 28 30 
23 
1 4 6 25 26 10 12 
17 18 21 6 23 9 12 29 13 14 30 
1 19 8 25 10 11 29 
1 2 21 6 7 8 24 26 27 13 14 
1 18 3 4 7 11 12 29 
2 7 
20 
3 4 5 6 7 11 12 14 17 20 22 24 28 
3 7 25 11 
6 9 10 12 14 16 19 23 24 25 26 27 28 30 
1 18 19 3 4 20 5 22 23 27 
16 17 1 19 20 24 10 30 
3 4 8 9 12 13 14 17 18 19 20 22 24 
7 8 10 12 14 17 18 19 20 21 23 27 29 30 
1 2 19 7 8 24 25 9 26 10 12 29 
7 
15 
4 5 6 12 15 
1 19 21 6 22 7 25 27 12 28 13 
16 17 18 20 4 28 13 29 14 30 
2 4 5 7 8 9 11 15 17 20 21 23 25 30 
16 1 17 22 7 8 9 25 26 27 13 29 
1 5 6 9 10 11 12 18 19 22 23 24 30 
16 19 22 23 26 10 11 27 12 28 14 
18 4 22 8 29 
1 7 28 
1 6 8 11 12 13 15 17 20 22 23 24 25 26 27 
4 21 24 25 11 
1 2 7 8 11 13 19 20 23 24 27 28 29 30 
16 23 13 
19 4 7 9 10 27 29 13 30 
16 17 23 24 14 
2 5 6 8 11 13 14 16 17 21 22 23 25 27 
2 3 4 5 6 11 12 14 15 20 23 25 26 27 29 
16 2 4 
3 20 22 8 24 9 26 10 12 13 14 
3 6 9 10 14 16 17 18 19 20 22 26 28 
17 1 3 22 25 9 10 30 
22 23 24 25 11 13 29 15 
1 20 7 11 15 
16 2 3 20 23 9 28 13 29 30 
4 5 9 11 13 16 17 19 21 25 26 27 28 29 
13 
2 19 20 22 6 7 25 10 27 11 13 29 
18 2 5 10 26 28 30 
2 3 6 8 9 13 16 18 20 21 23 24 28 
22 12 30 
18 21 6 
17 21 5 23 10 28 12 29 
5 
4 21 22 7 8 28 29 14 15 
18 19 21 22 
1 3 5 21 6 22 8 27 28 13 29 30 
29 
1 2 3 5 6 8 9 10 11 21 23 24 25 
16 18 3 19 22 6 25 11 27 28 12 13 
1 17 4 22 7 24 8 25 28 29 14 
2 25 10 
17 1 19 20 4 21 22 27 28 29 
16 17 18 21 22 6 28 12 29 
1 2 4 6 8 10 15 17 20 21 22 25 27 29 30 
17 2 5 23 7 8 13 
3 5 10 11 12 14 15 16 18 19 20 23 24 
16 20 26 11 12 30 
16 1 17 4 7 9 11 29 13 14 
6 23 27 30 
2 7 9 10 11 13 17 19 20 22 24 26 27 
6 30 
16 1 18 20 22 6 10 11 29 30 
3 4 5 12 13 15 16 17 19 21 23 25 28 29 30 
1 2 5 21 22 23 7 25 27 28 14 
1 17 2 3 22 10 26 27 11 28 12 14 
17 3 24 30 
16 2 5 8 25 14 
19 22 23 25 10 27 13 
16 1 18 19 3 5 8 11 12 28 14 
2 3 4 8 12 15 17 18 19 22 26 28 29 30 
19 21 6 8 9 11 13 
16 19 6 7 8 25 10 29 15 
16 2 19 3 8 24 26 27 12 28 13 30 
4 6 22 26 12 30 14 
18 2 5 6 22 7 23 8 25 29 13 30 
16 17 18 19 25 
26 
1 2 4 8 9 10 12 13 16 17 19 24 25 27 30 
17 4 5 23 24 10 28 
17 1 2 18 21 8 9 27 28 13 
16 19 3 7 23 27 11 
1 2 4 6 9 11 14 15 16 20 21 23 25 26 29 
18 21 10 26 28 13 
17 19 22 9 27 29 
19 22 30 
2 4 20 5 22 7 23 24 8 9 27 13 
16 2 3 20 22 23 24 25 13 29 30 14 
27 
2 
24 9 30 
1 21 7 23 8 11 12 
3 20 5 22 8 25 10 26 28 29 30 
1 2 7 8 12 13 15 17 19 21 24 25 29 
3 4 8 9 26 12 
17 2 19 4 6 23 25 11 
1 2 5 7 12 14 19 20 21 23 24 25 26 28 
17 19 5 22 7 
4 
4 5 8 12 13 17 18 20 22 25 27 28 29 
3 21 22 7 28 30 
3 19 4 22 8 30 
19 25 13 
2 5 7 10 11 12 15 17 19 20 21 25 26 29 30 
1 2 5 7 25 
1 21 13 
27 
17 18 19 3 21 24 26 12 15 
2 22 7 25 29 
1 7 9 10 13 15 17 20 21 23 24 28 30 
17 6 7 23 9 26 12 28 13 29 14 
2 19 21 22 23 25 10 11 29 
16 6 13 
17 20 4 22 25 12 13 30 15 
1 3 7 9 13 14 15 18 19 21 25 27 28 29 30 
18 2 20 6 22 8 25 10 12 13 
2 4 6 7 9 15 16 18 20 21 22 23 26 29 30 
19 22 
3 25 
16 9 27 11 
2 4 11 12 15 16 18 20 23 25 27 29 30 
1 3 6 7 8 10 12 14 19 20 23 26 28 30 
1 3 7 13 14 15 16 17 18 20 21 22 23 26 28 
2 3 4 6 8 9 10 16 20 23 25 28 29 30 
1 18 5 22 6 23 7 24 9 25 30 
1 2 3 6 8 11 12 13 18 20 23 25 28 
22 12 
1 19 20 22 7 26 29 14 
2 22 27 13 14 
3 6 7 8 9 10 11 15 17 20 22 24 25 28 29 
6 25 26 28 14 
16 17 2 20 6 7 24 11 30 
18 21 22 9 14 15 
3 7 9 11 14 15 
17 1 18 4 5 6 27 11 28 12 13 
1 2 3 4 5 7 13 17 20 22 23 26 28 29 30 
16 3 25 26 
4 7 23 24 27 11 13 29 14 15 
2 19 4 21 22 24 25 9 11 12 15 
3 6 8 9 11 15 16 19 23 24 26 27 30 
17 18 21 5 22 23 24 26 13 29 14 
4 5 6 10 11 15 16 18 19 20 23 24 25 27 28 
1 19 5 22 24 29 
16 17 21 26 29 30 
2 5 21 6 23 24 
16 1 4 21 7 28 13 30 
16 2 3 4 5 6 23 27 
16 1 17 21 23 7 24 8 13 29 14 
1 19 20 5 8 25 10 28 13 30 
17 18 2 3 7 
1 2 3 19 4 21 7 25 26 29 14 
17 3 20 21 10 15 
16 18 4 24 
1 19 23 
3 4 8 9 10 11 12 14 15 16 18 22 24 26 28 
1 4 9 10 13 14 17 18 19 21 22 28 29 
16 4 21 25 10 12 13 
16 1 18 5 22 24 9 27 29 13 14 30 
26 
9 13 14 
21 8 9 29 
2 6 7 9 10 11 13 14 15 16 17 25 28 30 
2 3 4 6 13 16 18 19 20 25 26 27 29 
16 17 2 19 20 4 7 9 28 29 14 
10 12 
16 4 21 22 25 10 
6 9 27 
2 18 3 26 12 13 15 
2 5 7 8 14 15 16 21 22 23 26 27 28 30 
2 3 6 8 9 12 18 19 20 26 28 29 30 
16 5 6 23 24 28 29 13 14 
17 18 3 21 5 7 25 26 10 29 30 
1 19 4 5 6 22 23 26 10 13 29 30 
3 7 10 11 14 15 16 19 22 24 25 26 27 28 30 
10 
16 2 18 4 5 23 9 11 14 30 
6 7 28 13 
6 8 9 11 14 15 17 19 20 26 27 28 29 30 
16 2 19 21 7 9 25 10 28 29 13 15 
3 20 4 5 6 7 24 8 25 10 29 13 
16 19 21 25 11 27 15 
16 4 21 7 24 28 15 
9 
17 1 19 3 4 7 24 10 
1 2 18 3 5 21 7 10 27 28 29 15 
16 1 20 4 29 14 
2 3 5 10 13 14 16 19 21 23 25 27 30 
20 7 11 27 12 29 30 14 
16 18 20 21 22 25 28 15 
1 3 20 
1 20 6 22 23 26 12 30 
1 18 3 5 21 22 7 8 25 15 
1 18 20 23 7 9 10 11 27 14 30 
16 17 18 5 21 23 7 9 10 26 30 
17 20 23 24 26 11 
5 24 13 
22 23 24 25 11 27 28 13 
1 18 19 24 25 28 29 
17 1 18 19 3 5 8 28 13 29 14 
18 3 19 22 11 12 15 
16 17 2 4 20 24 30 15 
1 4 5 8 9 10 11 15 16 18 20 21 26 
18 28 
24 10 12 
1 17 2 19 20 21 28 29 15 
7 25 11 
17 5 
23 
16 19 3 20 5 22 23 8 11 
16 2 8 25 12 15 
12 
16 17 2 21 24 8 10 
1 2 3 4 6 12 14 16 17 18 20 21 30 
16 3 
2 10 13 14 15 16 19 21 23 24 26 27 30 
2 5 6 7 8 9 10 12 15 17 18 20 24 28 29 
17 1 4 22 23 24 12 29 
18 4 
16 2 19 4 22 24 10 11 27 12 14 
22 15 
2 3 4 7 8 9 10 11 14 15 20 23 24 27 28 
1 4 5 7 11 14 15 20 21 22 23 24 28 
1 3 4 5 6 9 11 16 18 19 20 21 27 30 
19 5 6 8 13 29 
1 4 22 6 7 8 9 25 10 29 13 14 
16 1 2 3 21 5 22 9 27 28 15 
18 6 23 25 26 
8 24 
1 23 24 8 26 27 12 
1 4 5 8 13 14 17 19 23 24 25 27 30 
2 3 8 24 13 14 15 
17 18 19 20 21 6 8 10 28 12 29 14 
17 1 2 19 20 21 22 25 27 28 30 
3 6 7 9 12 16 18 20 23 24 25 26 28 30 
16 5 7 24 8 11 27 28 12 13 30 
16 3 6 7 9 26 30 15 
16 1 3 23 8 9 26 15 
18 2 19 4 21 7 9 10 11 12 28 15 
1 5 9 12 29 15 
18 19 21 8 11 29 
16 17 2 18 5 8 24 10 11 
19 3 5 22 
1 19 
2 20 4 8 10 12 29 14 
18 19 5 24 10 27 28 30 
3 4 6 9 12 14 15 17 18 22 23 26 27 28 29 
2 3 5 6 8 9 10 12 13 14 15 16 18 19 26 
17 4 5 6 9 25 11 
1 2 3 4 5 8 12 13 16 17 22 23 27 28 29 
16 2 5 22 25 26 10 28 12 13 30 14 
5 6 29 
3 20 21 6 7 24 10 11 12 13 30 
2 3 6 9 10 11 13 16 20 21 22 23 24 28 29 
7 27 
17 29 
5 24 
18 19 4 5 23 8 9 12 13 
26 28 
21 26 
2 20 5 10 11 29 13 15 
17 1 5 22 10 26 15 
1 9 
19 9 29 
1 3 4 5 11 14 16 18 19 20 22 24 26 27 28 
18 2 6 22 10 28 13 
17 18 2 3 23 24 9 12 30 14 15 
18 8 25 10 27 
1 2 4 5 6 8 9 11 12 13 17 20 22 29 
3 20 24 9 25 14 
6 7 8 12 13 14 15 17 18 19 21 22 25 
16 17 24 29 15 
3 5 9 15 16 17 19 20 21 22 23 25 27 28 30 
16 1 2 7 25 9 13 29 
17 3 5 23 25 10 12 28 29 30 15 
17 21 23 26 30 15 
3 21 5 6 22 28 
27 28 
1 3 23 25 10 26 11 12 28 13 30 14 
1 17 2 19 4 5 25 28 
20 29 
20 4 5 7 8 9 25 26 12 29 30 
17 6 26 28 
1 23 24 12 29 
17 3 5 22 23 9 27 28 13 30 
18 2 19 20 22 8 25 11 28 14 15 
19 3 21 22 24 9 10 11 29 14 15 
19 21 8 9 11 15 
2 4 5 9 11 12 13 15 17 18 21 25 27 28 30 
16 1 2 3 20 5 7 24 9 12 13 30 
16 17 1 3 4 6 22 8 9 10 11 15 
1 17 4 21 10 27 29 15 
2 9 10 
18 20 6 7 8 25 9 10 28 14 15 
2 5 12 30 14 
17 6 22 24 10 
22 26 
16 2 4 24 15 
16 3 22 7 23 26 11 12 
24 9 30 
4 6 7 8 10 11 13 14 15 16 20 23 30 
16 1 18 19 20 4 5 6 22 9 27 13 
3 6 10 11 12 14 18 20 23 24 27 28 29 30 
1 2 3 21 22 12 30 
23 
5 22 24 8 29 14 
19 8 9 29 
1 3 5 7 10 11 14 16 19 20 21 23 26 29 
1 2 3 7 8 10 12 13 15 17 21 22 25 28 
16 17 18 19 20 24 27 12 30 14 
2 27 
4 5 6 7 8 9 11 18 23 24 25 26 28 29 30 
22 6 
18 3 7 25 28 15 
16 2 18 22 9 15 
2 3 21 23 24 9 10 27 11 13 30 15 
1 5 9 11 13 14 15 16 17 18 19 21 23 29 30 
2 6 
1 4 21 6 23 8 10 11 27 14 
17 1 2 19 23 8 26 10 12 13 15 
16 1 19 5 6 23 8 26 27 28 12 14 
26 10 
1 
1 5 21 8 9 25 26 11 
16 19 20 21 7 24 11 12 28 13 30 
1 18 24 26 11 13 
20 23 8 10 
2 18 21 5 22 8 24 25 11 27 13 14 
17 3 7 
17 2 3 13 
17 1 3 4 23 24 8 13 
3 4 5 8 11 13 15 19 22 24 26 27 29 
1 3 4 5 8 10 12 13 18 19 21 23 24 28 
2 18 19 5 24 10 27 11 29 15 
16 17 18 20 22 24 11 
1 17 2 20 4 22 23 10 12 30 15 
18 
5 7 8 10 13 16 19 20 21 22 23 27 28 29 
4 6 8 12 
2 3 4 20 22 6 8 10 12 14 15 
16 18 3 21 8 24 9 28 15 
2 19 21 10 27 
17 2 8 25 29 
16 19 3 20 4 6 23 7 27 29 14 15 
2 21 24 28 29 
1 3 8 10 13 14 17 18 19 21 23 26 27 30 
16 18 3 20 4 21 5 25 10 30 14 
8 
16 17 5 
1 19 21 5 22 24 14 30 15 
18 12 28 30 14 
1 2 5 17 18 19 20 21 22 23 27 28 29 
16 17 5 21 22 24 27 
3 21 13 15 
1 3 7 9 11 12 13 14 16 18 22 25 28 30 
1 2 5 9 11 12 13 17 20 21 25 26 28 29 30 
6 26 12 13 29 
1 2 4 6 7 9 10 14 18 19 21 22 23 25 30 
3 27 
19 22 15 
4 5 6 11 15 16 19 21 23 24 25 27 28 29 
1 3 21 12 29 
16 1 17 2 20 4 7 9 10 11 29 
4 30 
3 19 5 6 11 
2 3 6 7 8 13 14 20 23 26 28 29 30 
5 22 7 11 28 15 
19 3 
1 17 19 3 8 12 13 
22 
18 3 22 23 25 26 29 14 
1 20 5 7 8 9 10 26 27 
1 17 18 20 24 12 
2 23 9 
1 18 7 25 9 10 29 14 30 
17 19 3 4 21 22 8 26 27 29 
5 7 8 10 11 13 15 17 18 20 25 28 30 
16 1 21 
1 2 4 5 11 14 16 17 23 24 25 27 28 29 30 
2 3 5 9 11 13 16 17 19 20 24 25 27 28 29 
19 7 11 
16 1 3 4 20 5 23 24 26 
17 1 2 3 20 5 23 8 25 26 27 30 
17 24 9 25 27 28 30 
10 26 
20 23 11 14 
19 4 20 22 24 25 27 12 13 29 
18 3 19 5 21 6 7 24 29 14 
17 5 21 6 12 15 
2 3 4 9 11 14 15 16 17 18 19 23 26 28 30 
4 
18 21 23 7 13 
17 18 3 20 6 24 25 27 29 
1 18 5 22 7 
17 1 4 5 6 7 23 24 9 10 12 30 
20 24 25 29 
16 19 21 22 7 25 12 29 15 
17 2 4 20 6 7 24 10 27 28 29 30 
16 1 19 21 22 12 29 
2 4 5 6 9 12 17 19 20 21 27 28 29 
30 
16 1 2 4 10 27 15 
25 
3 5 9 10 13 14 16 17 20 21 22 27 28 30 
2 3 7 8 9 14 18 19 20 21 25 29 30 
18 4 24 9 28 
17 19 21 
1 19 24 9 26 27 28 13 30 15 
3 8 9 26 14 
16 23 24 30 
16 1 5 23 24 26 27 28 13 30 
17 5 23 27 11 29 
20 
18 3 20 7 8 26 28 29 
17 18 19 21 6 23 25 11 30 
1 8 12 13 15 16 18 19 22 25 26 27 30 
18 20 
10 
3 4 20 22 7 24 25 11 14 
26 12 13 15 
1 2 3 4 5 12 13 14 16 19 20 22 26 27 29 
3 4 7 24 8 9 11 28 13 
5 6 7 8 10 11 12 16 18 19 21 22 25 26 29 
22 7 8 29 30 
5 14 
22 30 
5 6 8 11 15 16 17 18 19 20 21 23 26 27 
18 4 26 29 13 
17 2 3 19 21 22 23 12 28 30 14 
1 3 4 6 7 8 9 10 12 13 22 27 29 
5 6 8 9 12 13 14 15 16 19 21 22 26 27 28 
17 5 22 10 13 15 
1 17 18 2 3 6 8 27 28 
16 20 6 
2 10 
2 19 3 21 5 6 8 25 12 13 29 15 
18 19 21 6 23 8 12 13 29 30 14 
18 6 24 26 12 
16 2 19 20 5 22 8 25 10 12 14 
16 2 18 19 21 22 6 8 24 26 28 13 
16 19 5 22 26 11 28 15 
20 22 7 10 11 29 13 14 
1 18 24 10 28 
17 1 21 22 9 13 30 
1 2 3 4 6 8 9 18 22 24 26 28 29 
14 
16 20 21 22 15 
16 18 4 7 
4 5 7 8 11 15 
16 18 19 20 21 5 6 26 13 15 
17 2 4 5 21 25 12 28 13 15 
18 2 3 20 24 26 28 15 
13 
16 17 20 23 24 8 12 30 
16 17 18 2 3 19 21 23 24 29 30 14 
4 5 6 7 8 9 12 13 14 16 18 19 22 25 26 
2 3 20 4 5 8 24 11 30 
17 9 13 
17 18 19 3 21 8 9 25 10 28 14 
6 22 25 26 
17 21 5 6 8 24 9 10 27 12 13 
16 1 17 3 4 8 26 28 29 13 15 
16 17 23 24 9 15 
1 2 18 20 5 7 10 14 
1 6 15 
16 19 22 27 11 12 
1 19 3 20 5 23 8 25 10 26 28 
3 4 5 6 8 13 16 19 21 24 25 27 28 
1 
16 1 18 23 12 28 13 14 
16 4 22 23 7 29 13 30 15 
1 17 18 21 6 8 9 26 12 
2 5 27 29 14 
1 3 8 12 
22 23 24 8 11 27 28 12 15 
3 5 22 
1 4 5 8 9 11 13 14 19 21 22 25 27 28 29 
16 1 17 2 19 5 26 27 13 14 
16 4 10 26 11 12 29 
8 24 28 
17 4 23 28 13 15 
18 19 4 8 9 11 
17 1 22 8 26 27 13 30 
2 12 30 
8 25 10 26 27 12 
1 2 3 8 10 14 15 17 18 19 23 24 25 
17 18 19 5 7 24 8 9 26 12 28 15 
2 5 6 9 10 15 17 20 21 22 23 25 27 28 29 
17 2 20 4 22 24 10 11 14 
9 10 26 27 12 14 
17 3 5 24 26 10 27 28 
16 1 3 20 21 9 10 11 14 15 
2 3 5 6 7 9 10 12 14 17 18 20 21 22 24 
1 19 21 6 22 24 9 26 28 
15 
1 26 
16 17 19 4 20 21 22 23 25 10 13 15 
2 5 22 6 23 24 10 11 30 
1 2 5 7 9 10 11 15 17 20 23 24 26 27 29 
1 2 3 7 10 11 12 15 18 22 25 26 28 
18 6 
16 1 17 6 22 23 24 8 9 26 28 30 
16 19 20 5 7 24 26 11 13 30 
2 3 23 7 24 10 28 29 
2 24 9 25 12 29 
20 5 22 23 7 25 10 11 13 
17 9 11 12 14 15 
17 1 19 5 6 9 25 27 12 28 30 
18 19 21 23 10 11 12 
2 22 25 9 27 13 14 15 
2 5 6 12 13 16 17 18 19 25 26 27 28 
1 2 4 7 8 9 11 20 22 23 26 28 30 
16 15 
1 2 3 5 8 12 16 19 20 22 23 25 28 29 30 
1 3 8 9 11 12 13 18 19 21 23 27 29 30 
18 4 7 27 12 
1 2 3 6 7 9 11 12 13 16 18 21 23 27 
2 3 4 6 11 12 13 14 16 19 21 23 25 30 
2 3 21 7 12 28 30 
20 4 5 24 26 30 
17 18 20 22 6 10 27 15 
16 18 4 5 21 6 24 8 9 25 12 
2 3 20 6 7 10 27 13 29 30 
18 20 21 22 24 8 25 28 29 
9 10 12 28 30 15 
2 11 12 15 16 17 20 21 22 23 24 26 28 
16 2 19 20 21 7 24 9 14 30 
4 7 9 10 12 14 15 18 21 24 26 27 29 30 
23 
2 7 9 14 
18 13 
16 1 2 18 3 5 10 14 
1 2 3 4 6 9 11 12 13 19 20 22 25 27 28 
2 21 6 23 9 11 14 
17 21 
1 2 18 22 23 26 29 13 
17 19 21 7 25 10 26 11 12 14 15 
20 22 26 27 28 12 
18 4 6 30 14 
