b 1
b 2
b 3
b 4
b 5
b 6
b 7
b 8
b 9
b 10
b 11
b 12
b 13
b 14
b 15
b 16
b 17
b 18
b 19
b 20
b 21
b 22
b 23
b 24
b 25
b 26
b 27
b 28
b 29
b 30
b 31
b 32
b 33
b 34
b 35
b 36
b 37
b 38
b 39
b 40
b 41
b 42
b 43
b 44
b 45
b 46
b 47
b 48
b 49
b 50
b 51
b 52
b 53
b 54
d 5 1
d 6 1
d 5 2
d 5 3
d 5 4
d 5 5
d 5 6
d 1 1
d 1 2
d 1 3
d 4 1
d 4 2
d 4 3
d 4 4
d 4 5
d 4 6
d 4 7
d 4 8
d 4 9
d 4 10
d 4 11
d 4 12
d 4 13
d 4 14
d 4 15
d 4 16
d 4 17
d 4 18
d 4 19
d 4 20
d 6 2
b 55
b 56
b 57
b 58
b 59
b 60
b 61
b 62
b 63
b 64
b 65
b 66
b 67
b 68
b 69
b 70
b 71
b 72
b 73
b 74
b 75
b 76
b 77
b 78
b 79
b 80
b 81
b 82
b 83
b 84
b 85
b 86
b 87
b 88
b 89
b 90
b 91
b 92
b 93
b 94
b 95
b 96
b 97
b 98
b 99
b 100
b 101
b 102
b 103
b 104
b 105
b 106
b 107
b 108
b 109
b 110
b 111
b 112
b 113
b 114
b 115
b 116
b 117
b 118
b 119
b 120
b 121
b 122
b 123
b 124
b 125
b 126
b 127
b 128
b 129
b 130
b 131
b 132
b 133
b 134
b 135
b 136
b 137
b 138
b 139
b 140
b 141
b 142
b 143
b 144
b 145
b 146
b 147
b 148
b 149
b 150
b 151
b 152
b 153
b 154
b 155
b 156
b 157
b 158
b 159
b 160
b 161
b 162
b 163
b 164
b 165
b 166
b 167
b 168
b 169
b 170
b 171
b 172
b 173
b 174
b 175
b 176
b 177
b 178
b 179
b 180
b 181
b 182
b 183
b 184
b 185
b 186
b 187
b 188
b 189
b 190
b 191
b 192
b 193
b 194
b 195
b 196
b 197
b 198
b 199
b 200
b 201
d 1 4
d 1 5
d 6 3
d 6 4
d 6 5
d 6 6
d 6 7
d 6 8
d 7 1
b 202
b 203
b 204
b 205
b 206
b 207
b 208
b 209
b 210
b 211
b 212
b 213
b 214
b 215
b 216
b 217
b 218
b 219
b 220
b 221
b 222
b 223
b 224
b 225
b 226
b 227
b 228
b 229
b 230
b 231
b 232
b 233
b 234
b 235
b 236
b 237
b 238
b 239
b 240
b 241
b 242
b 243
b 244
b 245
b 246
b 247
b 248
b 249
b 250
b 251
b 252
b 253
b 254
b 255
b 256
b 257
b 258
d 1 6
d 1 7
d 1 8
d 1 9
d 1 10
d 1 11
d 1 12
d 1 13
d 1 14
d 1 15
d 1 16
d 1 17
d 1 18
d 1 19
d 1 20
d 1 21
d 1 22
d 1 23
d 1 24
d 1 25
d 1 26
d 1 27
d 1 28
d 1 29
d 1 30
d 1 31
d 1 32
d 1 33
d 1 34
d 1 35
d 1 36
d 1 37
d 1 38
d 1 39
d 1 40
d 1 41
d 1 42
d 1 43
d 1 44
d 1 45
d 1 46
d 1 47
d 1 48
d 1 49
d 1 50
d 1 51
d 1 52
d 1 53
d 1 54
d 1 55
d 1 56
d 1 57
d 1 58
d 1 59
d 1 60
d 1 61
d 1 62
d 1 63
d 1 64
d 1 65
d 1 66
d 4 21
d 4 22
d 4 23
d 4 24
d 4 25
d 4 26
d 4 27
d 4 28
d 4 29
d 4 30
d 4 31
d 4 32
d 4 33
d 4 34
d 4 35
d 4 36
d 4 37
d 6 9
d 6 10
d 4 38
d 7 2
d 8 1
d 8 2
d 8 3
d 5 7
d 7 3
d 1 67
d 1 68
d 1 69
d 1 70
d 1 71
d 1 72
d 1 73
d 1 74
d 1 75
d 1 76
d 1 77
d 1 78
d 1 79
d 1 80
d 1 81
d 1 82
d 1 83
d 1 84
d 1 85
d 9 1
d 9 2
d 9 3
d 9 4
d 6 11
d 6 12
d 6 13
b 259
b 260
b 261
b 262
b 263
b 264
d 7 4
b 265
b 266
b 267
b 268
b 269
b 270
b 271
b 272
b 273
b 274
b 275
b 276
b 277
b 278
b 279
b 280
b 281
b 282
b 283
b 284
b 285
b 286
b 287
b 288
b 289
b 290
b 291
b 292
b 293
b 294
b 295
b 296
b 297
b 298
b 299
b 300
b 301
b 302
b 303
b 304
b 305
b 306
b 307
b 308
b 309
b 310
b 311
b 312
b 313
b 314
b 315
d 1 86
d 1 87
d 1 88
d 1 89
d 1 90
d 1 91
d 1 92
d 1 93
d 1 94
d 1 95
d 1 96
d 1 97
d 9 5
d 9 6
d 9 7
d 9 8
d 9 9
b 316
b 317
b 318
b 319
b 320
b 321
b 322
b 323
b 324
b 325
b 326
b 327
b 328
b 329
b 330
b 331
b 332
b 333
b 334
b 335
b 336
b 337
b 338
b 339
b 340
b 341
b 342
b 343
b 344
b 345
b 346
b 347
b 348
b 349
b 350
b 351
b 352
b 353
b 354
b 355
b 356
b 357
b 358
b 359
b 360
b 361
b 362
b 363
b 364
b 365
b 366
b 367
b 368
b 369
b 370
b 371
b 372
b 373
b 374
b 375
b 376
b 377
b 378
b 379
b 380
b 381
b 382
b 383
b 384
b 385
b 386
b 387
b 388
b 389
b 390
b 391
b 392
b 393
b 394
b 395
b 396
b 397
b 398
b 399
b 400
b 401
b 402
b 403
b 404
b 405
b 406
b 407
b 408
b 409
b 410
b 411
b 412
b 413
b 414
b 415
b 416
b 417
b 418
b 419
b 420
b 421
b 422
b 423
b 424
b 425
b 426
b 427
b 428
b 429
b 430
b 431
b 432
b 433
b 434
b 435
b 436
b 437
b 438
b 439
b 440
b 441
b 442
b 443
b 444
b 445
b 446
d 7 5
d 6 14
d 6 15
d 6 16
d 6 17
d 6 18
d 7 6
d 7 7
d 7 8
d 7 9
d 7 10
d 7 11
d 7 12
d 7 13
d 7 14
d 7 15
d 7 16
d 7 17
d 7 18
d 7 19
d 7 20
d 7 21
d 7 22
d 7 23
d 7 24
d 7 25
d 7 26
d 7 27
d 7 28
d 7 29
d 7 30
d 7 31
d 7 32
d 7 33
d 7 34
d 7 35
d 7 36
d 7 37
d 7 38
d 7 39
d 7 40
d 7 41
d 7 42
d 5 8
d 5 9
d 5 10
d 5 11
d 5 12
d 5 13
d 5 14
d 5 15
d 5 16
d 5 17
d 5 18
d 5 19
d 5 20
d 5 21
d 5 22
d 5 23
d 5 24
d 5 25
d 5 26
d 5 27
d 5 28
d 5 29
d 5 30
d 5 31
d 5 32
d 5 33
d 5 34
d 5 35
d 5 36
d 5 37
d 5 38
d 5 39
d 5 40
d 5 41
d 5 42
d 5 43
d 5 44
d 5 45
d 5 46
d 5 47
d 5 48
d 5 49
d 5 50
d 5 51
d 5 52
d 5 53
d 5 54
d 5 55
d 5 56
d 5 57
d 5 58
d 5 59
d 5 60
d 5 61
d 5 62
d 5 63
d 5 64
d 5 65
d 5 66
d 5 67
d 5 68
d 5 69
d 5 70
d 5 71
d 5 72
b 447
b 448
b 449
b 450
b 451
b 452
b 453
b 454
b 455
b 456
b 457
b 458
b 459
b 460
b 461
b 462
b 463
b 464
b 465
b 466
b 467
b 468
b 469
d 4 39
d 4 40
d 4 41
d 4 42
d 4 43
d 4 44
d 4 45
d 4 46
d 4 47
d 4 48
d 4 49
d 4 50
d 4 51
d 4 52
d 4 53
d 4 54
d 4 55
d 4 56
d 4 57
d 4 58
d 4 59
d 4 60
d 4 61
d 4 62
d 4 63
d 4 64
d 4 65
d 4 66
d 4 67
d 4 68
d 4 69
d 4 70
d 4 71
d 4 72
d 4 73
d 4 74
d 4 75
d 4 76
d 4 77
d 4 78
d 4 79
d 4 80
d 4 81
d 4 82
d 4 83
d 4 84
d 4 85
d 4 86
d 4 87
d 4 88
d 4 89
d 4 90
d 4 91
d 4 92
d 4 93
d 4 94
d 4 95
d 4 96
d 4 97
d 4 98
d 4 99
d 4 100
d 4 101
d 4 102
d 4 103
d 4 104
d 4 105
d 4 106
d 4 107
d 4 108
d 4 109
d 4 110
d 4 111
d 4 112
d 4 113
d 4 114
d 4 115
d 4 116
d 4 117
d 4 118
d 4 119
d 4 120
d 4 121
d 4 122
d 4 123
d 4 124
d 4 125
d 4 126
d 4 127
d 4 128
b 470
b 471
b 472
b 473
b 474
b 475
b 476
b 477
b 478
b 479
b 480
b 481
b 482
b 483
b 484
b 485
b 486
b 487
b 488
b 489
b 490
b 491
b 492
b 493
b 494
b 495
b 496
b 497
b 498
b 499
b 500
b 501
b 502
b 503
b 504
b 505
b 506
b 507
b 508
b 509
b 510
b 511
b 512
b 513
b 514
b 515
b 516
b 517
b 518
b 519
b 520
b 521
b 522
b 523
b 524
b 525
b 526
b 527
b 528
b 529
b 530
b 531
b 532
b 533
b 534
b 535
b 536
b 537
b 538
b 539
b 540
b 541
b 542
b 543
b 544
b 545
b 546
b 547
b 548
b 549
b 550
b 551
b 552
b 553
b 554
b 555
d 4 129
d 4 130
d 4 131
d 4 132
d 4 133
d 4 134
d 4 135
d 4 136
d 4 137
d 4 138
d 4 139
d 4 140
d 4 141
d 4 142
d 4 143
d 4 144
d 4 145
d 4 146
d 4 147
d 4 148
d 4 149
d 4 150
d 4 151
d 4 152
d 4 153
d 4 154
d 4 155
d 4 156
d 4 157
d 4 158
d 4 159
d 4 160
d 4 161
d 4 162
d 4 163
d 4 164
d 4 165
d 4 166
d 4 167
d 4 168
d 4 169
b 556
b 557
b 558
b 559
b 560
b 561
b 562
b 563
b 564
b 565
b 566
b 567
b 568
b 569
b 570
b 571
b 572
b 573
b 574
b 575
b 576
b 577
b 578
b 579
b 580
b 581
b 582
b 583
b 584
b 585
b 586
b 587
b 588
b 589
b 590
b 591
b 592
b 593
b 594
b 595
b 596
b 597
b 598
b 599
b 600
b 601
b 602
b 603
b 604
b 605
b 606
b 607
b 608
b 609
b 610
b 611
b 612
b 613
b 614
b 615
b 616
d 1 98
d 1 99
d 1 100
d 1 101
d 1 102
d 1 103
d 1 104
d 1 105
d 1 106
d 1 107
d 1 108
d 1 109
d 1 110
d 1 111
d 1 112
d 1 113
d 1 114
d 1 115
d 1 116
d 1 117
d 1 118
d 1 119
d 1 120
d 1 121
d 1 122
d 1 123
d 1 124
d 1 125
d 1 126
d 1 127
d 1 128
d 1 129
d 1 130
d 1 131
d 1 132
d 1 133
d 1 134
d 1 135
d 1 136
d 1 137
d 1 138
d 1 139
d 1 140
d 1 141
d 1 142
d 1 143
d 1 144
d 1 145
d 1 146
d 1 147
d 1 148
d 1 149
d 1 150
d 1 151
d 1 152
d 1 153
d 1 154
d 1 155
d 1 156
d 1 157
d 1 158
d 1 159
d 1 160
d 1 161
d 1 162
d 1 163
d 1 164
d 1 165
d 1 166
d 1 167
d 1 168
d 1 169
d 1 170
d 1 171
d 1 172
d 1 173
d 1 174
d 1 175
d 1 176
d 1 177
d 1 178
d 1 179
d 1 180
d 1 181
d 1 182
d 1 183
d 1 184
d 1 185
d 1 186
d 1 187
d 1 188
d 1 189
d 1 190
d 1 191
d 1 192
d 1 193
d 1 194
d 1 195
d 1 196
d 1 197
d 1 198
d 1 199
d 1 200
d 1 201
d 1 202
d 1 203
d 1 204
d 1 205
d 1 206
d 1 207
d 1 208
d 1 209
d 1 210
d 1 211
d 1 212
d 1 213
d 1 214
d 1 215
d 1 216
d 1 217
d 1 218
d 1 219
d 1 220
d 1 221
d 1 222
d 1 223
d 1 224
d 1 225
d 1 226
d 1 227
d 1 228
d 1 229
d 1 230
d 1 231
d 1 232
d 1 233
d 1 234
d 1 235
d 1 236
d 1 237
d 1 238
d 1 239
d 1 240
d 1 241
d 1 242
d 1 243
d 1 244
d 1 245
d 1 246
d 1 247
d 1 248
d 1 249
d 1 250
d 1 251
d 1 252
d 1 253
d 1 254
d 1 255
d 1 256
d 1 257
d 1 258
d 1 259
d 1 260
d 1 261
d 1 262
d 1 263
d 1 264
d 1 265
d 1 266
d 1 267
d 1 268
d 1 269
d 1 270
d 1 271
d 1 272
d 1 273
d 1 274
d 1 275
d 1 276
d 1 277
d 1 278
d 1 279
d 1 280
d 1 281
d 1 282
d 1 283
d 1 284
d 1 285
d 1 286
d 1 287
d 1 288
d 1 289
d 1 290
d 1 291
d 1 292
d 1 293
d 1 294
d 1 295
d 1 296
d 1 297
d 1 298
d 1 299
d 1 300
d 1 301
d 1 302
d 1 303
d 1 304
d 1 305
d 1 306
d 1 307
d 1 308
d 1 309
d 1 310
d 1 311
d 1 312
d 1 313
d 1 314
d 1 315
d 1 316
d 1 317
d 1 318
d 1 319
d 1 320
d 1 321
d 1 322
d 1 323
d 1 324
d 1 325
d 1 326
d 1 327
d 1 328
d 1 329
d 1 330
d 1 331
d 1 332
d 1 333
d 1 334
d 1 335
d 1 336
d 1 337
d 1 338
d 1 339
d 1 340
d 1 341
d 1 342
d 1 343
d 1 344
d 1 345
d 1 346
d 1 347
d 1 348
d 1 349
d 1 350
d 1 351
d 1 352
d 1 353
d 1 354
d 1 355
d 1 356
d 1 357
d 1 358
d 1 359
d 1 360
d 1 361
d 1 362
d 1 363
d 1 364
d 1 365
d 1 366
d 1 367
d 1 368
d 1 369
d 1 370
d 1 371
d 1 372
d 1 373
d 1 374
d 1 375
d 1 376
d 1 377
d 1 378
d 1 379
d 1 380
d 1 381
d 1 382
d 1 383
d 1 384
d 1 385
d 1 386
d 1 387
d 1 388
d 1 389
d 1 390
d 1 391
d 1 392
d 1 393
d 1 394
d 1 395
d 1 396
d 1 397
d 1 398
d 1 399
d 1 400
d 1 401
d 1 402
d 1 403
d 1 404
d 4 170
d 4 171
d 5 73
d 5 74
d 5 75
d 5 76
d 5 77
d 5 78
d 5 79
d 5 80
d 5 81
d 5 82
d 5 83
d 5 84
d 5 85
d 5 86
d 5 87
d 5 88
d 5 89
d 5 90
d 6 19
d 4 172
d 4 173
d 1 405
d 1 406
d 1 407
d 1 408
d 1 409
d 1 410
d 1 411
d 1 412
d 1 413
d 1 414
d 1 415
d 1 416
d 1 417
d 1 418
d 1 419
d 1 420
d 1 421
d 1 422
d 1 423
d 1 424
d 1 425
d 1 426
d 1 427
d 1 428
d 1 429
d 1 430
d 1 431
d 1 432
d 1 433
d 1 434
d 1 435
d 1 436
d 1 437
d 1 438
d 1 439
d 1 440
d 1 441
d 1 442
d 1 443
d 1 444
d 1 445
d 1 446
d 1 447
d 1 448
d 1 449
d 1 450
d 1 451
d 1 452
d 1 453
d 1 454
d 1 455
d 1 456
d 1 457
d 1 458
d 1 459
d 1 460
d 1 461
d 1 462
d 1 463
d 1 464
d 1 465
d 1 466
d 1 467
d 1 468
d 1 469
d 1 470
d 1 471
d 1 472
d 1 473
d 1 474
d 1 475
d 1 476
d 1 477
d 1 478
d 1 479
d 1 480
d 1 481
d 1 482
d 1 483
d 1 484
d 1 485
d 1 486
d 1 487
d 1 488
d 1 489
d 1 490
d 1 491
d 1 492
d 1 493
d 1 494
d 1 495
d 1 496
d 1 497
d 1 498
d 1 499
d 1 500
d 1 501
d 1 502
d 1 503
d 1 504
d 1 505
d 1 506
d 1 507
d 1 508
d 1 509
d 1 510
d 1 511
d 1 512
d 1 513
d 1 514
d 1 515
d 1 516
d 1 517
d 1 518
d 1 519
d 1 520
d 1 521
d 1 522
d 1 523
d 1 524
d 1 525
d 1 526
d 1 527
d 1 528
d 1 529
d 1 530
d 1 531
d 1 532
d 1 533
d 1 534
d 1 535
d 1 536
d 1 537
d 1 538
d 1 539
d 1 540
d 1 541
d 1 542
d 1 543
d 1 544
d 1 545
d 1 546
d 1 547
d 1 548
d 1 549
d 1 550
d 1 551
d 1 552
d 1 553
d 1 554
d 1 555
d 1 556
d 1 557
d 1 558
d 1 559
d 1 560
d 1 561
d 1 562
d 1 563
d 1 564
d 1 565
d 1 566
d 1 567
d 1 568
d 1 569
d 1 570
d 1 571
d 1 572
d 1 573
d 1 574
d 1 575
d 1 576
d 1 577
d 1 578
d 1 579
d 1 580
d 1 581
d 1 582
d 1 583
d 1 584
d 1 585
d 1 586
d 1 587
d 1 588
d 1 589
d 1 590
d 1 591
d 1 592
d 1 593
d 1 594
d 1 595
d 1 596
d 1 597
d 1 598
d 1 599
d 1 600
d 1 601
d 1 602
d 1 603
d 1 604
d 1 605
d 1 606
d 1 607
d 1 608
d 1 609
d 1 610
d 1 611
d 1 612
d 1 613
d 1 614
d 1 615
d 1 616
d 1 617
d 1 618
d 1 619
d 1 620
d 1 621
d 1 622
d 1 623
d 1 624
d 1 625
d 1 626
d 1 627
d 1 628
d 1 629
d 1 630
d 1 631
d 1 632
d 1 633
d 1 634
d 1 635
d 1 636
d 1 637
d 1 638
d 1 639
d 1 640
d 1 641
d 1 642
d 1 643
d 1 644
d 1 645
d 1 646
d 1 647
d 1 648
d 1 649
d 1 650
d 1 651
d 1 652
d 1 653
d 1 654
d 1 655
d 1 656
d 1 657
d 1 658
d 1 659
d 1 660
d 1 661
d 1 662
d 1 663
d 1 664
d 1 665
d 1 666
d 1 667
d 1 668
d 1 669
d 1 670
d 1 671
d 1 672
d 1 673
d 1 674
d 1 675
d 1 676
d 1 677
d 1 678
d 1 679
d 1 680
d 1 681
d 1 682
d 1 683
d 1 684
d 1 685
d 1 686
d 1 687
d 1 688
d 1 689
d 1 690
d 1 691
d 1 692
d 1 693
d 1 694
d 1 695
d 1 696
d 1 697
d 1 698
d 1 699
d 1 700
d 1 701
d 1 702
d 1 703
d 1 704
d 1 705
d 1 706
d 1 707
d 1 708
d 1 709
d 1 710
d 1 711
d 1 712
d 1 713
d 1 714
d 1 715
d 1 716
d 1 717
d 1 718
d 1 719
d 1 720
d 1 721
d 1 722
d 1 723
d 1 724
d 1 725
d 1 726
d 1 727
d 1 728
d 1 729
d 1 730
d 1 731
d 1 732
d 1 733
d 1 734
d 1 735
d 1 736
d 1 737
d 1 738
d 1 739
d 1 740
d 1 741
d 1 742
d 1 743
d 1 744
d 1 745
d 1 746
d 1 747
d 1 748
d 1 749
d 1 750
d 1 751
d 1 752
d 1 753
d 1 754
d 1 755
d 1 756
d 1 757
d 1 758
d 1 759
d 1 760
d 1 761
d 1 762
d 1 763
d 1 764
d 1 765
d 1 766
d 1 767
d 1 768
d 1 769
d 1 770
d 1 771
d 1 772
d 1 773
d 1 774
d 1 775
d 1 776
d 1 777
d 1 778
d 1 779
d 1 780
d 1 781
d 1 782
d 1 783
d 1 784
d 1 785
d 1 786
d 1 787
d 1 788
d 1 789
d 1 790
d 1 791
d 1 792
d 1 793
d 1 794
d 1 795
d 1 796
d 1 797
d 1 798
d 1 799
d 9 10
d 9 11
d 9 12
d 9 13
d 9 14
d 9 15
d 9 16
d 9 17
d 4 174
d 4 175
d 4 176
d 4 177
d 5 91
d 5 92
d 5 93
d 5 94
d 5 95
d 5 96
d 5 97
d 5 98
d 5 99
d 5 100
d 5 101
d 5 102
d 5 103
d 5 104
d 5 105
d 5 106
d 5 107
d 5 108
d 1 800
d 1 801
d 1 802
d 1 803
d 1 804
d 1 805
d 1 806
d 1 807
d 1 808
d 6 20
d 6 21
d 6 22
d 6 23
d 6 24
d 6 25
d 6 26
d 6 27
b 617
b 618
b 619
b 620
b 621
b 622
b 623
b 624
b 625
b 626
b 627
b 628
b 629
b 630
b 631
b 632
b 633
b 634
b 635
b 636
b 637
b 638
b 639
b 640
b 641
b 642
b 643
b 644
b 645
b 646
b 647
b 648
b 649
b 650
b 651
b 652
b 653
b 654
b 655
b 656
b 657
b 658
b 659
b 660
b 661
b 662
b 663
b 664
b 665
b 666
b 667
b 668
b 669
b 670
b 671
b 672
b 673
b 674
b 675
b 676
b 677
b 678
b 679
b 680
b 681
b 682
d 9 18
d 9 19
d 9 20
d 9 21
d 9 22
d 9 23
b 683
b 684
b 685
b 686
b 687
b 688
b 689
b 690
b 691
b 692
b 693
b 694
b 695
b 696
b 697
b 698
b 699
b 700
b 701
b 702
b 703
b 704
b 705
b 706
b 707
b 708
b 709
b 710
b 711
b 712
b 713
b 714
b 715
b 716
b 717
b 718
b 719
b 720
b 721
b 722
b 723
b 724
d 5 109
d 5 110
d 5 111
d 5 112
d 5 113
d 5 114
d 5 115
d 5 116
d 5 117
d 5 118
d 5 119
d 5 120
d 5 121
d 5 122
d 5 123
d 5 124
d 5 125
d 5 126
d 5 127
d 5 128
d 5 129
d 5 130
d 5 131
d 5 132
d 5 133
d 5 134
d 5 135
d 5 136
d 5 137
d 5 138
d 5 139
d 5 140
d 5 141
d 5 142
d 5 143
d 5 144
d 5 145
d 5 146
d 5 147
d 5 148
d 5 149
d 5 150
d 5 151
d 5 152
d 5 153
d 5 154
d 5 155
d 5 156
d 5 157
d 5 158
d 5 159
d 5 160
d 5 161
d 5 162
d 5 163
d 5 164
d 5 165
d 5 166
d 5 167
d 5 168
d 5 169
d 5 170
d 5 171
d 5 172
d 5 173
d 5 174
d 5 175
d 5 176
d 5 177
d 5 178
d 5 179
d 5 180
d 5 181
d 5 182
d 5 183
d 5 184
d 5 185
d 5 186
d 5 187
d 5 188
d 5 189
d 5 190
d 5 191
d 5 192
d 5 193
d 5 194
d 5 195
d 5 196
d 5 197
d 5 198
d 5 199
d 5 200
d 5 201
d 5 202
d 5 203
d 5 204
d 5 205
d 5 206
d 5 207
d 5 208
d 5 209
d 5 210
d 5 211
d 5 212
d 5 213
d 5 214
d 5 215
d 5 216
d 5 217
d 5 218
d 5 219
d 5 220
d 5 221
d 5 222
d 5 223
d 5 224
d 5 225
d 5 226
d 5 227
d 5 228
d 5 229
d 5 230
d 5 231
d 5 232
d 5 233
d 5 234
d 5 235
d 5 236
d 5 237
d 5 238
d 5 239
d 4 178
d 4 179
d 4 180
d 4 181
d 4 182
d 4 183
d 4 184
d 4 185
d 4 186
d 4 187
d 4 188
d 4 189
d 4 190
d 4 191
d 4 192
d 4 193
d 4 194
d 4 195
d 4 196
d 4 197
d 4 198
d 4 199
d 4 200
d 4 201
d 4 202
d 4 203
d 4 204
d 4 205
d 4 206
d 4 207
d 4 208
d 4 209
d 4 210
b 725
b 726
b 727
b 728
b 729
b 730
b 731
b 732
b 733
b 734
b 735
b 736
b 737
b 738
b 739
b 740
b 741
b 742
b 743
b 744
b 745
b 746
b 747
b 748
b 749
b 750
b 751
b 752
b 753
b 754
b 755
b 756
b 757
b 758
b 759
b 760
b 761
b 762
b 763
b 764
b 765
b 766
b 767
b 768
b 769
b 770
b 771
b 772
b 773
b 774
b 775
b 776
b 777
b 778
b 779
b 780
b 781
b 782
b 783
d 5 240
d 5 241
d 5 242
d 5 243
d 5 244
d 5 245
d 5 246
d 5 247
d 5 248
d 5 249
d 5 250
d 5 251
d 5 252
d 5 253
d 5 254
d 5 255
d 5 256
d 5 257
d 5 258
d 5 259
d 5 260
d 5 261
d 5 262
d 5 263
d 5 264
d 5 265
d 5 266
d 5 267
d 5 268
d 5 269
d 5 270
d 5 271
d 5 272
d 5 273
d 5 274
d 5 275
d 5 276
d 5 277
d 5 278
d 5 279
d 5 280
d 5 281
d 5 282
d 5 283
d 5 284
d 5 285
d 5 286
d 5 287
d 5 288
d 5 289
d 5 290
d 5 291
d 5 292
d 7 43
d 7 44
d 7 45
d 7 46
d 7 47
d 7 48
d 7 49
d 7 50
d 7 51
d 7 52
d 7 53
d 7 54
d 7 55
d 7 56
d 7 57
d 7 58
d 7 59
d 7 60
d 7 61
d 7 62
d 7 63
d 7 64
d 7 65
d 7 66
d 7 67
d 7 68
d 7 69
d 5 293
d 5 294
d 5 295
d 5 296
d 5 297
d 5 298
d 5 299
d 5 300
d 5 301
d 5 302
d 5 303
d 5 304
d 5 305
d 5 306
d 5 307
d 5 308
d 5 309
d 5 310
d 5 311
d 5 312
d 5 313
d 5 314
d 5 315
d 5 316
d 5 317
d 5 318
d 5 319
d 5 320
d 5 321
d 5 322
d 5 323
b 784
b 785
b 786
b 787
b 788
b 789
d 6 28
d 6 29
d 6 30
d 6 31
d 6 32
d 6 33
d 6 34
d 6 35
d 6 36
d 6 37
d 6 38
d 6 39
d 6 40
d 6 41
d 6 42
d 6 43
d 6 44
d 6 45
d 6 46
d 6 47
d 6 48
d 6 49
d 6 50
d 6 51
d 6 52
d 6 53
d 6 54
d 6 55
d 6 56
d 6 57
d 6 58
d 6 59
d 6 60
d 6 61
d 6 62
d 6 63
d 6 64
d 6 65
d 6 66
d 6 67
d 6 68
d 6 69
d 6 70
d 6 71
d 6 72
d 6 73
d 6 74
d 6 75
d 6 76
d 6 77
d 6 78
d 6 79
d 6 80
d 6 81
d 6 82
d 6 83
d 6 84
d 6 85
d 6 86
d 6 87
d 6 88
d 6 89
d 6 90
d 6 91
d 7 70
d 7 71
d 7 72
d 7 73
d 7 74
d 7 75
d 7 76
d 7 77
d 7 78
d 7 79
d 7 80
d 7 81
d 7 82
d 7 83
d 7 84
d 7 85
d 7 86
d 7 87
d 7 88
d 7 89
d 7 90
d 7 91
d 7 92
d 7 93
d 7 94
d 7 95
d 7 96
d 7 97
d 7 98
d 7 99
d 7 100
d 7 101
d 7 102
d 7 103
d 7 104
d 7 105
d 7 106
d 7 107
d 7 108
d 7 109
d 7 110
d 7 111
d 7 112
d 7 113
d 7 114
d 7 115
d 7 116
d 7 117
d 7 118
d 7 119
d 7 120
d 7 121
d 7 122
d 7 123
d 7 124
d 7 125
d 7 126
d 7 127
d 7 128
d 7 129
d 7 130
d 7 131
d 7 132
d 7 133
d 7 134
d 7 135
d 7 136
d 7 137
d 7 138
d 7 139
d 7 140
d 7 141
d 7 142
d 7 143
d 7 144
d 7 145
d 7 146
d 7 147
d 7 148
d 7 149
d 7 150
d 7 151
d 7 152
d 7 153
d 7 154
d 7 155
d 7 156
d 7 157
d 7 158
d 7 159
d 7 160
d 7 161
d 7 162
d 7 163
d 7 164
d 7 165
d 9 24
d 9 25
d 9 26
d 9 27
d 9 28
d 9 29
d 9 30
d 9 31
d 9 32
d 9 33
d 9 34
d 9 35
d 9 36
d 9 37
d 9 38
d 9 39
d 9 40
d 9 41
d 9 42
d 9 43
d 9 44
d 9 45
d 9 46
d 9 47
d 9 48
d 9 49
d 9 50
d 9 51
d 9 52
d 9 53
d 9 54
d 9 55
d 9 56
d 9 57
d 9 58
d 9 59
d 9 60
d 9 61
d 9 62
d 9 63
d 9 64
d 9 65
d 9 66
d 9 67
d 9 68
d 9 69
d 9 70
b 790
b 791
b 792
b 793
b 794
b 795
b 796
b 797
b 798
b 799
b 800
b 801
b 802
b 803
b 804
b 805
b 806
b 807
b 808
b 809
d 8 4
d 8 5
d 8 6
d 8 7
d 8 8
d 8 9
d 8 10
d 8 11
d 8 12
d 8 13
d 8 14
d 8 15
d 8 16
d 8 17
d 8 18
d 8 19
d 8 20
d 8 21
d 8 22
d 8 23
d 8 24
d 8 25
d 8 26
d 8 27
d 8 28
d 8 29
d 8 30
d 8 31
d 8 32
d 8 33
d 8 34
d 8 35
d 8 36
d 8 37
d 8 38
d 8 39
d 8 40
d 8 41
d 8 42
d 8 43
d 8 44
d 8 45
d 8 46
d 8 47
d 8 48
d 8 49
d 8 50
d 8 51
d 8 52
d 8 53
d 8 54
d 8 55
d 8 56
d 8 57
d 8 58
d 8 59
d 8 60
d 8 61
d 8 62
d 8 63
d 8 64
d 8 65
d 8 66
d 8 67
d 8 68
d 8 69
d 8 70
d 8 71
d 8 72
d 8 73
d 8 74
d 8 75
d 8 76
d 8 77
d 8 78
d 8 79
d 8 80
d 8 81
d 8 82
d 8 83
d 8 84
d 8 85
d 8 86
d 8 87
d 8 88
d 8 89
d 8 90
d 8 91
d 8 92
d 8 93
d 8 94
d 8 95
d 8 96
d 8 97
d 8 98
d 8 99
d 8 100
d 8 101
d 8 102
d 8 103
d 8 104
d 8 105
d 8 106
d 8 107
d 8 108
d 8 109
d 8 110
d 8 111
d 8 112
d 8 113
d 8 114
d 8 115
d 8 116
d 8 117
d 8 118
d 8 119
d 8 120
d 8 121
d 8 122
d 8 123
d 8 124
d 8 125
d 8 126
d 8 127
d 8 128
d 8 129
d 8 130
d 8 131
d 8 132
d 8 133
d 8 134
d 8 135
d 8 136
d 8 137
d 8 138
d 8 139
d 8 140
d 8 141
d 8 142
d 8 143
d 8 144
d 8 145
d 8 146
d 8 147
d 8 148
d 8 149
d 8 150
d 8 151
d 8 152
d 8 153
d 8 154
d 8 155
d 8 156
d 8 157
d 8 158
d 8 159
d 8 160
d 8 161
d 8 162
d 8 163
d 8 164
d 8 165
d 8 166
d 8 167
d 8 168
d 8 169
d 8 170
d 8 171
d 8 172
d 8 173
d 8 174
d 8 175
d 8 176
d 8 177
d 8 178
d 8 179
d 8 180
d 8 181
d 8 182
d 8 183
d 8 184
d 8 185
d 8 186
d 8 187
d 8 188
d 8 189
d 8 190
d 8 191
d 8 192
d 8 193
d 8 194
d 8 195
d 8 196
d 8 197
d 8 198
d 8 199
d 8 200
d 8 201
d 8 202
d 8 203
d 8 204
d 8 205
d 8 206
d 8 207
d 8 208
d 8 209
d 8 210
d 8 211
d 8 212
d 8 213
d 8 214
d 8 215
d 8 216
d 8 217
d 8 218
d 8 219
d 8 220
d 8 221
d 8 222
d 8 223
d 8 224
d 8 225
d 8 226
d 8 227
d 8 228
d 8 229
d 8 230
d 8 231
d 8 232
d 8 233
d 8 234
d 8 235
d 8 236
d 8 237
d 8 238
d 8 239
d 8 240
d 8 241
d 8 242
d 8 243
d 8 244
d 8 245
d 8 246
d 8 247
d 8 248
d 8 249
d 8 250
d 8 251
d 8 252
d 8 253
d 8 254
d 8 255
d 8 256
d 8 257
d 8 258
d 8 259
d 8 260
d 8 261
d 8 262
d 8 263
d 8 264
d 8 265
d 8 266
d 8 267
d 8 268
d 8 269
d 8 270
d 8 271
d 8 272
d 8 273
d 8 274
d 8 275
d 8 276
d 8 277
d 8 278
d 8 279
d 8 280
d 8 281
d 8 282
d 8 283
d 8 284
d 8 285
d 8 286
d 8 287
d 8 288
d 8 289
d 8 290
d 8 291
d 8 292
d 8 293
d 8 294
d 8 295
d 8 296
d 8 297
d 8 298
d 8 299
d 8 300
d 8 301
d 8 302
d 8 303
d 8 304
d 8 305
d 8 306
d 8 307
d 8 308
d 8 309
d 8 310
d 8 311
d 8 312
d 8 313
d 8 314
d 8 315
d 8 316
d 8 317
d 8 318
d 8 319
d 8 320
d 8 321
d 8 322
d 8 323
d 8 324
d 8 325
b 810
b 811
b 812
b 813
b 814
b 815
b 816
b 817
b 818
b 819
b 820
b 821
b 822
b 823
b 824
b 825
b 826
b 827
b 828
b 829
b 830
b 831
b 832
b 833
b 834
b 835
b 836
b 837
b 838
b 839
b 840
b 841
b 842
b 843
b 844
b 845
b 846
b 847
b 848
b 849
b 850
b 851
b 852
b 853
b 854
b 855
b 856
b 857
b 858
b 859
b 860
b 861
d 5 324
d 5 325
d 5 326
d 5 327
d 5 328
d 5 329
d 5 330
d 5 331
d 5 332
d 5 333
d 5 334
d 5 335
d 5 336
d 5 337
d 5 338
d 5 339
d 5 340
d 5 341
d 5 342
d 5 343
d 5 344
d 5 345
d 5 346
d 5 347
d 5 348
d 5 349
d 5 350
d 5 351
d 5 352
d 5 353
d 5 354
d 5 355
d 5 356
d 5 357
d 5 358
d 5 359
d 5 360
d 5 361
d 5 362
d 5 363
d 5 364
d 5 365
d 5 366
d 5 367
d 5 368
d 5 369
d 5 370
d 5 371
d 5 372
d 5 373
d 5 374
d 5 375
d 5 376
d 5 377
d 5 378
d 5 379
d 5 380
d 5 381
d 5 382
d 5 383
d 5 384
d 5 385
d 5 386
d 5 387
d 5 388
d 5 389
d 5 390
d 5 391
d 5 392
d 5 393
d 5 394
d 5 395
d 5 396
d 5 397
d 5 398
d 5 399
d 5 400
d 5 401
d 5 402
d 5 403
d 5 404
d 5 405
d 5 406
d 5 407
d 5 408
d 5 409
d 5 410
d 5 411
d 5 412
d 5 413
d 5 414
d 5 415
d 5 416
d 5 417
d 5 418
d 5 419
d 5 420
d 5 421
d 5 422
d 5 423
d 5 424
d 5 425
d 5 426
d 5 427
d 5 428
d 5 429
d 5 430
d 5 431
d 5 432
d 5 433
d 5 434
d 5 435
d 5 436
d 5 437
d 5 438
d 5 439
d 5 440
d 5 441
d 5 442
d 5 443
d 5 444
d 5 445
d 5 446
d 5 447
d 5 448
d 5 449
d 5 450
d 8 326
b 862
b 863
b 864
b 865
b 866
b 867
b 868
b 869
b 870
b 871
b 872
b 873
b 874
b 875
b 876
b 877
b 878
b 879
b 880
b 881
b 882
b 883
b 884
b 885
b 886
b 887
b 888
b 889
b 890
b 891
b 892
b 893
b 894
b 895
b 896
b 897
b 898
b 899
b 900
b 901
b 902
b 903
b 904
b 905
b 906
b 907
b 908
b 909
b 910
b 911
b 912
b 913
b 914
b 915
d 4 211
d 4 212
d 4 213
d 4 214
d 4 215
d 4 216
d 4 217
d 4 218
d 4 219
d 4 220
d 4 221
d 4 222
d 4 223
d 4 224
d 4 225
d 4 226
d 4 227
d 4 228
d 4 229
d 4 230
d 4 231
d 4 232
d 4 233
d 4 234
d 4 235
d 4 236
d 4 237
d 4 238
d 4 239
d 4 240
d 4 241
d 4 242
d 4 243
d 4 244
d 4 245
d 4 246
d 4 247
d 4 248
d 4 249
d 4 250
d 4 251
d 4 252
d 4 253
d 4 254
d 4 255
d 4 256
d 4 257
d 4 258
d 4 259
d 4 260
d 4 261
d 4 262
d 4 263
d 4 264
d 4 265
d 4 266
d 4 267
d 4 268
d 4 269
d 4 270
d 4 271
d 4 272
d 4 273
d 4 274
d 4 275
d 4 276
d 4 277
d 4 278
d 4 279
d 4 280
d 4 281
d 4 282
d 4 283
d 4 284
d 4 285
d 4 286
d 4 287
d 4 288
d 4 289
d 4 290
d 4 291
d 4 292
d 4 293
d 4 294
d 4 295
d 4 296
d 4 297
d 4 298
d 4 299
d 4 300
d 4 301
d 4 302
d 4 303
d 4 304
d 4 305
d 4 306
d 4 307
d 4 308
d 4 309
d 4 310
d 4 311
d 4 312
d 4 313
d 4 314
d 4 315
d 4 316
d 4 317
d 4 318
d 4 319
d 4 320
d 4 321
d 4 322
d 4 323
d 4 324
d 4 325
d 4 326
d 4 327
d 4 328
d 4 329
d 4 330
d 4 331
d 4 332
d 4 333
d 4 334
d 4 335
d 4 336
d 4 337
d 4 338
d 4 339
d 4 340
d 4 341
d 4 342
d 4 343
d 4 344
d 4 345
d 4 346
d 4 347
d 4 348
d 4 349
d 4 350
d 4 351
d 4 352
d 4 353
d 4 354
d 4 355
d 4 356
d 4 357
d 4 358
d 4 359
d 4 360
d 4 361
d 4 362
d 4 363
d 4 364
d 4 365
d 4 366
d 4 367
d 4 368
d 4 369
d 4 370
d 4 371
d 4 372
d 4 373
d 4 374
d 4 375
d 4 376
d 4 377
d 4 378
d 4 379
d 4 380
d 4 381
d 4 382
d 4 383
d 4 384
d 4 385
d 4 386
d 4 387
d 4 388
d 4 389
d 4 390
d 4 391
d 4 392
d 4 393
d 4 394
d 4 395
d 4 396
d 4 397
d 4 398
d 4 399
d 4 400
d 4 401
d 4 402
d 4 403
d 4 404
d 4 405
d 4 406
d 4 407
d 4 408
d 4 409
d 4 410
d 4 411
d 4 412
d 4 413
d 4 414
d 4 415
d 4 416
d 4 417
d 4 418
d 5 451
b 916
b 917
b 918
b 919
d 4 419
d 4 420
d 4 421
d 4 422
d 4 423
d 4 424
d 4 425
d 4 426
d 4 427
d 4 428
d 4 429
d 4 430
d 4 431
d 4 432
d 4 433
d 4 434
d 4 435
d 4 436
d 4 437
d 4 438
d 4 439
d 4 440
d 4 441
d 4 442
d 4 443
d 4 444
d 4 445
d 4 446
d 9 71
d 9 72
d 9 73
d 9 74
d 9 75
d 9 76
d 9 77
d 9 78
d 9 79
d 9 80
d 9 81
d 9 82
d 9 83
d 9 84
d 9 85
d 9 86
d 9 87
d 9 88
b 920
b 921
b 922
b 923
b 924
b 925
b 926
b 927
b 928
b 929
d 5 452
d 5 453
d 5 454
b 930
b 931
b 932
b 933
b 934
b 935
b 936
d 4 447
d 4 448
d 4 449
d 4 450
d 4 451
d 4 452
d 4 453
d 4 454
d 4 455
d 4 456
d 4 457
d 4 458
d 4 459
d 4 460
d 4 461
d 4 462
d 4 463
d 4 464
d 4 465
d 4 466
d 4 467
d 4 468
d 4 469
d 4 470
d 4 471
d 4 472
d 4 473
d 4 474
d 4 475
d 4 476
d 4 477
d 4 478
d 4 479
d 4 480
d 4 481
d 4 482
d 4 483
d 4 484
d 4 485
d 4 486
d 4 487
d 4 488
d 4 489
d 4 490
d 4 491
d 4 492
d 4 493
d 4 494
d 4 495
d 4 496
d 4 497
d 4 498
d 4 499
d 4 500
d 4 501
d 4 502
d 4 503
d 4 504
d 4 505
d 4 506
d 4 507
d 4 508
d 4 509
d 4 510
d 4 511
d 4 512
d 4 513
d 4 514
d 4 515
d 4 516
d 4 517
d 4 518
d 4 519
d 4 520
d 4 521
d 4 522
d 4 523
d 4 524
d 4 525
d 4 526
d 4 527
d 4 528
d 4 529
d 4 530
d 4 531
d 4 532
d 4 533
d 4 534
d 4 535
d 4 536
d 4 537
d 4 538
d 4 539
d 4 540
d 4 541
d 4 542
d 4 543
d 4 544
d 4 545
d 4 546
d 4 547
d 4 548
d 4 549
d 4 550
d 4 551
d 4 552
d 4 553
d 4 554
d 4 555
d 4 556
d 4 557
d 4 558
d 4 559
d 4 560
d 4 561
d 4 562
d 4 563
d 4 564
d 4 565
d 4 566
d 4 567
d 1 809
d 1 810
d 1 811
d 1 812
d 1 813
d 1 814
d 1 815
d 1 816
d 1 817
d 1 818
d 1 819
d 1 820
d 1 821
d 1 822
d 1 823
d 1 824
d 1 825
d 1 826
d 1 827
d 1 828
d 1 829
d 1 830
d 1 831
d 1 832
d 1 833
d 1 834
d 1 835
d 1 836
d 1 837
d 1 838
d 1 839
d 1 840
d 1 841
d 1 842
d 1 843
d 1 844
d 1 845
d 1 846
d 1 847
d 1 848
b 937
b 938
b 939
b 940
b 941
b 942
b 943
b 944
b 945
b 946
b 947
b 948
b 949
b 950
b 951
b 952
b 953
b 954
b 955
b 956
b 957
b 958
b 959
b 960
b 961
b 962
b 963
b 964
b 965
b 966
b 967
b 968
b 969
b 970
b 971
b 972
b 973
d 5 455
d 5 456
d 5 457
d 5 458
d 5 459
d 5 460
d 5 461
d 5 462
d 5 463
d 5 464
d 5 465
d 5 466
d 5 467
d 5 468
d 5 469
d 5 470
d 5 471
d 5 472
d 5 473
d 5 474
d 5 475
d 5 476
d 5 477
d 5 478
d 5 479
d 5 480
d 5 481
d 5 482
d 5 483
d 5 484
d 5 485
d 5 486
d 5 487
d 5 488
d 5 489
d 5 490
d 5 491
d 5 492
d 5 493
d 5 494
d 5 495
d 5 496
d 5 497
d 5 498
d 5 499
d 5 500
d 5 501
d 5 502
d 5 503
d 5 504
d 5 505
d 5 506
d 5 507
d 5 508
d 5 509
d 5 510
d 5 511
d 5 512
d 5 513
d 5 514
d 5 515
d 5 516
d 5 517
d 5 518
d 5 519
d 5 520
d 5 521
d 5 522
d 5 523
d 5 524
d 5 525
d 5 526
d 5 527
d 5 528
d 5 529
d 7 166
d 4 568
d 4 569
d 4 570
d 4 571
d 4 572
d 4 573
d 4 574
d 4 575
d 4 576
d 4 577
d 4 578
d 4 579
d 4 580
d 4 581
d 4 582
d 4 583
d 4 584
d 4 585
d 4 586
d 4 587
d 4 588
b 974
b 975
b 976
b 977
b 978
b 979
b 980
b 981
b 982
b 983
b 984
b 985
b 986
b 987
b 988
b 989
b 990
b 991
b 992
b 993
b 994
b 995
b 996
d 6 92
d 6 93
d 6 94
d 6 95
d 6 96
d 6 97
d 6 98
d 6 99
d 6 100
d 6 101
d 6 102
d 6 103
d 6 104
d 6 105
d 6 106
d 6 107
d 6 108
d 6 109
d 6 110
d 6 111
d 6 112
d 6 113
d 6 114
d 6 115
d 6 116
d 6 117
d 6 118
d 6 119
d 6 120
d 6 121
d 6 122
d 6 123
d 6 124
d 6 125
d 6 126
d 6 127
d 6 128
d 6 129
d 6 130
d 6 131
d 6 132
d 6 133
d 6 134
d 6 135
d 6 136
d 6 137
d 6 138
d 6 139
d 6 140
d 6 141
d 6 142
d 6 143
d 6 144
d 6 145
d 6 146
d 6 147
d 6 148
d 6 149
d 6 150
d 6 151
d 6 152
d 6 153
d 6 154
d 6 155
d 6 156
d 6 157
d 6 158
d 6 159
d 6 160
d 6 161
d 6 162
d 6 163
d 6 164
d 6 165
d 6 166
d 6 167
d 6 168
d 6 169
d 6 170
d 6 171
d 6 172
d 6 173
d 6 174
d 6 175
d 6 176
d 6 177
d 6 178
d 6 179
d 6 180
d 6 181
d 6 182
d 6 183
d 6 184
d 6 185
d 6 186
d 6 187
d 6 188
d 6 189
d 6 190
d 6 191
d 6 192
d 6 193
d 6 194
d 6 195
d 6 196
d 6 197
d 6 198
d 6 199
d 6 200
d 6 201
d 6 202
d 6 203
d 6 204
d 6 205
d 6 206
d 6 207
d 6 208
d 6 209
d 6 210
d 6 211
d 6 212
d 6 213
d 6 214
d 6 215
d 6 216
d 6 217
d 6 218
d 6 219
d 6 220
d 6 221
d 6 222
d 6 223
d 6 224
d 6 225
d 6 226
d 6 227
d 6 228
d 6 229
d 6 230
d 6 231
d 6 232
d 6 233
d 6 234
d 6 235
d 6 236
d 6 237
d 6 238
d 6 239
d 6 240
d 6 241
d 6 242
d 6 243
d 6 244
d 6 245
d 6 246
d 6 247
d 6 248
d 6 249
d 6 250
d 6 251
d 6 252
d 6 253
d 6 254
d 6 255
d 6 256
d 6 257
d 6 258
d 6 259
d 6 260
d 6 261
d 6 262
d 6 263
d 6 264
d 6 265
d 6 266
d 6 267
d 6 268
d 6 269
d 6 270
d 6 271
d 6 272
d 6 273
d 6 274
d 6 275
d 6 276
d 6 277
d 6 278
d 6 279
d 6 280
d 6 281
d 6 282
d 6 283
d 6 284
d 6 285
d 6 286
d 6 287
d 6 288
d 6 289
d 6 290
d 6 291
d 6 292
d 6 293
d 6 294
d 6 295
d 6 296
d 6 297
d 6 298
d 6 299
d 6 300
d 6 301
d 6 302
d 6 303
d 6 304
d 6 305
d 6 306
d 6 307
d 6 308
d 6 309
d 6 310
d 6 311
d 6 312
d 6 313
d 6 314
d 6 315
d 6 316
d 6 317
d 6 318
d 6 319
d 6 320
d 6 321
d 6 322
d 6 323
d 6 324
d 6 325
d 6 326
d 6 327
d 6 328
d 6 329
d 6 330
d 6 331
d 6 332
d 6 333
d 1 849
d 1 850
d 1 851
d 1 852
d 1 853
d 1 854
d 1 855
d 1 856
d 1 857
d 1 858
d 1 859
d 1 860
d 1 861
d 1 862
d 1 863
d 1 864
d 1 865
d 1 866
d 1 867
d 1 868
d 1 869
d 1 870
d 1 871
d 1 872
d 1 873
d 1 874
d 1 875
d 1 876
d 1 877
d 1 878
d 1 879
d 1 880
d 1 881
d 1 882
d 1 883
d 1 884
d 1 885
d 1 886
d 1 887
d 1 888
d 1 889
d 1 890
d 1 891
d 1 892
d 1 893
d 1 894
d 1 895
d 1 896
d 1 897
d 1 898
d 1 899
d 1 900
d 1 901
d 1 902
d 1 903
d 1 904
d 1 905
d 1 906
d 1 907
d 1 908
d 1 909
d 1 910
d 1 911
d 1 912
d 1 913
d 1 914
d 1 915
d 1 916
d 1 917
d 1 918
d 1 919
d 1 920
d 1 921
d 1 922
d 1 923
d 1 924
d 1 925
d 1 926
d 1 927
d 1 928
d 1 929
d 1 930
d 1 931
d 1 932
d 1 933
d 1 934
d 1 935
d 1 936
d 1 937
d 1 938
d 1 939
d 1 940
d 1 941
d 1 942
d 1 943
d 1 944
d 1 945
d 1 946
d 1 947
d 1 948
d 1 949
d 1 950
d 1 951
d 1 952
d 1 953
d 1 954
d 1 955
d 1 956
d 1 957
d 1 958
d 1 959
d 1 960
d 1 961
d 1 962
d 1 963
d 1 964
d 1 965
d 1 966
d 1 967
d 1 968
d 1 969
d 1 970
d 1 971
d 1 972
d 1 973
d 1 974
d 1 975
d 1 976
d 1 977
d 1 978
d 1 979
d 1 980
d 1 981
d 1 982
d 1 983
d 1 984
d 1 985
d 1 986
d 1 987
d 1 988
d 1 989
d 1 990
d 1 991
d 1 992
d 1 993
d 1 994
d 1 995
d 1 996
d 1 997
d 1 998
d 1 999
d 1 1000
d 1 1001
d 1 1002
d 1 1003
d 1 1004
d 1 1005
d 1 1006
d 1 1007
d 1 1008
d 1 1009
d 1 1010
d 1 1011
d 1 1012
d 1 1013
d 1 1014
d 1 1015
d 1 1016
d 1 1017
d 1 1018
d 1 1019
d 1 1020
d 1 1021
d 1 1022
d 1 1023
d 1 1024
d 1 1025
d 1 1026
d 1 1027
d 6 334
d 6 335
d 6 336
d 6 337
d 6 338
d 6 339
d 6 340
d 6 341
d 6 342
d 6 343
d 6 344
d 6 345
d 6 346
d 6 347
d 6 348
d 6 349
d 6 350
d 6 351
d 6 352
d 6 353
d 6 354
d 6 355
d 6 356
d 6 357
d 6 358
d 6 359
d 6 360
d 6 361
d 6 362
d 6 363
d 6 364
d 6 365
d 6 366
d 6 367
d 6 368
d 6 369
d 6 370
d 6 371
d 6 372
d 6 373
d 6 374
d 6 375
d 6 376
d 6 377
d 6 378
d 6 379
d 6 380
d 6 381
d 6 382
d 6 383
d 6 384
d 6 385
d 6 386
d 6 387
d 6 388
d 6 389
d 6 390
d 6 391
d 6 392
d 6 393
d 6 394
d 6 395
d 6 396
d 6 397
d 6 398
d 6 399
d 6 400
d 6 401
d 6 402
d 6 403
d 6 404
d 6 405
d 6 406
d 6 407
d 6 408
d 6 409
d 6 410
d 6 411
d 6 412
d 6 413
d 6 414
d 6 415
d 6 416
d 6 417
d 6 418
d 6 419
d 6 420
d 6 421
d 6 422
d 6 423
d 6 424
d 6 425
d 6 426
d 6 427
d 6 428
d 6 429
d 6 430
d 6 431
d 6 432
d 6 433
d 6 434
d 6 435
d 6 436
d 6 437
d 6 438
d 6 439
d 6 440
d 6 441
d 6 442
d 6 443
d 6 444
d 6 445
d 6 446
d 6 447
d 6 448
d 6 449
d 6 450
d 6 451
d 6 452
d 6 453
d 6 454
d 6 455
d 6 456
d 6 457
d 6 458
d 6 459
d 6 460
d 6 461
d 6 462
d 6 463
d 6 464
d 6 465
d 6 466
d 6 467
d 6 468
d 6 469
d 6 470
d 6 471
d 6 472
d 6 473
d 6 474
d 6 475
d 6 476
d 6 477
d 6 478
d 6 479
d 6 480
d 6 481
d 6 482
d 6 483
d 6 484
d 6 485
d 6 486
d 6 487
d 6 488
d 6 489
d 6 490
d 6 491
d 6 492
d 6 493
d 6 494
d 6 495
d 6 496
d 6 497
d 6 498
d 6 499
d 6 500
d 6 501
d 6 502
d 6 503
d 4 589
d 4 590
d 4 591
d 4 592
d 4 593
d 4 594
d 4 595
d 4 596
d 4 597
d 4 598
d 4 599
d 4 600
d 4 601
d 4 602
d 4 603
d 4 604
d 4 605
d 4 606
d 4 607
d 4 608
d 4 609
d 4 610
d 4 611
d 4 612
d 4 613
d 4 614
d 4 615
d 4 616
d 4 617
d 4 618
d 4 619
d 4 620
d 4 621
d 4 622
d 4 623
d 4 624
d 4 625
d 4 626
d 4 627
d 4 628
d 4 629
d 4 630
d 4 631
d 4 632
d 4 633
d 4 634
d 4 635
d 4 636
d 4 637
d 4 638
d 4 639
d 4 640
d 4 641
d 4 642
d 4 643
d 4 644
d 4 645
d 4 646
d 4 647
d 4 648
d 4 649
d 4 650
d 4 651
d 4 652
d 4 653
d 4 654
d 4 655
d 4 656
d 4 657
d 4 658
d 4 659
d 4 660
d 4 661
d 4 662
d 4 663
d 4 664
d 4 665
d 4 666
d 4 667
d 4 668
d 4 669
d 4 670
d 4 671
d 4 672
d 4 673
d 4 674
d 4 675
d 4 676
d 4 677
d 4 678
d 4 679
d 4 680
d 4 681
d 4 682
d 4 683
d 4 684
d 4 685
d 4 686
d 4 687
d 4 688
d 4 689
d 4 690
d 4 691
d 4 692
d 4 693
d 4 694
d 4 695
d 4 696
d 4 697
d 4 698
d 4 699
d 4 700
d 4 701
d 4 702
d 4 703
d 4 704
d 4 705
d 4 706
d 4 707
d 4 708
d 6 504
d 6 505
d 6 506
d 6 507
d 6 508
d 6 509
d 6 510
d 6 511
d 6 512
d 6 513
d 6 514
d 6 515
d 6 516
d 6 517
d 6 518
d 6 519
d 6 520
d 6 521
d 6 522
d 6 523
d 6 524
d 6 525
d 6 526
d 6 527
d 6 528
d 6 529
d 6 530
d 6 531
d 6 532
d 6 533
d 1 1028
d 1 1029
d 1 1030
d 1 1031
d 1 1032
d 1 1033
d 1 1034
d 1 1035
d 1 1036
d 1 1037
d 1 1038
d 1 1039
d 1 1040
d 1 1041
d 1 1042
d 1 1043
b 997
b 998
b 999
b 1000
b 1001
b 1002
b 1003
b 1004
b 1005
b 1006
b 1007
b 1008
b 1009
b 1010
b 1011
b 1012
b 1013
b 1014
b 1015
b 1016
b 1017
b 1018
b 1019
b 1020
b 1021
b 1022
b 1023
b 1024
b 1025
b 1026
b 1027
b 1028
b 1029
b 1030
b 1031
b 1032
b 1033
b 1034
b 1035
b 1036
b 1037
b 1038
b 1039
b 1040
b 1041
b 1042
b 1043
b 1044
d 5 530
d 5 531
d 5 532
d 5 533
d 5 534
d 5 535
d 5 536
d 5 537
d 5 538
d 5 539
d 5 540
d 5 541
d 5 542
d 5 543
d 5 544
d 5 545
d 5 546
d 5 547
d 5 548
d 5 549
d 5 550
d 5 551
d 5 552
d 5 553
d 5 554
d 5 555
d 5 556
d 5 557
d 5 558
d 5 559
d 5 560
d 5 561
d 5 562
d 5 563
d 5 564
d 5 565
d 5 566
d 5 567
d 5 568
d 5 569
d 5 570
d 5 571
d 5 572
d 5 573
d 5 574
d 5 575
d 5 576
d 5 577
d 5 578
d 5 579
d 5 580
d 8 327
d 8 328
d 4 709
d 4 710
d 4 711
d 4 712
d 4 713
d 4 714
d 4 715
d 4 716
d 4 717
d 6 534
d 6 535
d 6 536
d 6 537
d 6 538
d 6 539
d 6 540
d 6 541
d 6 542
d 6 543
d 6 544
d 6 545
d 6 546
d 6 547
d 6 548
d 6 549
d 6 550
d 6 551
d 6 552
d 6 553
d 6 554
d 6 555
d 6 556
d 6 557
d 6 558
d 6 559
d 6 560
d 6 561
d 6 562
d 6 563
d 6 564
d 6 565
d 6 566
d 6 567
d 6 568
d 6 569
d 6 570
d 6 571
d 6 572
d 6 573
d 6 574
d 6 575
d 6 576
d 6 577
d 6 578
d 6 579
d 6 580
d 6 581
d 6 582
d 6 583
d 6 584
d 6 585
d 6 586
d 6 587
d 6 588
d 6 589
d 6 590
b 1045
b 1046
b 1047
b 1048
b 1049
b 1050
b 1051
b 1052
b 1053
b 1054
b 1055
b 1056
b 1057
d 5 581
d 5 582
d 5 583
d 5 584
d 5 585
d 5 586
d 5 587
d 5 588
d 1 1044
d 1 1045
d 1 1046
d 1 1047
d 1 1048
d 1 1049
d 1 1050
d 1 1051
d 1 1052
d 1 1053
d 1 1054
d 1 1055
d 1 1056
d 1 1057
d 1 1058
d 1 1059
d 1 1060
d 1 1061
d 1 1062
d 1 1063
d 1 1064
d 1 1065
d 1 1066
d 1 1067
d 1 1068
d 1 1069
d 8 329
d 8 330
d 8 331
d 8 332
d 8 333
d 8 334
d 8 335
d 8 336
d 8 337
d 8 338
d 8 339
d 8 340
b 1058
b 1059
b 1060
b 1061
b 1062
b 1063
b 1064
b 1065
b 1066
b 1067
b 1068
b 1069
b 1070
b 1071
b 1072
b 1073
b 1074
b 1075
b 1076
b 1077
b 1078
b 1079
b 1080
b 1081
b 1082
b 1083
b 1084
b 1085
b 1086
b 1087
b 1088
b 1089
b 1090
b 1091
b 1092
b 1093
b 1094
b 1095
b 1096
b 1097
b 1098
b 1099
b 1100
b 1101
b 1102
b 1103
b 1104
b 1105
b 1106
b 1107
b 1108
b 1109
b 1110
b 1111
b 1112
b 1113
b 1114
b 1115
b 1116
b 1117
b 1118
b 1119
b 1120
b 1121
b 1122
b 1123
b 1124
b 1125
b 1126
b 1127
b 1128
b 1129
b 1130
b 1131
b 1132
b 1133
b 1134
b 1135
b 1136
b 1137
b 1138
b 1139
b 1140
b 1141
b 1142
b 1143
b 1144
b 1145
b 1146
d 8 341
d 8 342
d 8 343
d 8 344
d 8 345
d 8 346
d 8 347
d 8 348
d 8 349
d 8 350
d 8 351
d 8 352
d 8 353
d 8 354
d 8 355
d 8 356
d 8 357
d 8 358
d 8 359
d 8 360
d 8 361
d 8 362
d 8 363
d 8 364
d 8 365
d 8 366
d 8 367
d 8 368
d 8 369
d 8 370
d 8 371
d 8 372
d 8 373
d 8 374
d 8 375
d 8 376
d 8 377
d 8 378
d 8 379
d 8 380
d 8 381
d 8 382
d 8 383
d 8 384
d 4 718
d 4 719
d 4 720
d 4 721
b 1147
b 1148
b 1149
b 1150
b 1151
b 1152
b 1153
b 1154
b 1155
b 1156
b 1157
b 1158
b 1159
b 1160
b 1161
b 1162
d 4 722
d 4 723
b 1163
b 1164
b 1165
b 1166
b 1167
b 1168
b 1169
b 1170
b 1171
b 1172
b 1173
b 1174
b 1175
b 1176
b 1177
b 1178
b 1179
b 1180
b 1181
b 1182
b 1183
b 1184
b 1185
b 1186
b 1187
b 1188
b 1189
b 1190
b 1191
b 1192
b 1193
b 1194
b 1195
b 1196
b 1197
b 1198
b 1199
d 8 385
d 8 386
b 1200
b 1201
b 1202
b 1203
b 1204
b 1205
b 1206
b 1207
b 1208
b 1209
b 1210
b 1211
b 1212
b 1213
b 1214
b 1215
b 1216
b 1217
b 1218
b 1219
b 1220
b 1221
b 1222
b 1223
b 1224
b 1225
b 1226
b 1227
b 1228
b 1229
b 1230
b 1231
b 1232
b 1233
b 1234
b 1235
b 1236
b 1237
b 1238
b 1239
b 1240
b 1241
b 1242
b 1243
b 1244
b 1245
b 1246
b 1247
b 1248
b 1249
b 1250
b 1251
b 1252
b 1253
b 1254
b 1255
b 1256
b 1257
b 1258
b 1259
b 1260
b 1261
b 1262
b 1263
b 1264
d 5 589
d 5 590
d 5 591
d 5 592
d 5 593
d 5 594
d 5 595
d 5 596
d 5 597
d 5 598
d 5 599
d 5 600
d 5 601
d 5 602
d 5 603
d 5 604
d 5 605
d 5 606
d 5 607
d 5 608
d 5 609
d 5 610
d 5 611
d 5 612
d 5 613
d 5 614
d 5 615
d 5 616
d 5 617
d 5 618
d 5 619
d 5 620
d 5 621
d 5 622
d 5 623
d 5 624
d 5 625
d 5 626
d 5 627
d 5 628
d 5 629
d 5 630
d 5 631
d 5 632
d 5 633
d 5 634
d 5 635
d 5 636
d 5 637
d 5 638
d 5 639
d 5 640
d 5 641
d 5 642
d 5 643
d 5 644
d 5 645
d 5 646
d 5 647
d 5 648
d 5 649
d 5 650
d 5 651
d 5 652
d 5 653
d 5 654
d 5 655
d 5 656
d 5 657
d 5 658
d 5 659
d 5 660
d 5 661
d 5 662
d 5 663
d 5 664
d 5 665
d 5 666
d 5 667
d 5 668
d 5 669
d 5 670
d 5 671
d 5 672
d 5 673
d 5 674
d 5 675
d 5 676
d 5 677
d 5 678
d 5 679
d 5 680
d 5 681
d 5 682
d 5 683
d 5 684
d 5 685
d 5 686
d 5 687
d 5 688
d 5 689
d 5 690
d 5 691
d 5 692
d 5 693
d 5 694
d 5 695
d 5 696
d 5 697
d 5 698
d 5 699
d 5 700
d 5 701
d 5 702
d 5 703
d 5 704
d 5 705
d 5 706
d 5 707
d 5 708
d 5 709
d 5 710
d 5 711
d 5 712
d 5 713
d 5 714
d 5 715
d 5 716
d 5 717
d 5 718
d 5 719
d 5 720
d 5 721
d 5 722
d 5 723
d 5 724
d 5 725
d 5 726
d 5 727
d 5 728
d 5 729
d 5 730
d 5 731
d 5 732
d 5 733
d 7 167
d 7 168
d 7 169
d 7 170
d 7 171
d 7 172
d 7 173
d 7 174
d 7 175
d 7 176
d 7 177
d 7 178
d 7 179
d 7 180
d 7 181
d 7 182
d 7 183
d 7 184
d 7 185
d 7 186
d 7 187
d 7 188
d 7 189
d 7 190
d 7 191
d 7 192
d 7 193
d 7 194
d 7 195
d 7 196
d 7 197
d 7 198
d 7 199
d 7 200
d 7 201
d 7 202
d 7 203
d 7 204
d 7 205
d 7 206
d 7 207
d 7 208
d 7 209
d 7 210
d 7 211
d 7 212
d 7 213
d 7 214
d 7 215
d 7 216
d 7 217
d 7 218
d 7 219
d 7 220
d 7 221
d 7 222
d 7 223
d 7 224
d 7 225
d 7 226
d 7 227
d 7 228
d 7 229
d 7 230
d 7 231
d 7 232
d 7 233
d 7 234
d 7 235
d 7 236
d 7 237
d 7 238
d 7 239
d 7 240
d 7 241
d 7 242
d 7 243
d 7 244
d 7 245
d 7 246
d 7 247
d 7 248
d 7 249
d 7 250
d 7 251
d 7 252
d 7 253
d 7 254
d 7 255
d 7 256
d 7 257
d 7 258
d 7 259
d 7 260
d 7 261
d 7 262
d 7 263
d 7 264
d 7 265
d 7 266
d 7 267
d 7 268
d 7 269
d 7 270
d 7 271
d 7 272
d 7 273
d 7 274
d 7 275
d 7 276
d 7 277
d 7 278
d 7 279
d 7 280
d 7 281
d 7 282
d 7 283
d 7 284
d 7 285
d 7 286
d 7 287
d 7 288
d 7 289
d 7 290
d 7 291
d 7 292
d 7 293
d 7 294
d 7 295
d 7 296
d 7 297
d 7 298
d 7 299
d 7 300
d 7 301
d 7 302
d 7 303
d 7 304
d 7 305
d 7 306
d 7 307
d 7 308
d 7 309
d 7 310
d 7 311
d 7 312
d 7 313
d 7 314
d 7 315
d 7 316
d 7 317
d 7 318
d 7 319
d 7 320
d 7 321
d 7 322
d 7 323
d 7 324
d 7 325
d 7 326
d 7 327
d 7 328
d 7 329
d 7 330
d 7 331
d 7 332
d 7 333
d 7 334
d 7 335
d 7 336
d 7 337
d 7 338
d 7 339
d 7 340
d 7 341
d 7 342
d 7 343
d 7 344
d 7 345
d 7 346
d 7 347
d 7 348
d 7 349
d 7 350
d 7 351
d 7 352
d 7 353
d 7 354
d 7 355
d 7 356
d 7 357
d 7 358
d 7 359
d 7 360
d 7 361
d 7 362
d 7 363
d 7 364
d 7 365
d 7 366
d 7 367
d 7 368
d 7 369
d 7 370
d 7 371
d 7 372
d 7 373
d 7 374
d 7 375
d 7 376
d 7 377
d 7 378
d 7 379
d 7 380
d 7 381
d 7 382
d 7 383
d 7 384
d 7 385
d 7 386
d 7 387
d 7 388
d 7 389
d 7 390
d 7 391
d 7 392
d 7 393
d 7 394
d 7 395
d 7 396
d 7 397
d 7 398
d 7 399
d 7 400
d 7 401
d 7 402
d 7 403
d 7 404
d 7 405
d 7 406
d 7 407
d 7 408
d 7 409
d 7 410
d 7 411
d 7 412
d 7 413
d 7 414
d 7 415
d 7 416
d 7 417
d 7 418
d 7 419
d 7 420
d 7 421
d 7 422
d 7 423
d 7 424
d 7 425
d 7 426
d 7 427
d 7 428
d 7 429
d 7 430
d 7 431
d 7 432
d 7 433
d 7 434
d 7 435
d 7 436
d 7 437
d 7 438
d 7 439
d 7 440
d 7 441
d 7 442
d 7 443
d 7 444
d 7 445
d 7 446
d 7 447
d 7 448
d 7 449
d 7 450
d 7 451
d 7 452
d 7 453
d 7 454
d 7 455
d 7 456
d 7 457
d 7 458
d 7 459
d 7 460
d 7 461
d 7 462
d 7 463
d 7 464
d 7 465
d 7 466
d 7 467
d 7 468
d 7 469
d 7 470
d 7 471
d 7 472
d 7 473
d 7 474
d 7 475
d 7 476
d 7 477
d 7 478
d 7 479
d 7 480
d 7 481
d 7 482
d 7 483
d 7 484
d 7 485
d 7 486
d 7 487
d 7 488
d 7 489
d 7 490
d 7 491
d 7 492
d 7 493
d 7 494
d 7 495
d 7 496
d 7 497
d 7 498
d 7 499
d 7 500
d 7 501
d 7 502
d 7 503
d 7 504
d 7 505
d 7 506
d 5 734
d 5 735
d 5 736
d 5 737
d 5 738
d 5 739
d 5 740
d 5 741
d 5 742
d 5 743
d 5 744
d 5 745
d 5 746
d 5 747
d 5 748
d 5 749
d 5 750
d 5 751
d 5 752
d 5 753
d 5 754
d 5 755
d 5 756
d 5 757
d 5 758
d 5 759
d 5 760
d 5 761
d 5 762
d 5 763
d 5 764
d 5 765
d 5 766
d 5 767
d 5 768
d 5 769
d 5 770
d 5 771
d 5 772
d 5 773
d 5 774
d 5 775
d 5 776
d 5 777
d 5 778
d 5 779
d 5 780
d 5 781
d 5 782
d 5 783
d 5 784
d 5 785
d 5 786
d 5 787
d 5 788
d 5 789
d 5 790
d 5 791
d 5 792
d 5 793
d 5 794
d 5 795
d 5 796
d 5 797
d 5 798
d 5 799
d 5 800
d 5 801
d 5 802
d 5 803
d 5 804
d 5 805
d 5 806
d 5 807
d 5 808
d 5 809
d 5 810
d 5 811
d 5 812
d 5 813
d 5 814
d 5 815
d 5 816
d 5 817
d 5 818
d 5 819
d 5 820
d 5 821
d 5 822
d 5 823
d 5 824
d 5 825
d 5 826
d 5 827
d 5 828
d 5 829
d 5 830
d 5 831
d 5 832
d 5 833
d 5 834
d 5 835
d 5 836
d 5 837
d 5 838
b 1265
b 1266
b 1267
b 1268
b 1269
b 1270
b 1271
b 1272
b 1273
b 1274
b 1275
b 1276
b 1277
b 1278
b 1279
b 1280
b 1281
b 1282
b 1283
b 1284
b 1285
b 1286
b 1287
b 1288
b 1289
b 1290
b 1291
d 4 724
d 4 725
d 4 726
d 4 727
d 4 728
d 4 729
d 4 730
d 4 731
d 4 732
d 4 733
d 4 734
d 4 735
d 4 736
d 4 737
d 4 738
d 4 739
d 4 740
d 4 741
d 4 742
d 4 743
d 4 744
d 4 745
d 4 746
d 4 747
d 4 748
d 4 749
d 4 750
d 4 751
d 4 752
d 4 753
d 4 754
d 4 755
d 4 756
d 4 757
d 4 758
d 4 759
d 4 760
d 4 761
d 4 762
d 4 763
d 4 764
d 4 765
d 4 766
d 4 767
d 4 768
d 4 769
d 4 770
d 4 771
d 4 772
d 4 773
d 4 774
d 4 775
d 4 776
d 4 777
d 4 778
d 4 779
d 4 780
d 4 781
d 4 782
d 4 783
d 4 784
d 4 785
d 4 786
d 4 787
d 4 788
d 4 789
d 4 790
d 4 791
d 4 792
d 4 793
d 4 794
d 4 795
d 4 796
d 4 797
d 4 798
d 4 799
d 4 800
d 4 801
d 4 802
d 4 803
d 4 804
d 4 805
d 4 806
d 4 807
d 4 808
d 4 809
d 4 810
d 4 811
d 4 812
d 4 813
d 4 814
d 4 815
d 4 816
d 4 817
d 4 818
d 4 819
d 4 820
d 4 821
d 4 822
d 4 823
d 4 824
d 4 825
d 4 826
d 4 827
d 4 828
d 4 829
d 4 830
d 4 831
d 4 832
d 4 833
d 4 834
d 4 835
d 4 836
d 4 837
d 4 838
d 4 839
d 4 840
d 4 841
d 4 842
d 4 843
d 4 844
d 4 845
d 4 846
d 4 847
d 4 848
d 4 849
d 4 850
d 4 851
d 4 852
d 8 387
d 8 388
d 8 389
d 8 390
d 8 391
d 8 392
d 8 393
d 8 394
d 8 395
d 8 396
d 8 397
d 8 398
d 8 399
d 8 400
d 8 401
d 8 402
d 8 403
d 8 404
d 8 405
d 8 406
d 8 407
d 8 408
d 8 409
d 8 410
d 8 411
d 8 412
d 8 413
d 8 414
d 8 415
d 8 416
d 8 417
d 8 418
d 8 419
d 8 420
d 8 421
d 8 422
d 8 423
d 8 424
d 8 425
d 8 426
d 8 427
d 8 428
d 8 429
d 8 430
d 8 431
d 8 432
d 8 433
d 8 434
d 8 435
d 8 436
d 8 437
d 8 438
d 8 439
d 8 440
d 8 441
d 8 442
d 8 443
d 8 444
d 8 445
d 8 446
d 8 447
d 8 448
d 8 449
d 8 450
d 8 451
d 8 452
d 8 453
d 8 454
d 8 455
d 8 456
d 8 457
d 8 458
d 8 459
d 8 460
d 8 461
d 8 462
d 8 463
d 8 464
d 8 465
d 8 466
d 8 467
d 8 468
d 8 469
d 8 470
d 8 471
d 8 472
d 8 473
d 8 474
d 8 475
d 8 476
d 8 477
d 8 478
d 8 479
d 8 480
d 8 481
d 8 482
d 8 483
d 8 484
d 8 485
d 8 486
d 8 487
d 8 488
d 8 489
d 8 490
d 8 491
d 8 492
d 8 493
d 8 494
d 8 495
d 8 496
d 8 497
d 8 498
d 8 499
d 8 500
d 8 501
d 8 502
d 8 503
d 8 504
d 8 505
d 8 506
d 8 507
d 8 508
d 8 509
d 8 510
d 4 853
d 4 854
d 4 855
d 4 856
d 4 857
d 4 858
d 4 859
d 4 860
d 4 861
d 4 862
d 4 863
d 4 864
d 4 865
d 4 866
d 4 867
d 4 868
d 4 869
d 4 870
d 4 871
d 4 872
d 4 873
d 4 874
d 4 875
d 4 876
d 4 877
d 4 878
d 4 879
d 4 880
d 4 881
d 4 882
d 4 883
d 4 884
d 8 511
d 8 512
d 8 513
d 8 514
d 8 515
d 8 516
d 8 517
d 8 518
d 8 519
d 8 520
d 8 521
d 8 522
d 8 523
d 8 524
d 8 525
d 5 839
d 5 840
d 5 841
d 5 842
d 5 843
d 5 844
d 5 845
d 5 846
d 5 847
d 5 848
d 5 849
d 5 850
d 5 851
d 5 852
d 5 853
d 5 854
d 5 855
d 5 856
d 5 857
d 5 858
d 5 859
d 5 860
d 5 861
d 5 862
d 5 863
d 5 864
d 5 865
d 5 866
d 5 867
d 5 868
d 5 869
d 5 870
d 5 871
d 5 872
d 5 873
d 4 885
d 4 886
d 4 887
d 4 888
d 4 889
d 4 890
d 4 891
d 4 892
d 4 893
d 4 894
d 4 895
d 4 896
d 4 897
d 4 898
d 4 899
d 4 900
d 4 901
d 4 902
d 4 903
d 4 904
d 4 905
d 4 906
d 4 907
d 4 908
d 4 909
d 4 910
d 4 911
d 4 912
d 4 913
d 4 914
d 4 915
d 4 916
d 4 917
d 4 918
d 4 919
d 4 920
d 4 921
d 4 922
d 4 923
d 9 89
d 9 90
d 9 91
d 9 92
d 9 93
d 9 94
d 9 95
d 9 96
d 9 97
d 9 98
d 9 99
d 9 100
d 9 101
d 9 102
d 9 103
d 9 104
d 9 105
d 9 106
d 9 107
d 9 108
d 9 109
d 9 110
d 9 111
d 9 112
d 9 113
d 9 114
d 9 115
d 9 116
d 9 117
d 9 118
d 9 119
d 9 120
d 9 121
d 9 122
d 9 123
d 9 124
d 9 125
d 9 126
d 9 127
d 9 128
d 9 129
d 9 130
d 9 131
d 9 132
d 9 133
d 9 134
d 9 135
d 9 136
d 9 137
d 9 138
d 9 139
d 9 140
d 9 141
d 9 142
d 9 143
d 9 144
d 9 145
d 9 146
d 9 147
d 9 148
d 9 149
d 9 150
d 9 151
d 9 152
d 9 153
d 9 154
d 9 155
d 9 156
d 9 157
d 9 158
d 9 159
d 9 160
d 9 161
d 9 162
d 9 163
d 9 164
d 9 165
d 9 166
d 9 167
d 9 168
d 9 169
d 9 170
d 9 171
d 9 172
d 9 173
d 9 174
d 9 175
d 9 176
d 9 177
d 9 178
d 9 179
d 9 180
d 9 181
d 9 182
d 9 183
d 9 184
d 9 185
d 9 186
d 9 187
d 9 188
b 1292
b 1293
b 1294
b 1295
b 1296
b 1297
b 1298
b 1299
b 1300
b 1301
b 1302
b 1303
d 8 526
d 8 527
d 8 528
d 8 529
d 8 530
d 8 531
d 8 532
d 8 533
d 8 534
d 8 535
d 8 536
d 8 537
d 8 538
d 8 539
b 1304
b 1305
b 1306
b 1307
b 1308
b 1309
b 1310
b 1311
b 1312
b 1313
d 5 874
d 5 875
d 5 876
d 5 877
d 5 878
d 5 879
d 5 880
d 5 881
d 5 882
d 5 883
d 5 884
d 5 885
d 5 886
d 5 887
d 5 888
d 5 889
d 5 890
d 5 891
d 5 892
d 5 893
d 5 894
d 5 895
d 5 896
d 5 897
d 5 898
d 5 899
d 5 900
d 5 901
d 5 902
d 5 903
d 5 904
d 5 905
d 5 906
d 5 907
d 5 908
d 5 909
d 5 910
d 5 911
d 5 912
d 5 913
d 5 914
d 5 915
d 5 916
d 5 917
d 5 918
b 1314
b 1315
b 1316
b 1317
b 1318
b 1319
b 1320
b 1321
b 1322
b 1323
b 1324
b 1325
b 1326
b 1327
b 1328
b 1329
b 1330
b 1331
b 1332
b 1333
b 1334
b 1335
b 1336
b 1337
b 1338
b 1339
b 1340
b 1341
b 1342
b 1343
b 1344
b 1345
b 1346
b 1347
b 1348
b 1349
b 1350
d 5 919
d 5 920
d 5 921
d 5 922
d 5 923
d 5 924
d 5 925
d 5 926
d 5 927
d 5 928
d 5 929
d 5 930
d 5 931
d 5 932
d 5 933
d 5 934
d 5 935
d 5 936
d 9 189
d 9 190
d 9 191
d 9 192
d 9 193
d 9 194
d 9 195
d 9 196
d 9 197
d 9 198
d 9 199
d 9 200
d 9 201
d 9 202
d 9 203
d 9 204
d 9 205
d 9 206
d 9 207
d 9 208
d 9 209
d 9 210
d 9 211
d 9 212
d 9 213
d 9 214
d 9 215
d 9 216
d 9 217
d 9 218
d 9 219
d 9 220
d 9 221
d 9 222
d 9 223
d 9 224
d 9 225
d 9 226
d 9 227
d 9 228
d 9 229
d 9 230
d 9 231
d 9 232
d 9 233
d 9 234
d 9 235
d 9 236
d 7 507
d 7 508
d 7 509
d 7 510
d 7 511
d 7 512
d 7 513
d 7 514
d 7 515
d 7 516
d 7 517
d 7 518
d 7 519
d 7 520
d 7 521
d 7 522
d 7 523
d 7 524
d 7 525
d 7 526
d 7 527
d 7 528
d 7 529
d 7 530
d 7 531
d 7 532
d 7 533
d 7 534
d 7 535
d 7 536
d 7 537
d 7 538
d 7 539
d 7 540
d 7 541
d 7 542
d 7 543
d 7 544
d 7 545
d 7 546
d 7 547
d 7 548
d 7 549
d 7 550
d 7 551
d 7 552
d 7 553
d 7 554
d 7 555
d 7 556
d 7 557
d 7 558
d 7 559
d 7 560
d 7 561
d 7 562
d 7 563
d 7 564
d 7 565
d 7 566
d 7 567
d 7 568
d 7 569
d 7 570
d 7 571
d 7 572
d 7 573
d 7 574
d 7 575
d 7 576
d 7 577
d 7 578
d 7 579
d 7 580
d 7 581
d 7 582
d 7 583
d 7 584
d 7 585
d 7 586
d 7 587
d 7 588
d 7 589
d 7 590
d 7 591
d 7 592
d 7 593
d 7 594
d 7 595
d 7 596
d 7 597
d 7 598
d 7 599
d 7 600
d 7 601
d 7 602
d 7 603
d 7 604
d 7 605
d 7 606
d 7 607
d 7 608
d 7 609
d 7 610
d 7 611
d 7 612
d 7 613
d 7 614
d 7 615
d 7 616
d 7 617
d 7 618
d 7 619
d 7 620
d 7 621
d 7 622
d 7 623
d 7 624
d 7 625
d 7 626
d 7 627
d 7 628
d 7 629
d 7 630
d 7 631
d 7 632
d 7 633
d 7 634
d 7 635
d 7 636
d 7 637
d 7 638
d 7 639
d 7 640
d 7 641
d 7 642
d 7 643
d 7 644
d 7 645
d 7 646
d 7 647
d 7 648
d 7 649
d 7 650
d 7 651
d 7 652
d 7 653
d 7 654
d 7 655
d 7 656
d 7 657
d 7 658
d 7 659
d 7 660
d 7 661
d 7 662
d 7 663
d 7 664
d 7 665
d 7 666
d 7 667
d 7 668
d 7 669
d 7 670
d 7 671
d 7 672
d 7 673
d 7 674
d 7 675
d 7 676
d 7 677
d 7 678
d 7 679
b 1351
b 1352
b 1353
b 1354
b 1355
b 1356
b 1357
b 1358
b 1359
b 1360
b 1361
b 1362
b 1363
b 1364
b 1365
b 1366
b 1367
b 1368
b 1369
b 1370
b 1371
b 1372
b 1373
b 1374
b 1375
d 9 237
d 9 238
d 9 239
d 9 240
d 9 241
d 9 242
d 9 243
d 9 244
d 9 245
d 9 246
d 9 247
d 9 248
d 9 249
d 9 250
d 9 251
d 9 252
d 1 1070
d 1 1071
d 1 1072
d 1 1073
d 1 1074
d 1 1075
d 1 1076
d 1 1077
d 1 1078
d 1 1079
d 1 1080
d 1 1081
d 1 1082
d 1 1083
d 1 1084
d 1 1085
d 1 1086
d 1 1087
d 1 1088
d 1 1089
d 1 1090
d 1 1091
d 1 1092
d 1 1093
d 1 1094
d 1 1095
d 1 1096
d 1 1097
d 1 1098
d 1 1099
d 1 1100
d 1 1101
d 1 1102
d 1 1103
d 1 1104
d 1 1105
d 1 1106
d 1 1107
d 1 1108
d 1 1109
d 1 1110
d 1 1111
d 1 1112
d 1 1113
d 1 1114
d 1 1115
d 1 1116
d 1 1117
d 1 1118
d 1 1119
d 1 1120
d 1 1121
d 1 1122
d 1 1123
d 1 1124
d 1 1125
d 1 1126
d 1 1127
d 1 1128
d 1 1129
d 1 1130
d 1 1131
d 1 1132
d 1 1133
d 1 1134
d 1 1135
d 1 1136
d 1 1137
d 1 1138
d 1 1139
d 1 1140
d 1 1141
d 1 1142
d 1 1143
d 1 1144
d 1 1145
d 1 1146
d 1 1147
d 1 1148
d 1 1149
d 1 1150
d 1 1151
d 1 1152
d 1 1153
d 1 1154
d 1 1155
d 1 1156
d 1 1157
d 1 1158
d 1 1159
d 1 1160
d 1 1161
d 1 1162
d 1 1163
d 1 1164
d 1 1165
d 1 1166
d 1 1167
d 1 1168
d 1 1169
d 1 1170
d 1 1171
d 1 1172
d 1 1173
d 1 1174
d 1 1175
d 1 1176
d 1 1177
d 1 1178
d 1 1179
d 1 1180
d 1 1181
d 1 1182
d 1 1183
d 1 1184
d 1 1185
d 1 1186
d 1 1187
d 1 1188
d 1 1189
d 1 1190
d 1 1191
d 1 1192
d 1 1193
d 1 1194
d 1 1195
d 1 1196
d 1 1197
d 1 1198
d 1 1199
d 1 1200
d 1 1201
d 1 1202
d 1 1203
d 1 1204
d 1 1205
d 1 1206
d 1 1207
d 1 1208
d 1 1209
d 1 1210
d 1 1211
d 1 1212
d 1 1213
d 1 1214
d 1 1215
d 1 1216
d 1 1217
d 1 1218
d 1 1219
d 1 1220
d 1 1221
d 1 1222
d 1 1223
d 1 1224
d 1 1225
d 1 1226
d 1 1227
d 1 1228
d 1 1229
d 1 1230
d 1 1231
d 1 1232
d 1 1233
d 1 1234
d 1 1235
d 1 1236
d 1 1237
d 1 1238
d 1 1239
d 1 1240
d 1 1241
d 1 1242
d 1 1243
d 1 1244
d 1 1245
d 1 1246
d 1 1247
d 1 1248
d 1 1249
d 1 1250
d 1 1251
d 1 1252
d 1 1253
d 1 1254
d 1 1255
d 1 1256
d 1 1257
d 1 1258
d 1 1259
d 1 1260
d 1 1261
d 1 1262
d 1 1263
d 1 1264
d 1 1265
d 1 1266
d 1 1267
d 1 1268
d 1 1269
d 1 1270
d 1 1271
d 1 1272
d 1 1273
d 1 1274
d 1 1275
d 1 1276
d 1 1277
d 1 1278
d 1 1279
d 1 1280
d 1 1281
d 1 1282
d 1 1283
d 1 1284
d 1 1285
d 1 1286
d 1 1287
d 1 1288
d 1 1289
d 1 1290
d 1 1291
d 1 1292
d 1 1293
d 1 1294
d 1 1295
d 1 1296
d 1 1297
d 1 1298
d 1 1299
d 1 1300
d 1 1301
d 1 1302
d 1 1303
d 1 1304
d 1 1305
d 1 1306
d 1 1307
d 1 1308
d 1 1309
d 1 1310
d 1 1311
d 1 1312
d 1 1313
d 1 1314
d 1 1315
d 1 1316
d 1 1317
d 1 1318
d 1 1319
d 1 1320
d 1 1321
d 1 1322
d 1 1323
d 1 1324
d 1 1325
d 1 1326
d 1 1327
d 1 1328
d 1 1329
d 1 1330
d 1 1331
d 1 1332
d 1 1333
d 1 1334
d 1 1335
d 1 1336
d 1 1337
d 1 1338
d 1 1339
d 1 1340
d 1 1341
d 1 1342
d 1 1343
d 1 1344
d 1 1345
d 1 1346
d 1 1347
d 1 1348
d 1 1349
d 1 1350
d 1 1351
d 1 1352
d 1 1353
d 1 1354
d 1 1355
d 1 1356
d 1 1357
d 1 1358
d 1 1359
d 1 1360
d 1 1361
d 1 1362
d 1 1363
d 1 1364
d 1 1365
d 1 1366
d 1 1367
d 1 1368
d 1 1369
d 1 1370
d 1 1371
d 1 1372
d 1 1373
d 1 1374
d 1 1375
d 1 1376
d 1 1377
d 1 1378
d 1 1379
d 1 1380
d 1 1381
d 1 1382
d 1 1383
d 1 1384
d 1 1385
d 1 1386
d 1 1387
d 1 1388
d 1 1389
d 1 1390
d 1 1391
d 1 1392
d 1 1393
d 1 1394
d 1 1395
d 1 1396
d 1 1397
d 1 1398
d 1 1399
d 1 1400
d 1 1401
d 1 1402
d 1 1403
d 1 1404
d 1 1405
d 1 1406
d 1 1407
d 1 1408
d 1 1409
d 1 1410
d 1 1411
d 1 1412
d 1 1413
d 1 1414
d 1 1415
d 1 1416
d 1 1417
d 1 1418
d 1 1419
d 9 253
d 9 254
d 9 255
d 9 256
d 9 257
d 9 258
d 9 259
d 9 260
d 9 261
d 9 262
d 9 263
d 9 264
d 9 265
d 9 266
d 9 267
d 9 268
d 9 269
d 9 270
d 9 271
d 9 272
d 9 273
d 9 274
d 9 275
d 9 276
d 9 277
d 9 278
d 9 279
d 9 280
d 9 281
d 9 282
d 9 283
d 9 284
d 9 285
d 9 286
d 9 287
d 9 288
d 9 289
d 9 290
d 9 291
d 9 292
d 9 293
d 9 294
d 9 295
d 9 296
d 9 297
d 9 298
d 9 299
d 9 300
d 9 301
d 9 302
d 9 303
d 9 304
d 9 305
d 9 306
d 9 307
d 9 308
d 9 309
d 9 310
d 9 311
d 9 312
d 9 313
d 9 314
d 9 315
d 9 316
d 9 317
d 9 318
d 9 319
d 9 320
d 9 321
d 9 322
d 9 323
d 9 324
d 9 325
d 9 326
d 9 327
d 9 328
d 9 329
d 9 330
d 9 331
d 9 332
d 9 333
d 9 334
d 9 335
d 9 336
d 9 337
d 9 338
d 9 339
d 9 340
d 9 341
d 9 342
d 9 343
d 9 344
d 9 345
d 9 346
d 9 347
d 9 348
d 9 349
d 9 350
d 9 351
d 9 352
d 9 353
d 9 354
d 9 355
d 9 356
d 9 357
b 1376
b 1377
b 1378
b 1379
b 1380
b 1381
b 1382
b 1383
b 1384
b 1385
b 1386
b 1387
b 1388
b 1389
b 1390
b 1391
b 1392
b 1393
b 1394
b 1395
b 1396
b 1397
b 1398
b 1399
b 1400
b 1401
b 1402
b 1403
b 1404
b 1405
b 1406
b 1407
b 1408
b 1409
b 1410
b 1411
b 1412
b 1413
b 1414
b 1415
b 1416
b 1417
b 1418
b 1419
b 1420
b 1421
b 1422
b 1423
b 1424
b 1425
b 1426
b 1427
b 1428
b 1429
b 1430
b 1431
d 6 591
d 6 592
d 6 593
d 6 594
d 6 595
d 6 596
d 6 597
d 6 598
d 6 599
d 6 600
d 6 601
d 6 602
d 6 603
d 6 604
d 6 605
d 6 606
d 6 607
d 6 608
d 6 609
d 6 610
d 6 611
d 6 612
d 6 613
d 6 614
d 6 615
d 6 616
d 6 617
d 6 618
d 6 619
d 6 620
d 6 621
d 6 622
d 6 623
d 6 624
d 6 625
d 6 626
d 6 627
d 6 628
d 6 629
d 6 630
d 6 631
d 6 632
d 6 633
d 6 634
d 6 635
d 6 636
d 6 637
d 6 638
d 6 639
d 6 640
d 6 641
d 6 642
d 6 643
d 6 644
d 6 645
d 6 646
d 6 647
d 6 648
d 6 649
d 6 650
d 6 651
d 6 652
d 6 653
d 6 654
d 6 655
d 6 656
d 6 657
d 6 658
d 6 659
d 6 660
d 6 661
d 6 662
d 6 663
d 6 664
d 6 665
d 6 666
d 6 667
d 6 668
d 6 669
d 6 670
d 6 671
d 6 672
d 6 673
d 6 674
d 6 675
d 6 676
d 6 677
d 6 678
d 6 679
d 6 680
d 6 681
d 9 358
d 9 359
d 9 360
d 9 361
d 9 362
d 9 363
d 9 364
d 9 365
d 9 366
d 9 367
d 9 368
d 9 369
d 9 370
d 9 371
d 9 372
d 9 373
d 9 374
d 9 375
d 9 376
d 9 377
d 9 378
d 9 379
d 9 380
d 9 381
d 9 382
d 9 383
d 9 384
d 9 385
d 9 386
d 7 680
d 7 681
d 7 682
d 7 683
d 7 684
d 7 685
d 7 686
d 7 687
d 7 688
d 7 689
d 7 690
d 7 691
d 7 692
d 7 693
d 7 694
d 7 695
d 7 696
d 7 697
d 7 698
d 7 699
d 7 700
d 7 701
d 7 702
d 7 703
d 7 704
d 7 705
d 7 706
d 7 707
d 7 708
d 7 709
d 7 710
d 7 711
d 7 712
d 7 713
d 7 714
d 7 715
d 7 716
d 7 717
d 7 718
d 7 719
d 7 720
d 7 721
d 7 722
d 7 723
d 7 724
d 7 725
d 7 726
d 7 727
d 7 728
d 7 729
d 7 730
d 7 731
d 7 732
d 7 733
d 7 734
d 7 735
d 7 736
d 7 737
d 7 738
d 7 739
d 7 740
d 7 741
d 7 742
d 7 743
d 7 744
d 7 745
d 7 746
d 7 747
d 7 748
d 7 749
d 7 750
d 7 751
d 7 752
d 7 753
d 7 754
d 7 755
d 7 756
d 7 757
d 7 758
d 7 759
d 7 760
d 7 761
d 7 762
d 7 763
d 7 764
d 7 765
d 7 766
b 1432
b 1433
b 1434
b 1435
b 1436
b 1437
b 1438
b 1439
b 1440
b 1441
b 1442
b 1443
b 1444
b 1445
b 1446
b 1447
b 1448
b 1449
b 1450
b 1451
b 1452
b 1453
b 1454
b 1455
b 1456
b 1457
b 1458
b 1459
b 1460
b 1461
b 1462
b 1463
b 1464
b 1465
b 1466
b 1467
b 1468
b 1469
b 1470
b 1471
b 1472
d 1 1420
d 1 1421
d 1 1422
d 1 1423
d 1 1424
d 1 1425
d 1 1426
d 1 1427
d 1 1428
d 1 1429
d 1 1430
d 1 1431
d 1 1432
d 1 1433
d 1 1434
d 1 1435
d 1 1436
d 1 1437
d 5 937
d 5 938
d 5 939
d 7 767
d 6 682
d 6 683
d 6 684
d 6 685
d 6 686
d 6 687
d 6 688
d 6 689
d 6 690
d 6 691
d 6 692
d 6 693
d 6 694
d 6 695
d 6 696
d 6 697
d 6 698
d 6 699
d 6 700
d 6 701
d 6 702
d 6 703
d 6 704
d 6 705
d 6 706
d 6 707
d 6 708
d 6 709
d 6 710
d 6 711
d 6 712
d 6 713
d 6 714
d 6 715
d 6 716
d 6 717
d 6 718
d 6 719
d 6 720
d 6 721
d 6 722
d 6 723
d 6 724
d 6 725
d 6 726
d 6 727
d 6 728
d 6 729
d 6 730
d 6 731
d 6 732
d 6 733
d 6 734
d 6 735
d 6 736
d 6 737
d 6 738
d 6 739
d 6 740
d 6 741
d 6 742
d 6 743
d 6 744
d 6 745
d 6 746
d 6 747
d 6 748
d 6 749
d 6 750
d 6 751
d 6 752
d 6 753
d 6 754
d 6 755
d 6 756
d 6 757
d 6 758
d 6 759
d 6 760
d 6 761
d 6 762
d 6 763
d 6 764
d 6 765
d 6 766
d 6 767
d 6 768
d 6 769
d 6 770
d 6 771
d 6 772
d 6 773
d 6 774
d 6 775
d 6 776
d 6 777
d 6 778
d 6 779
d 6 780
d 6 781
d 6 782
d 6 783
d 6 784
d 6 785
d 6 786
d 6 787
d 6 788
d 6 789
d 6 790
d 6 791
d 6 792
d 6 793
d 6 794
d 6 795
d 6 796
d 6 797
d 6 798
d 6 799
d 6 800
d 6 801
d 6 802
d 6 803
d 6 804
d 6 805
d 6 806
d 6 807
d 6 808
d 6 809
d 6 810
d 6 811
d 6 812
d 6 813
d 6 814
d 6 815
d 6 816
d 6 817
d 6 818
d 6 819
d 6 820
d 6 821
d 6 822
d 6 823
d 6 824
d 6 825
d 6 826
d 6 827
d 6 828
d 6 829
d 6 830
d 6 831
d 6 832
d 6 833
d 6 834
d 6 835
d 6 836
d 6 837
d 6 838
d 6 839
d 6 840
d 6 841
d 6 842
d 6 843
d 6 844
d 6 845
d 6 846
d 6 847
d 6 848
d 6 849
d 6 850
d 6 851
d 6 852
d 6 853
d 6 854
d 6 855
d 6 856
d 6 857
d 6 858
d 6 859
d 6 860
d 6 861
d 6 862
d 6 863
d 6 864
d 6 865
d 6 866
d 6 867
d 6 868
d 6 869
d 6 870
d 6 871
d 6 872
d 6 873
d 6 874
d 6 875
d 6 876
d 6 877
d 6 878
d 6 879
d 6 880
d 6 881
d 6 882
d 6 883
d 6 884
d 6 885
d 6 886
d 6 887
d 6 888
d 6 889
d 6 890
d 6 891
d 6 892
d 6 893
d 6 894
d 6 895
d 6 896
d 6 897
d 6 898
d 6 899
d 6 900
d 6 901
d 6 902
d 6 903
d 6 904
d 6 905
d 6 906
d 6 907
d 6 908
d 6 909
d 6 910
d 6 911
d 6 912
d 6 913
d 6 914
d 6 915
d 6 916
d 6 917
d 6 918
d 6 919
d 6 920
d 6 921
d 6 922
d 6 923
d 6 924
d 6 925
d 6 926
d 6 927
d 6 928
d 6 929
d 6 930
d 6 931
d 6 932
d 6 933
d 6 934
d 6 935
d 6 936
d 6 937
d 6 938
d 6 939
d 6 940
d 6 941
d 6 942
d 6 943
d 6 944
d 6 945
d 6 946
d 6 947
d 6 948
d 6 949
d 6 950
d 6 951
d 6 952
d 6 953
d 6 954
d 6 955
d 6 956
d 6 957
d 6 958
d 6 959
d 6 960
d 6 961
d 6 962
d 6 963
d 6 964
d 6 965
d 6 966
d 6 967
d 6 968
d 6 969
b 1473
b 1474
b 1475
b 1476
b 1477
b 1478
b 1479
b 1480
b 1481
b 1482
b 1483
b 1484
b 1485
b 1486
b 1487
b 1488
b 1489
b 1490
b 1491
b 1492
b 1493
b 1494
b 1495
b 1496
b 1497
b 1498
b 1499
b 1500
b 1501
b 1502
b 1503
b 1504
b 1505
b 1506
b 1507
b 1508
d 5 940
d 5 941
d 5 942
d 5 943
d 5 944
d 5 945
d 5 946
d 5 947
d 5 948
d 5 949
d 5 950
d 5 951
d 5 952
d 5 953
d 5 954
d 5 955
d 5 956
d 5 957
d 5 958
d 5 959
d 5 960
d 6 970
d 6 971
d 6 972
d 6 973
b 1509
b 1510
b 1511
b 1512
b 1513
b 1514
b 1515
b 1516
b 1517
b 1518
b 1519
b 1520
b 1521
b 1522
b 1523
b 1524
b 1525
b 1526
b 1527
b 1528
b 1529
d 1 1438
d 1 1439
d 1 1440
d 1 1441
d 1 1442
d 1 1443
d 1 1444
d 1 1445
d 1 1446
d 1 1447
d 1 1448
d 1 1449
d 1 1450
d 1 1451
d 1 1452
d 1 1453
d 1 1454
d 4 924
d 4 925
d 4 926
d 4 927
d 4 928
d 4 929
d 4 930
d 4 931
d 4 932
d 4 933
d 4 934
d 4 935
d 4 936
d 4 937
d 4 938
d 4 939
d 4 940
d 4 941
d 4 942
d 4 943
d 4 944
d 4 945
d 4 946
d 4 947
d 4 948
d 4 949
d 4 950
d 4 951
d 4 952
d 4 953
d 4 954
d 4 955
d 4 956
d 4 957
d 4 958
d 4 959
d 4 960
d 4 961
d 4 962
d 4 963
d 4 964
d 4 965
d 4 966
d 4 967
d 4 968
d 4 969
d 4 970
d 4 971
d 4 972
d 4 973
d 4 974
d 4 975
d 4 976
d 4 977
d 4 978
d 4 979
d 4 980
d 4 981
d 4 982
d 4 983
d 4 984
d 4 985
d 4 986
d 4 987
d 4 988
d 4 989
d 4 990
d 4 991
d 4 992
d 4 993
d 4 994
d 4 995
d 4 996
d 4 997
d 4 998
d 4 999
d 4 1000
d 4 1001
d 4 1002
d 4 1003
d 4 1004
d 4 1005
d 4 1006
d 4 1007
d 4 1008
d 4 1009
d 4 1010
d 4 1011
d 4 1012
d 4 1013
d 4 1014
d 4 1015
d 4 1016
d 4 1017
d 4 1018
d 4 1019
d 4 1020
d 4 1021
d 4 1022
d 8 540
d 6 974
d 6 975
d 6 976
d 6 977
d 6 978
d 6 979
d 6 980
d 6 981
d 6 982
d 6 983
d 6 984
d 1 1455
d 1 1456
d 1 1457
d 1 1458
d 1 1459
d 1 1460
d 1 1461
d 1 1462
d 1 1463
d 1 1464
d 1 1465
d 1 1466
d 1 1467
d 1 1468
d 1 1469
d 1 1470
d 1 1471
d 1 1472
d 1 1473
d 1 1474
d 1 1475
d 1 1476
d 1 1477
d 1 1478
d 1 1479
d 1 1480
d 1 1481
d 1 1482
d 1 1483
d 1 1484
d 1 1485
d 1 1486
d 1 1487
d 1 1488
d 1 1489
d 1 1490
d 1 1491
d 1 1492
d 1 1493
d 1 1494
d 1 1495
d 1 1496
d 1 1497
d 1 1498
d 1 1499
d 1 1500
d 1 1501
d 1 1502
d 1 1503
d 1 1504
d 1 1505
d 1 1506
d 1 1507
d 1 1508
d 1 1509
d 1 1510
d 1 1511
d 1 1512
d 1 1513
d 1 1514
d 1 1515
d 1 1516
d 1 1517
d 1 1518
d 1 1519
d 1 1520
d 1 1521
d 1 1522
d 1 1523
d 1 1524
d 1 1525
d 1 1526
d 1 1527
d 1 1528
d 1 1529
d 1 1530
d 1 1531
d 1 1532
d 1 1533
d 1 1534
d 1 1535
d 1 1536
d 1 1537
d 1 1538
d 1 1539
d 1 1540
d 1 1541
d 1 1542
d 1 1543
d 1 1544
d 1 1545
d 1 1546
d 1 1547
d 1 1548
d 1 1549
d 1 1550
d 1 1551
d 1 1552
d 1 1553
d 1 1554
d 1 1555
d 1 1556
d 1 1557
d 1 1558
d 1 1559
d 1 1560
d 1 1561
d 1 1562
b 1530
b 1531
b 1532
b 1533
b 1534
b 1535
b 1536
b 1537
b 1538
b 1539
b 1540
b 1541
b 1542
b 1543
b 1544
b 1545
b 1546
b 1547
b 1548
b 1549
b 1550
b 1551
b 1552
b 1553
b 1554
b 1555
b 1556
b 1557
b 1558
b 1559
b 1560
b 1561
b 1562
b 1563
b 1564
b 1565
b 1566
b 1567
b 1568
b 1569
b 1570
b 1571
b 1572
b 1573
b 1574
b 1575
b 1576
b 1577
b 1578
b 1579
b 1580
b 1581
b 1582
b 1583
b 1584
b 1585
b 1586
b 1587
b 1588
b 1589
b 1590
b 1591
b 1592
b 1593
b 1594
b 1595
b 1596
b 1597
b 1598
b 1599
b 1600
b 1601
b 1602
b 1603
b 1604
b 1605
b 1606
b 1607
b 1608
d 7 768
d 7 769
d 7 770
d 7 771
d 7 772
d 7 773
d 7 774
d 7 775
d 7 776
d 7 777
d 7 778
d 7 779
d 7 780
d 7 781
d 7 782
d 7 783
d 7 784
d 7 785
d 7 786
d 7 787
d 7 788
d 7 789
d 7 790
d 7 791
d 7 792
d 7 793
d 7 794
d 7 795
d 7 796
d 7 797
d 7 798
d 7 799
d 7 800
d 7 801
d 7 802
d 7 803
d 1 1563
d 1 1564
d 7 804
d 7 805
d 7 806
d 7 807
d 7 808
d 7 809
d 7 810
d 7 811
d 7 812
d 7 813
d 7 814
d 7 815
d 7 816
d 7 817
d 7 818
d 7 819
d 7 820
d 7 821
d 7 822
d 7 823
d 7 824
d 7 825
d 7 826
d 7 827
d 7 828
d 7 829
d 7 830
d 7 831
d 7 832
d 7 833
d 7 834
d 7 835
d 7 836
d 7 837
d 7 838
d 7 839
d 7 840
d 7 841
d 7 842
d 7 843
d 7 844
d 7 845
d 7 846
d 7 847
d 7 848
d 7 849
d 7 850
d 7 851
d 7 852
d 7 853
d 7 854
d 7 855
d 7 856
d 7 857
d 7 858
d 7 859
d 7 860
d 7 861
d 7 862
d 7 863
d 7 864
d 7 865
d 7 866
d 7 867
d 7 868
d 7 869
d 7 870
d 7 871
d 7 872
d 7 873
d 7 874
d 7 875
d 7 876
d 7 877
d 7 878
d 7 879
d 7 880
d 7 881
d 7 882
d 7 883
d 7 884
d 7 885
d 7 886
d 7 887
d 7 888
d 7 889
d 7 890
d 7 891
d 7 892
d 7 893
d 7 894
d 7 895
d 7 896
d 7 897
d 7 898
d 7 899
d 7 900
d 7 901
d 7 902
d 7 903
d 7 904
d 7 905
d 7 906
d 7 907
d 7 908
d 7 909
d 7 910
d 7 911
d 7 912
d 7 913
d 7 914
b 1609
b 1610
b 1611
b 1612
b 1613
b 1614
b 1615
b 1616
b 1617
b 1618
b 1619
b 1620
b 1621
b 1622
b 1623
b 1624
b 1625
b 1626
d 5 961
d 5 962
d 5 963
d 5 964
d 5 965
d 5 966
d 5 967
d 5 968
d 5 969
d 5 970
d 5 971
d 5 972
d 5 973
d 5 974
d 5 975
d 5 976
d 5 977
d 5 978
d 5 979
d 5 980
d 5 981
d 5 982
d 5 983
d 5 984
d 5 985
d 5 986
d 5 987
d 5 988
d 5 989
d 5 990
d 5 991
d 5 992
d 5 993
d 5 994
d 5 995
d 5 996
d 5 997
d 5 998
d 5 999
d 5 1000
d 5 1001
d 5 1002
d 5 1003
d 5 1004
d 5 1005
d 5 1006
d 5 1007
d 5 1008
d 5 1009
d 5 1010
d 5 1011
d 5 1012
d 5 1013
d 5 1014
d 5 1015
d 5 1016
d 5 1017
d 5 1018
d 5 1019
d 5 1020
d 5 1021
d 5 1022
d 5 1023
d 5 1024
d 5 1025
d 5 1026
d 5 1027
d 5 1028
d 5 1029
d 5 1030
d 5 1031
d 5 1032
d 5 1033
d 8 541
d 8 542
d 8 543
d 8 544
d 8 545
d 8 546
d 8 547
d 8 548
d 8 549
d 8 550
d 8 551
d 8 552
d 8 553
d 8 554
d 8 555
d 8 556
d 8 557
d 8 558
d 8 559
d 8 560
d 8 561
d 8 562
d 8 563
d 8 564
d 8 565
d 8 566
d 8 567
d 8 568
d 8 569
d 8 570
d 8 571
d 8 572
d 8 573
d 8 574
d 8 575
d 8 576
d 8 577
d 8 578
d 8 579
d 8 580
d 8 581
d 8 582
d 8 583
d 8 584
d 8 585
d 8 586
d 8 587
d 8 588
d 8 589
d 8 590
d 8 591
d 8 592
d 8 593
d 8 594
d 8 595
d 8 596
d 8 597
d 8 598
d 8 599
d 8 600
d 8 601
d 8 602
d 8 603
d 8 604
d 8 605
d 8 606
d 8 607
d 8 608
d 8 609
d 8 610
d 8 611
d 8 612
d 8 613
d 8 614
d 8 615
d 8 616
d 8 617
d 8 618
d 8 619
d 8 620
d 8 621
d 8 622
d 8 623
d 8 624
d 8 625
d 8 626
d 8 627
d 8 628
d 8 629
d 8 630
d 8 631
d 8 632
d 8 633
d 8 634
d 8 635
d 8 636
d 8 637
d 8 638
d 8 639
d 8 640
d 8 641
d 8 642
d 8 643
d 8 644
d 8 645
d 8 646
d 8 647
d 8 648
d 8 649
d 8 650
d 8 651
d 8 652
d 8 653
d 8 654
d 8 655
d 8 656
d 8 657
d 8 658
d 8 659
d 8 660
d 8 661
d 8 662
d 8 663
d 4 1023
d 4 1024
d 4 1025
d 4 1026
d 4 1027
d 4 1028
d 4 1029
d 4 1030
d 4 1031
d 4 1032
d 4 1033
d 4 1034
d 4 1035
d 4 1036
d 4 1037
d 4 1038
d 4 1039
d 4 1040
d 4 1041
d 4 1042
d 4 1043
d 4 1044
d 4 1045
d 4 1046
d 4 1047
d 4 1048
d 4 1049
d 4 1050
d 4 1051
d 4 1052
d 4 1053
d 4 1054
d 4 1055
d 4 1056
d 4 1057
d 4 1058
d 4 1059
d 4 1060
d 4 1061
d 4 1062
d 4 1063
d 4 1064
d 4 1065
d 4 1066
d 4 1067
d 4 1068
d 4 1069
d 4 1070
d 4 1071
d 4 1072
d 4 1073
d 4 1074
d 4 1075
d 4 1076
d 4 1077
d 4 1078
d 4 1079
d 4 1080
d 4 1081
d 4 1082
d 4 1083
d 4 1084
d 4 1085
d 4 1086
d 4 1087
d 4 1088
d 4 1089
d 4 1090
d 4 1091
d 4 1092
d 4 1093
d 4 1094
d 4 1095
d 4 1096
d 4 1097
d 4 1098
d 4 1099
d 4 1100
d 4 1101
d 4 1102
d 4 1103
d 4 1104
d 4 1105
d 4 1106
d 4 1107
d 4 1108
d 4 1109
d 4 1110
d 4 1111
d 4 1112
d 4 1113
d 4 1114
d 4 1115
d 4 1116
d 4 1117
d 4 1118
d 4 1119
d 4 1120
d 4 1121
d 4 1122
d 4 1123
d 4 1124
d 4 1125
d 4 1126
d 4 1127
d 4 1128
d 4 1129
d 4 1130
d 4 1131
d 4 1132
d 4 1133
d 4 1134
d 4 1135
d 4 1136
d 4 1137
d 4 1138
d 4 1139
d 4 1140
d 4 1141
d 4 1142
d 4 1143
d 4 1144
d 4 1145
d 4 1146
d 4 1147
d 4 1148
d 4 1149
d 4 1150
d 4 1151
d 4 1152
d 4 1153
d 4 1154
d 4 1155
d 4 1156
d 4 1157
d 4 1158
d 4 1159
d 4 1160
d 4 1161
d 4 1162
d 4 1163
d 4 1164
d 4 1165
d 4 1166
d 4 1167
d 4 1168
d 4 1169
d 4 1170
d 4 1171
d 4 1172
d 4 1173
d 4 1174
d 4 1175
d 4 1176
d 4 1177
d 4 1178
d 4 1179
d 4 1180
d 4 1181
d 4 1182
d 4 1183
d 4 1184
d 4 1185
d 4 1186
d 4 1187
d 4 1188
d 4 1189
d 4 1190
d 4 1191
d 4 1192
d 4 1193
d 4 1194
d 4 1195
d 4 1196
d 4 1197
d 4 1198
d 4 1199
d 4 1200
d 4 1201
d 4 1202
d 4 1203
d 4 1204
d 4 1205
d 4 1206
d 4 1207
d 4 1208
d 4 1209
d 4 1210
d 4 1211
d 4 1212
d 4 1213
d 4 1214
d 4 1215
d 4 1216
d 4 1217
d 4 1218
d 4 1219
d 4 1220
d 4 1221
d 4 1222
d 4 1223
d 4 1224
d 4 1225
d 4 1226
d 4 1227
d 4 1228
d 4 1229
d 4 1230
d 4 1231
d 4 1232
d 4 1233
d 4 1234
d 4 1235
d 4 1236
d 4 1237
d 4 1238
d 4 1239
d 4 1240
d 4 1241
d 4 1242
d 4 1243
d 4 1244
d 4 1245
d 4 1246
d 4 1247
d 4 1248
d 4 1249
d 7 915
d 7 916
d 7 917
d 7 918
d 7 919
b 1627
b 1628
b 1629
b 1630
b 1631
d 9 387
d 9 388
d 9 389
d 9 390
d 9 391
d 9 392
d 9 393
d 9 394
d 9 395
d 9 396
d 9 397
d 9 398
d 9 399
d 9 400
d 9 401
d 9 402
d 9 403
d 9 404
d 9 405
d 9 406
d 9 407
d 9 408
d 9 409
d 9 410
d 9 411
d 9 412
d 9 413
d 9 414
d 9 415
d 9 416
d 9 417
d 9 418
d 9 419
d 9 420
d 9 421
d 9 422
d 9 423
d 9 424
d 9 425
d 9 426
d 9 427
d 9 428
d 9 429
d 9 430
d 9 431
d 9 432
d 9 433
d 9 434
d 9 435
d 9 436
d 9 437
d 9 438
d 9 439
d 9 440
d 9 441
d 9 442
d 9 443
d 9 444
d 9 445
d 9 446
d 9 447
d 9 448
d 9 449
d 9 450
d 9 451
d 9 452
d 9 453
d 9 454
d 9 455
d 9 456
d 9 457
d 9 458
d 9 459
d 9 460
d 9 461
d 9 462
d 9 463
d 9 464
d 9 465
d 9 466
d 9 467
d 9 468
d 9 469
d 9 470
d 9 471
d 9 472
d 9 473
d 9 474
d 9 475
d 9 476
d 9 477
d 9 478
d 9 479
d 9 480
d 9 481
d 9 482
d 9 483
d 9 484
d 9 485
d 9 486
d 9 487
d 9 488
d 9 489
d 9 490
d 9 491
d 9 492
d 9 493
d 9 494
d 9 495
d 9 496
d 9 497
d 9 498
d 9 499
d 9 500
d 9 501
d 9 502
d 9 503
d 8 664
d 8 665
d 8 666
d 8 667
d 8 668
d 8 669
d 8 670
d 8 671
d 8 672
d 8 673
d 8 674
d 8 675
d 8 676
d 8 677
d 6 985
d 6 986
d 6 987
d 6 988
d 6 989
d 6 990
d 6 991
d 6 992
d 6 993
d 6 994
d 6 995
d 6 996
d 6 997
d 6 998
d 6 999
d 6 1000
d 6 1001
d 6 1002
d 6 1003
d 6 1004
d 6 1005
d 6 1006
d 6 1007
d 6 1008
d 6 1009
d 6 1010
d 6 1011
d 6 1012
d 6 1013
d 6 1014
d 6 1015
d 6 1016
d 6 1017
d 6 1018
d 6 1019
d 6 1020
d 6 1021
d 6 1022
d 6 1023
d 6 1024
d 6 1025
d 6 1026
d 6 1027
d 6 1028
d 6 1029
d 6 1030
d 6 1031
d 6 1032
d 6 1033
d 6 1034
d 6 1035
d 6 1036
d 6 1037
d 6 1038
d 6 1039
d 6 1040
d 6 1041
d 6 1042
d 6 1043
d 6 1044
d 6 1045
d 6 1046
d 6 1047
d 6 1048
d 6 1049
d 6 1050
d 6 1051
d 6 1052
d 6 1053
d 6 1054
d 6 1055
d 6 1056
d 6 1057
d 6 1058
d 6 1059
d 6 1060
d 6 1061
d 6 1062
d 6 1063
d 6 1064
d 6 1065
d 6 1066
d 6 1067
d 6 1068
d 6 1069
d 6 1070
d 6 1071
d 6 1072
d 6 1073
d 6 1074
d 6 1075
d 6 1076
d 6 1077
d 6 1078
d 6 1079
d 6 1080
d 6 1081
d 6 1082
d 6 1083
d 6 1084
d 6 1085
d 6 1086
d 6 1087
d 6 1088
d 6 1089
d 6 1090
d 6 1091
d 6 1092
d 6 1093
d 6 1094
d 6 1095
d 6 1096
d 6 1097
d 6 1098
d 6 1099
d 6 1100
d 6 1101
d 6 1102
d 6 1103
d 6 1104
d 6 1105
d 6 1106
d 6 1107
d 6 1108
d 6 1109
d 6 1110
d 6 1111
d 6 1112
d 6 1113
d 6 1114
d 6 1115
d 6 1116
d 6 1117
d 6 1118
d 6 1119
d 6 1120
d 6 1121
d 6 1122
d 6 1123
d 6 1124
d 6 1125
d 6 1126
d 6 1127
d 6 1128
d 6 1129
d 6 1130
d 6 1131
d 6 1132
d 6 1133
d 6 1134
d 6 1135
d 6 1136
d 6 1137
d 6 1138
d 6 1139
d 6 1140
d 6 1141
d 6 1142
d 6 1143
d 6 1144
d 6 1145
d 6 1146
d 6 1147
d 6 1148
d 6 1149
d 6 1150
d 6 1151
d 6 1152
d 6 1153
d 6 1154
d 6 1155
d 6 1156
d 6 1157
d 6 1158
d 6 1159
d 6 1160
d 6 1161
d 6 1162
d 6 1163
d 6 1164
d 6 1165
d 6 1166
d 6 1167
d 6 1168
d 6 1169
d 6 1170
d 6 1171
d 6 1172
d 6 1173
d 6 1174
b 1632
b 1633
b 1634
b 1635
b 1636
b 1637
b 1638
b 1639
b 1640
b 1641
b 1642
b 1643
b 1644
b 1645
b 1646
d 9 504
d 9 505
d 9 506
d 9 507
d 9 508
d 9 509
d 9 510
d 9 511
d 9 512
d 9 513
d 9 514
d 9 515
d 9 516
d 9 517
d 9 518
d 9 519
d 9 520
d 9 521
d 9 522
d 9 523
d 9 524
d 9 525
d 9 526
d 9 527
d 9 528
d 9 529
d 9 530
d 4 1250
d 4 1251
d 4 1252
d 4 1253
d 8 678
d 8 679
d 8 680
d 8 681
d 8 682
d 8 683
d 8 684
d 8 685
d 8 686
d 8 687
d 8 688
d 8 689
d 8 690
d 8 691
d 8 692
d 8 693
d 8 694
d 8 695
d 8 696
d 8 697
d 8 698
d 8 699
d 8 700
d 8 701
d 8 702
d 8 703
d 8 704
d 8 705
d 8 706
d 8 707
d 8 708
d 8 709
d 8 710
d 8 711
d 8 712
d 8 713
d 8 714
d 8 715
d 8 716
d 8 717
d 8 718
d 8 719
d 8 720
d 8 721
d 8 722
d 8 723
d 8 724
d 8 725
d 8 726
d 8 727
d 8 728
d 8 729
d 8 730
d 8 731
d 8 732
d 8 733
d 8 734
d 8 735
d 8 736
d 8 737
d 8 738
d 8 739
d 8 740
d 8 741
d 8 742
d 8 743
d 8 744
d 8 745
d 8 746
d 8 747
d 8 748
d 8 749
d 8 750
d 8 751
d 8 752
d 8 753
d 8 754
d 8 755
d 8 756
d 8 757
d 8 758
d 8 759
d 8 760
d 8 761
d 8 762
d 8 763
d 8 764
d 8 765
d 8 766
d 8 767
b 1647
b 1648
b 1649
b 1650
b 1651
b 1652
b 1653
b 1654
b 1655
b 1656
b 1657
b 1658
b 1659
b 1660
b 1661
b 1662
b 1663
b 1664
b 1665
b 1666
b 1667
d 1 1565
d 1 1566
d 1 1567
d 1 1568
d 1 1569
d 1 1570
d 1 1571
d 1 1572
d 1 1573
d 1 1574
d 1 1575
d 1 1576
d 1 1577
d 1 1578
d 1 1579
d 1 1580
d 1 1581
d 1 1582
d 1 1583
d 1 1584
d 1 1585
d 1 1586
d 1 1587
d 1 1588
d 1 1589
d 1 1590
d 1 1591
d 1 1592
d 1 1593
d 1 1594
d 1 1595
d 1 1596
d 1 1597
d 1 1598
d 1 1599
d 1 1600
d 1 1601
d 1 1602
d 1 1603
d 1 1604
d 1 1605
d 1 1606
d 1 1607
d 1 1608
d 1 1609
d 1 1610
d 1 1611
d 1 1612
d 1 1613
d 1 1614
d 1 1615
d 1 1616
d 1 1617
d 1 1618
d 1 1619
d 1 1620
d 1 1621
d 1 1622
b 1668
b 1669
b 1670
b 1671
b 1672
b 1673
b 1674
b 1675
b 1676
b 1677
b 1678
b 1679
b 1680
b 1681
b 1682
b 1683
b 1684
b 1685
b 1686
b 1687
b 1688
b 1689
b 1690
b 1691
b 1692
b 1693
b 1694
b 1695
b 1696
b 1697
b 1698
b 1699
b 1700
b 1701
d 9 531
d 9 532
d 9 533
d 9 534
d 9 535
d 9 536
d 9 537
d 9 538
d 9 539
d 9 540
d 9 541
d 9 542
d 9 543
d 9 544
b 1702
b 1703
b 1704
b 1705
b 1706
b 1707
b 1708
b 1709
b 1710
b 1711
b 1712
b 1713
b 1714
b 1715
b 1716
b 1717
b 1718
b 1719
b 1720
b 1721
b 1722
b 1723
b 1724
b 1725
b 1726
b 1727
b 1728
b 1729
b 1730
b 1731
b 1732
b 1733
b 1734
b 1735
b 1736
d 8 768
d 8 769
d 8 770
d 8 771
d 8 772
d 8 773
d 8 774
d 8 775
d 8 776
d 8 777
d 8 778
d 8 779
d 8 780
d 8 781
d 8 782
d 8 783
d 8 784
d 8 785
d 8 786
d 8 787
d 8 788
d 8 789
d 8 790
d 8 791
d 8 792
d 8 793
d 8 794
d 8 795
d 8 796
d 8 797
d 8 798
d 8 799
d 8 800
d 8 801
d 8 802
d 8 803
d 8 804
d 8 805
d 8 806
d 8 807
d 8 808
d 5 1034
d 5 1035
d 5 1036
d 5 1037
d 5 1038
d 5 1039
d 5 1040
d 5 1041
d 5 1042
d 5 1043
d 5 1044
d 5 1045
d 5 1046
d 5 1047
d 5 1048
d 5 1049
d 5 1050
d 5 1051
d 5 1052
d 5 1053
d 5 1054
d 5 1055
d 5 1056
d 5 1057
d 5 1058
d 5 1059
d 5 1060
d 5 1061
d 5 1062
d 5 1063
d 5 1064
d 5 1065
d 5 1066
d 5 1067
d 5 1068
d 5 1069
d 5 1070
d 5 1071
d 5 1072
d 5 1073
d 5 1074
d 5 1075
d 5 1076
d 5 1077
d 5 1078
d 5 1079
d 5 1080
d 5 1081
d 5 1082
d 5 1083
d 5 1084
d 5 1085
d 5 1086
d 5 1087
d 5 1088
d 5 1089
d 5 1090
d 5 1091
d 5 1092
d 5 1093
d 5 1094
d 5 1095
d 5 1096
d 5 1097
d 5 1098
d 5 1099
d 5 1100
d 5 1101
d 5 1102
d 5 1103
d 5 1104
d 5 1105
d 5 1106
d 5 1107
d 5 1108
d 5 1109
d 5 1110
d 5 1111
d 5 1112
d 5 1113
d 5 1114
d 5 1115
d 5 1116
d 5 1117
d 5 1118
d 5 1119
d 5 1120
d 5 1121
d 5 1122
d 5 1123
d 5 1124
d 5 1125
d 5 1126
d 5 1127
d 5 1128
d 5 1129
d 5 1130
d 5 1131
d 5 1132
d 5 1133
d 5 1134
d 5 1135
d 5 1136
d 5 1137
d 5 1138
d 5 1139
d 5 1140
d 5 1141
d 5 1142
d 5 1143
d 5 1144
d 5 1145
d 5 1146
d 5 1147
d 5 1148
d 5 1149
d 5 1150
d 5 1151
d 5 1152
d 5 1153
d 5 1154
d 5 1155
d 5 1156
d 5 1157
d 5 1158
d 5 1159
d 5 1160
d 5 1161
d 5 1162
d 5 1163
d 5 1164
d 5 1165
d 5 1166
d 5 1167
d 5 1168
d 5 1169
d 5 1170
d 5 1171
d 5 1172
d 5 1173
d 5 1174
d 5 1175
d 5 1176
d 5 1177
d 5 1178
d 5 1179
d 5 1180
d 5 1181
d 5 1182
d 5 1183
d 5 1184
d 5 1185
d 5 1186
d 5 1187
d 5 1188
d 5 1189
d 5 1190
d 5 1191
d 5 1192
d 5 1193
d 5 1194
d 5 1195
d 5 1196
d 5 1197
d 5 1198
d 5 1199
d 5 1200
d 5 1201
d 5 1202
d 5 1203
d 5 1204
d 5 1205
d 5 1206
d 5 1207
d 5 1208
d 5 1209
d 5 1210
d 5 1211
d 5 1212
d 5 1213
d 5 1214
d 5 1215
d 5 1216
d 5 1217
d 5 1218
d 5 1219
d 5 1220
d 5 1221
d 5 1222
d 5 1223
d 5 1224
d 5 1225
d 5 1226
d 5 1227
d 5 1228
d 5 1229
d 5 1230
d 5 1231
d 5 1232
d 5 1233
d 5 1234
d 5 1235
d 5 1236
d 5 1237
d 5 1238
d 5 1239
d 5 1240
d 5 1241
d 5 1242
d 5 1243
d 5 1244
d 5 1245
d 5 1246
d 5 1247
d 5 1248
d 5 1249
d 5 1250
d 5 1251
d 1 1623
d 1 1624
d 1 1625
d 1 1626
d 1 1627
d 1 1628
d 1 1629
d 1 1630
d 1 1631
d 1 1632
d 1 1633
d 1 1634
d 1 1635
d 1 1636
d 1 1637
d 1 1638
d 1 1639
d 9 545
d 5 1252
d 5 1253
d 5 1254
d 5 1255
d 5 1256
d 5 1257
d 5 1258
d 5 1259
d 5 1260
d 5 1261
d 5 1262
d 5 1263
d 5 1264
d 5 1265
d 5 1266
d 5 1267
d 5 1268
d 5 1269
d 5 1270
d 5 1271
d 5 1272
d 5 1273
d 5 1274
d 5 1275
d 5 1276
d 5 1277
d 5 1278
d 5 1279
d 5 1280
d 5 1281
d 5 1282
d 5 1283
d 5 1284
d 5 1285
d 5 1286
d 5 1287
d 5 1288
d 5 1289
d 5 1290
d 5 1291
d 5 1292
d 5 1293
d 5 1294
d 5 1295
d 5 1296
d 5 1297
d 5 1298
d 5 1299
d 5 1300
d 5 1301
d 1 1640
d 1 1641
d 1 1642
d 1 1643
d 1 1644
d 1 1645
d 1 1646
d 4 1254
d 4 1255
d 4 1256
d 4 1257
d 4 1258
d 4 1259
d 4 1260
d 4 1261
d 4 1262
d 4 1263
d 4 1264
d 4 1265
d 4 1266
d 4 1267
d 4 1268
d 4 1269
d 4 1270
d 4 1271
d 4 1272
d 4 1273
d 4 1274
d 4 1275
d 4 1276
d 4 1277
d 4 1278
d 4 1279
d 4 1280
d 4 1281
d 4 1282
d 4 1283
d 4 1284
d 4 1285
d 4 1286
d 4 1287
d 4 1288
d 4 1289
d 4 1290
d 4 1291
d 4 1292
d 4 1293
d 4 1294
d 4 1295
d 4 1296
d 4 1297
d 4 1298
d 4 1299
d 4 1300
d 4 1301
d 4 1302
d 4 1303
d 4 1304
d 4 1305
d 4 1306
d 4 1307
d 4 1308
d 4 1309
d 4 1310
d 4 1311
d 4 1312
d 4 1313
d 4 1314
d 4 1315
d 4 1316
d 4 1317
d 4 1318
d 4 1319
d 4 1320
d 4 1321
d 4 1322
d 4 1323
d 4 1324
d 4 1325
d 4 1326
d 4 1327
d 4 1328
d 4 1329
d 4 1330
d 4 1331
d 4 1332
d 4 1333
d 4 1334
d 4 1335
d 4 1336
d 4 1337
d 4 1338
d 4 1339
d 4 1340
d 4 1341
d 4 1342
d 4 1343
d 4 1344
d 4 1345
d 4 1346
d 4 1347
d 4 1348
d 4 1349
d 4 1350
d 4 1351
d 4 1352
d 4 1353
d 4 1354
d 4 1355
d 4 1356
d 4 1357
d 4 1358
d 4 1359
d 4 1360
d 4 1361
d 4 1362
d 4 1363
d 4 1364
d 4 1365
d 4 1366
d 4 1367
d 4 1368
d 4 1369
d 4 1370
d 4 1371
d 4 1372
d 4 1373
d 4 1374
d 4 1375
d 4 1376
d 4 1377
d 4 1378
d 4 1379
d 4 1380
d 4 1381
d 4 1382
d 4 1383
d 4 1384
d 4 1385
d 4 1386
d 4 1387
d 4 1388
d 4 1389
d 4 1390
d 4 1391
d 4 1392
d 4 1393
d 4 1394
d 4 1395
d 4 1396
d 4 1397
d 4 1398
d 4 1399
d 4 1400
d 4 1401
d 4 1402
d 4 1403
d 4 1404
d 4 1405
d 4 1406
d 4 1407
d 4 1408
d 4 1409
d 4 1410
d 4 1411
d 4 1412
d 4 1413
d 4 1414
d 4 1415
d 4 1416
d 4 1417
d 4 1418
d 4 1419
d 4 1420
d 4 1421
d 4 1422
d 4 1423
d 4 1424
d 4 1425
d 4 1426
d 4 1427
d 4 1428
d 4 1429
d 4 1430
d 4 1431
d 4 1432
d 4 1433
d 4 1434
d 4 1435
d 4 1436
d 4 1437
d 4 1438
d 4 1439
d 4 1440
d 4 1441
d 4 1442
d 4 1443
d 4 1444
d 4 1445
d 4 1446
d 4 1447
d 4 1448
d 4 1449
d 4 1450
d 4 1451
d 4 1452
d 4 1453
d 4 1454
d 4 1455
d 4 1456
d 4 1457
d 4 1458
d 4 1459
d 4 1460
d 4 1461
d 4 1462
b 1737
b 1738
b 1739
b 1740
d 6 1175
d 6 1176
d 6 1177
d 6 1178
d 6 1179
d 6 1180
d 6 1181
d 6 1182
d 6 1183
d 6 1184
d 6 1185
d 6 1186
d 6 1187
d 6 1188
d 6 1189
d 6 1190
d 6 1191
d 6 1192
d 6 1193
d 6 1194
d 6 1195
d 6 1196
d 6 1197
d 6 1198
d 6 1199
d 6 1200
d 6 1201
d 6 1202
d 6 1203
d 6 1204
d 6 1205
d 6 1206
d 6 1207
d 6 1208
d 6 1209
d 6 1210
d 6 1211
d 6 1212
d 6 1213
d 6 1214
d 6 1215
d 6 1216
d 6 1217
d 6 1218
d 6 1219
d 6 1220
d 6 1221
d 6 1222
d 6 1223
d 6 1224
d 6 1225
d 6 1226
d 6 1227
d 6 1228
d 6 1229
d 6 1230
d 6 1231
d 6 1232
d 6 1233
d 6 1234
d 6 1235
d 6 1236
d 6 1237
d 6 1238
d 6 1239
d 6 1240
d 6 1241
d 6 1242
d 6 1243
d 6 1244
d 6 1245
d 6 1246
d 6 1247
d 6 1248
d 6 1249
d 6 1250
d 6 1251
d 6 1252
d 6 1253
d 6 1254
d 6 1255
d 6 1256
d 6 1257
d 6 1258
d 6 1259
d 6 1260
d 6 1261
d 6 1262
d 6 1263
d 6 1264
d 6 1265
d 6 1266
d 6 1267
d 6 1268
d 6 1269
d 6 1270
d 6 1271
d 6 1272
d 6 1273
d 6 1274
d 6 1275
d 6 1276
d 6 1277
d 6 1278
d 6 1279
d 6 1280
d 6 1281
d 6 1282
d 6 1283
d 6 1284
d 6 1285
d 6 1286
d 6 1287
d 6 1288
d 6 1289
d 6 1290
d 6 1291
d 6 1292
d 6 1293
d 6 1294
d 6 1295
d 6 1296
d 6 1297
d 6 1298
d 6 1299
d 6 1300
d 6 1301
d 6 1302
d 6 1303
d 6 1304
d 6 1305
d 6 1306
d 6 1307
d 6 1308
d 6 1309
d 6 1310
d 6 1311
d 6 1312
d 6 1313
d 6 1314
d 6 1315
d 6 1316
d 6 1317
d 6 1318
d 6 1319
d 6 1320
d 6 1321
d 6 1322
d 6 1323
d 6 1324
d 6 1325
d 6 1326
d 6 1327
d 6 1328
d 6 1329
d 6 1330
d 6 1331
d 6 1332
d 6 1333
d 6 1334
d 6 1335
d 6 1336
d 6 1337
d 6 1338
d 6 1339
d 6 1340
d 6 1341
d 6 1342
d 6 1343
d 6 1344
d 6 1345
d 6 1346
d 6 1347
d 6 1348
d 6 1349
d 6 1350
d 6 1351
d 6 1352
d 6 1353
d 6 1354
d 6 1355
d 6 1356
d 6 1357
d 6 1358
d 6 1359
d 6 1360
d 6 1361
d 6 1362
d 6 1363
d 6 1364
d 6 1365
d 6 1366
d 6 1367
d 6 1368
d 6 1369
d 6 1370
d 6 1371
d 6 1372
d 6 1373
d 6 1374
d 6 1375
d 6 1376
d 6 1377
d 6 1378
d 6 1379
d 6 1380
d 6 1381
d 6 1382
d 6 1383
d 6 1384
d 4 1463
d 4 1464
d 4 1465
d 4 1466
d 4 1467
d 4 1468
d 4 1469
d 4 1470
d 4 1471
d 4 1472
d 4 1473
d 4 1474
d 4 1475
d 4 1476
d 4 1477
d 4 1478
d 4 1479
d 4 1480
d 4 1481
d 4 1482
d 4 1483
d 4 1484
d 4 1485
d 4 1486
d 4 1487
d 4 1488
d 4 1489
d 4 1490
d 4 1491
d 4 1492
d 4 1493
d 4 1494
d 4 1495
d 4 1496
d 4 1497
d 4 1498
d 4 1499
d 4 1500
d 4 1501
d 4 1502
d 4 1503
d 4 1504
d 4 1505
d 4 1506
d 4 1507
d 4 1508
d 4 1509
d 4 1510
b 1741
b 1742
b 1743
b 1744
b 1745
b 1746
b 1747
b 1748
b 1749
b 1750
b 1751
b 1752
b 1753
b 1754
b 1755
b 1756
b 1757
b 1758
b 1759
b 1760
b 1761
b 1762
b 1763
b 1764
b 1765
b 1766
b 1767
b 1768
b 1769
b 1770
b 1771
b 1772
b 1773
b 1774
b 1775
b 1776
b 1777
b 1778
b 1779
b 1780
b 1781
b 1782
b 1783
b 1784
b 1785
b 1786
b 1787
b 1788
d 4 1511
d 4 1512
d 4 1513
d 4 1514
d 4 1515
d 4 1516
d 4 1517
d 4 1518
d 4 1519
d 4 1520
d 4 1521
d 4 1522
d 4 1523
d 4 1524
d 4 1525
d 4 1526
d 4 1527
d 4 1528
d 4 1529
d 4 1530
d 4 1531
d 4 1532
d 4 1533
d 4 1534
d 4 1535
d 4 1536
d 4 1537
d 4 1538
d 4 1539
d 4 1540
d 4 1541
d 4 1542
d 4 1543
d 4 1544
d 4 1545
d 4 1546
d 4 1547
d 4 1548
d 4 1549
d 4 1550
d 4 1551
d 4 1552
d 4 1553
d 4 1554
d 4 1555
d 4 1556
d 4 1557
d 4 1558
d 4 1559
d 4 1560
d 4 1561
d 4 1562
d 4 1563
d 4 1564
d 4 1565
d 4 1566
d 4 1567
d 4 1568
d 4 1569
b 1789
b 1790
b 1791
b 1792
b 1793
b 1794
b 1795
b 1796
b 1797
d 1 1647
d 1 1648
d 1 1649
d 1 1650
d 1 1651
d 1 1652
d 1 1653
d 1 1654
d 1 1655
d 1 1656
d 1 1657
d 1 1658
d 1 1659
d 1 1660
d 1 1661
d 4 1570
d 4 1571
d 4 1572
d 4 1573
d 4 1574
d 4 1575
d 4 1576
d 4 1577
d 4 1578
d 4 1579
d 4 1580
d 4 1581
d 4 1582
d 4 1583
d 4 1584
d 4 1585
d 4 1586
d 4 1587
d 4 1588
d 4 1589
d 4 1590
d 4 1591
d 4 1592
d 4 1593
d 4 1594
d 4 1595
d 4 1596
d 4 1597
d 6 1385
d 6 1386
b 1798
b 1799
b 1800
b 1801
b 1802
b 1803
b 1804
b 1805
b 1806
b 1807
b 1808
b 1809
b 1810
b 1811
b 1812
b 1813
b 1814
b 1815
b 1816
b 1817
b 1818
b 1819
b 1820
b 1821
b 1822
b 1823
b 1824
b 1825
b 1826
b 1827
b 1828
b 1829
b 1830
b 1831
b 1832
b 1833
b 1834
b 1835
b 1836
b 1837
b 1838
b 1839
b 1840
b 1841
b 1842
b 1843
b 1844
b 1845
b 1846
b 1847
b 1848
b 1849
b 1850
b 1851
b 1852
b 1853
b 1854
b 1855
b 1856
d 8 809
d 8 810
d 8 811
d 8 812
d 8 813
d 8 814
d 8 815
d 8 816
d 8 817
d 8 818
d 8 819
d 8 820
d 8 821
d 8 822
d 8 823
d 8 824
d 8 825
d 8 826
d 8 827
d 8 828
d 8 829
d 8 830
d 8 831
d 8 832
d 8 833
d 8 834
d 8 835
d 4 1598
d 4 1599
d 1 1662
b 1857
b 1858
b 1859
b 1860
b 1861
b 1862
b 1863
b 1864
b 1865
b 1866
b 1867
b 1868
b 1869
b 1870
b 1871
b 1872
b 1873
b 1874
b 1875
b 1876
b 1877
b 1878
b 1879
b 1880
b 1881
b 1882
b 1883
b 1884
b 1885
b 1886
b 1887
b 1888
b 1889
b 1890
b 1891
b 1892
b 1893
b 1894
b 1895
b 1896
b 1897
b 1898
b 1899
b 1900
b 1901
b 1902
b 1903
b 1904
b 1905
b 1906
b 1907
b 1908
b 1909
b 1910
b 1911
b 1912
b 1913
b 1914
b 1915
b 1916
b 1917
b 1918
b 1919
b 1920
b 1921
b 1922
b 1923
b 1924
b 1925
b 1926
b 1927
d 5 1302
d 5 1303
d 5 1304
d 5 1305
d 5 1306
d 5 1307
d 5 1308
d 5 1309
d 5 1310
d 5 1311
d 5 1312
d 5 1313
d 5 1314
d 5 1315
d 5 1316
d 5 1317
d 5 1318
d 5 1319
d 5 1320
d 5 1321
d 5 1322
d 5 1323
d 5 1324
d 5 1325
d 5 1326
d 5 1327
d 5 1328
d 5 1329
d 5 1330
d 5 1331
d 5 1332
d 5 1333
d 5 1334
d 5 1335
d 5 1336
d 5 1337
d 5 1338
d 5 1339
d 5 1340
d 5 1341
d 5 1342
d 5 1343
d 5 1344
d 5 1345
d 5 1346
d 5 1347
d 5 1348
d 5 1349
d 5 1350
d 5 1351
d 5 1352
d 5 1353
d 5 1354
d 5 1355
d 5 1356
d 5 1357
d 5 1358
d 5 1359
d 5 1360
d 5 1361
d 5 1362
d 5 1363
d 5 1364
d 5 1365
d 5 1366
d 5 1367
d 5 1368
d 5 1369
d 5 1370
d 5 1371
d 5 1372
d 5 1373
d 5 1374
d 5 1375
d 5 1376
d 5 1377
d 5 1378
d 5 1379
d 5 1380
d 5 1381
d 5 1382
d 5 1383
d 5 1384
d 5 1385
d 5 1386
d 5 1387
d 5 1388
d 5 1389
d 5 1390
d 5 1391
d 5 1392
d 5 1393
d 5 1394
d 5 1395
d 5 1396
d 5 1397
d 5 1398
d 5 1399
d 5 1400
d 5 1401
d 5 1402
d 5 1403
d 5 1404
d 5 1405
d 5 1406
d 5 1407
d 5 1408
d 5 1409
d 5 1410
d 5 1411
d 5 1412
d 5 1413
d 5 1414
d 5 1415
d 5 1416
d 5 1417
d 5 1418
d 5 1419
d 5 1420
d 5 1421
d 5 1422
d 5 1423
d 5 1424
d 5 1425
d 5 1426
d 5 1427
d 5 1428
d 5 1429
d 5 1430
d 5 1431
d 5 1432
d 5 1433
d 5 1434
d 5 1435
d 5 1436
d 5 1437
d 5 1438
d 5 1439
d 5 1440
d 5 1441
d 7 920
d 7 921
d 7 922
d 7 923
d 7 924
d 7 925
d 7 926
d 7 927
d 7 928
d 7 929
d 7 930
d 7 931
d 7 932
d 7 933
d 7 934
d 7 935
d 7 936
d 7 937
d 7 938
d 7 939
d 7 940
d 7 941
d 7 942
d 7 943
d 7 944
d 7 945
d 7 946
d 7 947
d 7 948
d 7 949
d 7 950
d 7 951
d 7 952
d 7 953
d 7 954
d 7 955
d 7 956
d 7 957
d 7 958
d 7 959
d 7 960
d 7 961
d 7 962
d 7 963
d 7 964
d 7 965
d 7 966
d 7 967
d 7 968
d 7 969
d 7 970
d 7 971
d 7 972
d 7 973
d 7 974
d 7 975
d 7 976
d 7 977
d 7 978
d 7 979
d 7 980
d 7 981
d 7 982
d 7 983
d 7 984
d 7 985
d 7 986
d 7 987
d 7 988
d 7 989
d 7 990
d 7 991
d 7 992
d 7 993
d 7 994
d 7 995
d 7 996
d 7 997
d 7 998
d 7 999
d 7 1000
d 7 1001
d 7 1002
d 7 1003
d 7 1004
d 7 1005
d 7 1006
d 7 1007
d 7 1008
d 7 1009
d 7 1010
d 7 1011
d 7 1012
d 7 1013
d 7 1014
d 7 1015
d 7 1016
d 7 1017
d 7 1018
d 7 1019
d 7 1020
d 7 1021
d 9 546
d 9 547
d 9 548
d 9 549
d 9 550
d 9 551
d 9 552
d 9 553
d 9 554
d 9 555
d 9 556
d 9 557
d 1 1663
d 1 1664
d 1 1665
d 1 1666
d 7 1022
d 7 1023
d 7 1024
d 7 1025
d 7 1026
d 7 1027
d 7 1028
d 7 1029
d 7 1030
d 7 1031
d 7 1032
d 7 1033
d 7 1034
d 7 1035
d 7 1036
d 7 1037
d 7 1038
d 7 1039
d 7 1040
d 7 1041
d 7 1042
d 7 1043
d 7 1044
d 7 1045
d 7 1046
d 7 1047
d 7 1048
d 7 1049
d 7 1050
d 7 1051
d 7 1052
d 7 1053
d 7 1054
d 7 1055
d 7 1056
d 7 1057
d 7 1058
d 7 1059
d 7 1060
d 7 1061
d 7 1062
d 7 1063
d 9 558
d 9 559
d 9 560
d 4 1600
d 4 1601
d 4 1602
d 4 1603
d 4 1604
d 4 1605
d 4 1606
d 4 1607
d 4 1608
d 4 1609
d 4 1610
d 4 1611
d 4 1612
d 4 1613
d 4 1614
d 4 1615
d 4 1616
d 4 1617
d 4 1618
d 4 1619
d 4 1620
d 4 1621
d 4 1622
d 4 1623
d 4 1624
d 4 1625
d 4 1626
d 4 1627
d 4 1628
d 4 1629
d 4 1630
d 4 1631
d 4 1632
d 4 1633
d 4 1634
d 4 1635
d 4 1636
d 4 1637
d 4 1638
d 4 1639
d 4 1640
d 4 1641
d 4 1642
d 4 1643
d 4 1644
d 4 1645
d 4 1646
d 4 1647
d 4 1648
d 4 1649
d 4 1650
d 8 836
d 8 837
d 8 838
d 8 839
d 8 840
d 8 841
d 8 842
d 8 843
d 8 844
d 8 845
d 8 846
d 8 847
d 8 848
d 8 849
d 8 850
d 8 851
d 8 852
d 8 853
d 8 854
d 8 855
d 8 856
d 8 857
d 8 858
d 8 859
d 8 860
d 8 861
d 8 862
d 8 863
d 8 864
d 8 865
d 8 866
d 8 867
d 8 868
d 8 869
d 8 870
d 8 871
d 8 872
d 8 873
d 8 874
d 8 875
d 8 876
d 8 877
d 8 878
d 8 879
d 8 880
d 8 881
d 8 882
d 8 883
d 8 884
d 8 885
d 8 886
d 8 887
d 8 888
d 8 889
d 8 890
d 8 891
d 8 892
d 8 893
d 8 894
d 8 895
d 8 896
d 8 897
d 8 898
d 8 899
d 8 900
d 8 901
d 8 902
d 8 903
d 8 904
d 8 905
d 8 906
d 8 907
d 8 908
d 8 909
d 8 910
d 8 911
d 8 912
d 8 913
d 8 914
d 8 915
d 8 916
d 8 917
d 8 918
d 8 919
d 8 920
d 8 921
d 8 922
d 8 923
d 8 924
d 8 925
d 8 926
d 8 927
d 8 928
d 8 929
d 8 930
d 4 1651
d 4 1652
d 4 1653
d 4 1654
d 4 1655
d 4 1656
d 4 1657
d 4 1658
d 4 1659
d 4 1660
d 4 1661
d 4 1662
d 4 1663
d 4 1664
d 4 1665
d 4 1666
d 4 1667
d 4 1668
d 6 1387
d 6 1388
d 6 1389
d 6 1390
d 6 1391
d 6 1392
d 6 1393
d 6 1394
d 6 1395
d 6 1396
d 6 1397
d 6 1398
d 6 1399
d 6 1400
d 6 1401
d 6 1402
d 6 1403
d 6 1404
d 6 1405
d 6 1406
d 6 1407
d 6 1408
d 6 1409
d 6 1410
d 6 1411
d 6 1412
d 6 1413
d 6 1414
d 6 1415
d 6 1416
d 6 1417
d 6 1418
d 6 1419
d 6 1420
d 6 1421
d 6 1422
d 6 1423
d 6 1424
d 6 1425
d 6 1426
d 6 1427
d 6 1428
d 6 1429
d 6 1430
d 6 1431
d 6 1432
d 6 1433
d 6 1434
d 6 1435
d 6 1436
d 6 1437
d 6 1438
d 6 1439
d 6 1440
d 6 1441
d 6 1442
d 6 1443
d 6 1444
d 6 1445
d 6 1446
d 6 1447
d 6 1448
d 6 1449
d 6 1450
d 6 1451
d 6 1452
d 6 1453
d 6 1454
d 6 1455
d 6 1456
d 6 1457
d 6 1458
d 6 1459
d 6 1460
d 6 1461
d 6 1462
d 6 1463
d 6 1464
d 6 1465
d 6 1466
d 6 1467
d 6 1468
d 6 1469
d 6 1470
d 6 1471
d 6 1472
d 6 1473
d 6 1474
d 6 1475
d 6 1476
d 6 1477
d 6 1478
d 6 1479
d 6 1480
d 6 1481
d 6 1482
d 6 1483
d 6 1484
d 6 1485
d 6 1486
d 6 1487
d 6 1488
d 6 1489
d 6 1490
d 6 1491
d 6 1492
d 6 1493
d 6 1494
d 6 1495
d 6 1496
d 6 1497
d 6 1498
d 6 1499
d 6 1500
d 6 1501
d 6 1502
d 6 1503
d 6 1504
d 6 1505
d 6 1506
d 6 1507
d 6 1508
d 6 1509
d 6 1510
d 6 1511
d 6 1512
d 6 1513
d 6 1514
d 6 1515
d 6 1516
d 6 1517
d 6 1518
d 6 1519
d 6 1520
d 6 1521
d 6 1522
d 6 1523
d 6 1524
d 6 1525
d 6 1526
d 6 1527
d 6 1528
d 6 1529
d 6 1530
d 6 1531
d 6 1532
d 6 1533
d 6 1534
d 6 1535
d 6 1536
d 6 1537
d 6 1538
d 6 1539
d 6 1540
d 6 1541
d 6 1542
d 6 1543
d 6 1544
d 6 1545
d 6 1546
d 6 1547
d 6 1548
d 6 1549
d 6 1550
d 6 1551
d 6 1552
d 6 1553
d 4 1669
b 1928
b 1929
b 1930
b 1931
b 1932
b 1933
b 1934
b 1935
b 1936
b 1937
b 1938
b 1939
b 1940
b 1941
b 1942
b 1943
b 1944
b 1945
b 1946
b 1947
b 1948
b 1949
b 1950
b 1951
b 1952
b 1953
b 1954
b 1955
b 1956
b 1957
b 1958
b 1959
b 1960
b 1961
b 1962
b 1963
b 1964
b 1965
b 1966
b 1967
b 1968
b 1969
b 1970
b 1971
b 1972
b 1973
b 1974
b 1975
b 1976
b 1977
b 1978
b 1979
b 1980
b 1981
b 1982
b 1983
b 1984
b 1985
b 1986
b 1987
b 1988
b 1989
b 1990
b 1991
b 1992
b 1993
b 1994
b 1995
b 1996
b 1997
b 1998
b 1999
b 2000
b 2001
b 2002
b 2003
b 2004
b 2005
b 2006
b 2007
b 2008
b 2009
b 2010
b 2011
b 2012
b 2013
b 2014
b 2015
b 2016
b 2017
b 2018
d 4 1670
d 4 1671
d 4 1672
d 4 1673
d 4 1674
d 4 1675
d 4 1676
d 4 1677
d 4 1678
d 4 1679
d 4 1680
d 4 1681
d 4 1682
d 4 1683
d 4 1684
d 4 1685
d 4 1686
d 4 1687
d 4 1688
d 4 1689
d 4 1690
d 4 1691
d 4 1692
d 4 1693
d 4 1694
d 4 1695
d 4 1696
d 4 1697
d 8 931
d 8 932
d 8 933
d 8 934
d 8 935
d 8 936
d 8 937
d 8 938
d 8 939
d 8 940
d 8 941
d 8 942
d 8 943
d 8 944
d 8 945
d 8 946
d 8 947
d 8 948
d 8 949
d 8 950
d 8 951
d 8 952
d 8 953
d 8 954
d 8 955
d 8 956
d 8 957
d 8 958
d 8 959
d 8 960
d 8 961
d 8 962
d 1 1667
d 1 1668
d 1 1669
d 1 1670
d 1 1671
d 1 1672
d 1 1673
d 1 1674
d 1 1675
d 1 1676
d 1 1677
d 1 1678
d 1 1679
d 1 1680
d 1 1681
d 1 1682
d 1 1683
d 1 1684
d 1 1685
d 1 1686
d 1 1687
d 1 1688
d 1 1689
d 1 1690
d 1 1691
d 1 1692
d 1 1693
d 1 1694
d 1 1695
d 1 1696
d 1 1697
d 1 1698
d 1 1699
d 1 1700
d 1 1701
d 1 1702
d 1 1703
d 1 1704
d 1 1705
d 1 1706
d 1 1707
d 1 1708
d 1 1709
d 1 1710
d 1 1711
d 1 1712
d 1 1713
d 1 1714
d 1 1715
d 1 1716
d 1 1717
d 1 1718
d 1 1719
d 1 1720
d 1 1721
d 1 1722
d 1 1723
d 1 1724
d 1 1725
d 1 1726
d 1 1727
d 1 1728
d 1 1729
d 1 1730
d 1 1731
d 1 1732
d 1 1733
d 1 1734
d 1 1735
d 1 1736
d 1 1737
d 1 1738
d 1 1739
d 1 1740
d 1 1741
d 1 1742
d 1 1743
d 1 1744
d 1 1745
d 1 1746
d 1 1747
d 1 1748
d 1 1749
d 1 1750
d 1 1751
d 1 1752
d 1 1753
d 1 1754
d 1 1755
d 1 1756
d 1 1757
d 1 1758
d 1 1759
d 1 1760
d 1 1761
d 1 1762
d 1 1763
d 1 1764
d 1 1765
d 1 1766
d 1 1767
d 1 1768
d 1 1769
d 1 1770
d 1 1771
d 1 1772
d 1 1773
d 1 1774
d 1 1775
d 1 1776
d 1 1777
d 1 1778
d 1 1779
d 1 1780
d 1 1781
d 1 1782
d 1 1783
d 1 1784
d 1 1785
b 2019
b 2020
b 2021
b 2022
b 2023
b 2024
b 2025
b 2026
b 2027
b 2028
b 2029
b 2030
b 2031
b 2032
b 2033
b 2034
b 2035
b 2036
b 2037
b 2038
d 4 1698
d 4 1699
d 4 1700
d 4 1701
d 4 1702
d 4 1703
d 4 1704
d 4 1705
b 2039
b 2040
b 2041
b 2042
b 2043
b 2044
b 2045
b 2046
b 2047
b 2048
b 2049
b 2050
b 2051
b 2052
b 2053
b 2054
b 2055
b 2056
b 2057
b 2058
b 2059
b 2060
b 2061
b 2062
b 2063
b 2064
b 2065
b 2066
b 2067
b 2068
b 2069
b 2070
d 6 1554
d 6 1555
d 6 1556
d 6 1557
d 6 1558
d 6 1559
d 6 1560
d 6 1561
d 6 1562
d 6 1563
d 6 1564
d 6 1565
d 6 1566
d 6 1567
d 6 1568
d 6 1569
d 6 1570
d 6 1571
d 6 1572
d 6 1573
d 6 1574
d 6 1575
d 6 1576
d 6 1577
d 6 1578
d 6 1579
d 6 1580
d 6 1581
d 6 1582
d 6 1583
d 6 1584
d 6 1585
d 6 1586
d 6 1587
d 6 1588
d 6 1589
d 6 1590
d 6 1591
d 6 1592
d 6 1593
d 6 1594
d 6 1595
d 6 1596
d 6 1597
d 6 1598
d 6 1599
d 6 1600
d 6 1601
d 6 1602
d 6 1603
d 6 1604
d 6 1605
d 6 1606
d 6 1607
d 6 1608
d 6 1609
d 6 1610
d 6 1611
d 6 1612
d 6 1613
d 6 1614
d 6 1615
d 6 1616
d 6 1617
d 6 1618
d 6 1619
d 6 1620
d 6 1621
d 6 1622
d 6 1623
d 6 1624
d 6 1625
d 6 1626
d 6 1627
d 6 1628
d 6 1629
d 6 1630
d 6 1631
d 6 1632
d 6 1633
d 6 1634
d 6 1635
d 6 1636
d 6 1637
d 6 1638
d 6 1639
d 6 1640
d 6 1641
d 6 1642
d 6 1643
d 6 1644
d 6 1645
d 6 1646
d 6 1647
d 6 1648
d 6 1649
d 6 1650
d 6 1651
d 6 1652
d 6 1653
d 6 1654
d 6 1655
d 6 1656
d 6 1657
d 6 1658
d 6 1659
d 6 1660
d 6 1661
d 6 1662
d 6 1663
d 6 1664
d 6 1665
d 6 1666
d 6 1667
d 6 1668
d 6 1669
d 6 1670
d 6 1671
d 7 1064
